2025-08-09 01:25:59 | INFO | utils.config_parser:load_config:24 | 加载配置文件成功: E:\code_project\cc_p\auto_case\config\config.yaml
2025-08-09 01:25:59 | INFO | utils.config_parser:load_env_config:48 | 加载环境配置成功: dev
2025-08-09 01:25:59 | INFO | __main__:main:256 | ============================================================
2025-08-09 01:25:59 | INFO | __main__:main:257 | 自动化测试框架启动
2025-08-09 01:25:59 | INFO | __main__:main:258 | ============================================================
2025-08-09 01:25:59 | INFO | __main__:clean_reports:59 | 清理历史测试报告...
2025-08-09 01:25:59 | DEBUG | utils.file_helper:remove_directory:350 | 删除目录成功: E:\code_project\cc_p\auto_case\reports\allure-results
2025-08-09 01:25:59 | DEBUG | utils.file_helper:remove_directory:350 | 删除目录成功: E:\code_project\cc_p\auto_case\reports\allure-report
2025-08-09 01:25:59 | DEBUG | utils.file_helper:remove_directory:350 | 删除目录成功: E:\code_project\cc_p\auto_case\reports\html
2025-08-09 01:25:59 | INFO | __main__:clean_reports:75 | 历史报告清理完成
2025-08-09 01:25:59 | INFO | __main__:prepare_directories:92 | 目录准备完成
2025-08-09 01:25:59 | INFO | __main__:run_tests:168 | 执行测试命令: python -m pytest tests/test_api.py -m smoke --alluredir reports/allure-results --html reports/html/report.html --self-contained-html -v --tb=short
2025-08-09 01:26:00 | INFO | utils.config_parser:load_config:24 | 加载配置文件成功: E:\code_project\cc_p\auto_case\config\config.yaml
2025-08-09 01:26:00 | INFO | utils.config_parser:load_env_config:48 | 加载环境配置成功: dev
2025-08-09 01:26:00 | INFO | __main__:run_tests:175 | 测试输出:
2025-08-09 01:26:00 | INFO | utils.config_parser:load_config:24 | 加载配置文件成功: E:\code_project\cc_p\auto_case\config\config.yaml
2025-08-09 01:26:00 | INFO | utils.config_parser:load_env_config:48 | 加载环境配置成功: dev

2025-08-09 01:26:00 | ERROR | __main__:run_tests:177 | 测试错误:
D:\python\lib\site-packages\_pytest\config\__init__.py:331: PluggyTeardownRaisedWarning: A plugin raised an exception during an old-style hookwrapper teardown.
Plugin: helpconfig, Hook: pytest_cmdline_parse
PluginValidationError: Plugin 'E:\\code_project\\cc_p\\auto_case\\tests\\conftest.py' for hook 'pytest_runtest_call'
hookimpl definition: pytest_runtest_call(pyfuncitem)
Argument(s) {'pyfuncitem'} are declared in the hookimpl but can not be found in the hookspec
For more information see https://pluggy.readthedocs.io/en/stable/api_reference.html#pluggy.PluggyTeardownRaisedWarning
  config = pluginmanager.hook.pytest_cmdline_parse(
Traceback (most recent call last):
  File "D:\python\lib\runpy.py", line 196, in _run_module_as_main
    return _run_code(code, main_globals, None,
  File "D:\python\lib\runpy.py", line 86, in _run_code
    exec(code, run_globals)
  File "D:\python\lib\site-packages\pytest\__main__.py", line 5, in <module>
    raise SystemExit(pytest.console_main())
  File "D:\python\lib\site-packages\_pytest\config\__init__.py", line 192, in console_main
    code = main()
  File "D:\python\lib\site-packages\_pytest\config\__init__.py", line 150, in main
    config = _prepareconfig(args, plugins)
  File "D:\python\lib\site-packages\_pytest\config\__init__.py", line 331, in _prepareconfig
    config = pluginmanager.hook.pytest_cmdline_parse(
  File "D:\python\lib\site-packages\pluggy\_hooks.py", line 512, in __call__
    return self._hookexec(self.name, self._hookimpls.copy(), kwargs, firstresult)
  File "D:\python\lib\site-packages\pluggy\_manager.py", line 120, in _hookexec
    return self._inner_hookexec(hook_name, methods, kwargs, firstresult)
  File "D:\python\lib\site-packages\pluggy\_callers.py", line 167, in _multicall
    raise exception
  File "D:\python\lib\site-packages\pluggy\_callers.py", line 139, in _multicall
    teardown.throw(exception)
  File "D:\python\lib\site-packages\pluggy\_callers.py", line 43, in run_old_style_hookwrapper
    teardown.send(result)
  File "D:\python\lib\site-packages\_pytest\helpconfig.py", line 104, in pytest_cmdline_parse
    config: Config = outcome.get_result()
  File "D:\python\lib\site-packages\pluggy\_result.py", line 103, in get_result
    raise exc.with_traceback(tb)
  File "D:\python\lib\site-packages\pluggy\_callers.py", line 38, in run_old_style_hookwrapper
    res = yield
  File "D:\python\lib\site-packages\pluggy\_callers.py", line 121, in _multicall
    res = hook_impl.function(*args)
  File "D:\python\lib\site-packages\_pytest\config\__init__.py", line 1075, in pytest_cmdline_parse
    self.parse(args)
  File "D:\python\lib\site-packages\_pytest\config\__init__.py", line 1425, in parse
    self._preparse(args, addopts=addopts)
  File "D:\python\lib\site-packages\_pytest\config\__init__.py", line 1327, in _preparse
    self.hook.pytest_load_initial_conftests(
  File "D:\python\lib\site-packages\pluggy\_hooks.py", line 512, in __call__
    return self._hookexec(self.name, self._hookimpls.copy(), kwargs, firstresult)
  File "D:\python\lib\site-packages\pluggy\_manager.py", line 120, in _hookexec
    return self._inner_hookexec(hook_name, methods, kwargs, firstresult)
  File "D:\python\lib\site-packages\pluggy\_callers.py", line 167, in _multicall
    raise exception
  File "D:\python\lib\site-packages\pluggy\_callers.py", line 139, in _multicall
    teardown.throw(exception)
  File "D:\python\lib\site-packages\pluggy\_callers.py", line 53, in run_old_style_hookwrapper
    return result.get_result()
  File "D:\python\lib\site-packages\pluggy\_result.py", line 103, in get_result
    raise exc.with_traceback(tb)
  File "D:\python\lib\site-packages\pluggy\_callers.py", line 38, in run_old_style_hookwrapper
    res = yield
  File "D:\python\lib\site-packages\pluggy\_callers.py", line 139, in _multicall
    teardown.throw(exception)
  File "D:\python\lib\site-packages\pluggy\_callers.py", line 53, in run_old_style_hookwrapper
    return result.get_result()
  File "D:\python\lib\site-packages\pluggy\_result.py", line 103, in get_result
    raise exc.with_traceback(tb)
  File "D:\python\lib\site-packages\pluggy\_callers.py", line 38, in run_old_style_hookwrapper
    res = yield
  File "D:\python\lib\site-packages\pluggy\_callers.py", line 121, in _multicall
    res = hook_impl.function(*args)
  File "D:\python\lib\site-packages\_pytest\config\__init__.py", line 1153, in pytest_load_initial_conftests
    self.pluginmanager._set_initial_conftests(
  File "D:\python\lib\site-packages\_pytest\config\__init__.py", line 563, in _set_initial_conftests
    self._try_load_conftest(anchor, importmode, rootpath)
  File "D:\python\lib\site-packages\_pytest\config\__init__.py", line 580, in _try_load_conftest
    self._getconftestmodules(anchor, importmode, rootpath)
  File "D:\python\lib\site-packages\_pytest\config\__init__.py", line 609, in _getconftestmodules
    mod = self._importconftest(conftestpath, importmode, rootpath)
  File "D:\python\lib\site-packages\_pytest\config\__init__.py", line 657, in _importconftest
    self.consider_conftest(mod)
  File "D:\python\lib\site-packages\_pytest\config\__init__.py", line 739, in consider_conftest
    self.register(conftestmodule, name=conftestmodule.__file__)
  File "D:\python\lib\site-packages\_pytest\config\__init__.py", line 491, in register
    ret: Optional[str] = super().register(plugin, name)
  File "D:\python\lib\site-packages\pluggy\_manager.py", line 168, in register
    self._verify_hook(hook, hookimpl)
  File "D:\python\lib\site-packages\pluggy\_manager.py", line 343, in _verify_hook
    raise PluginValidationError(
pluggy._manager.PluginValidationError: Plugin 'E:\\code_project\\cc_p\\auto_case\\tests\\conftest.py' for hook 'pytest_runtest_call'
hookimpl definition: pytest_runtest_call(pyfuncitem)
Argument(s) {'pyfuncitem'} are declared in the hookimpl but can not be found in the hookspec

2025-08-09 01:26:00 | INFO | utils.config_parser:load_env_config:48 | 加载环境配置成功: dev
2025-08-09 01:26:00 | INFO | utils.config_parser:load_env_config:48 | 加载环境配置成功: dev
2025-08-09 01:26:00 | WARNING | utils.report_helper:generate_allure_report:30 | Allure结果目录为空，跳过报告生成
2025-08-09 01:26:00 | ERROR | __main__:main:273 | ============================================================
2025-08-09 01:26:00 | ERROR | __main__:main:274 | 测试执行完成 - 失败
2025-08-09 01:26:00 | ERROR | __main__:main:275 | ============================================================
2025-08-09 01:29:42 | INFO | utils.config_parser:load_config:24 | 加载配置文件成功: E:\code_project\cc_p\auto_case\config\config.yaml
2025-08-09 01:29:42 | INFO | utils.config_parser:load_env_config:48 | 加载环境配置成功: dev
2025-08-09 01:29:42 | INFO | __main__:main:256 | ============================================================
2025-08-09 01:29:42 | INFO | __main__:main:257 | 自动化测试框架启动
2025-08-09 01:29:42 | INFO | __main__:main:258 | ============================================================
2025-08-09 01:29:42 | INFO | __main__:clean_reports:59 | 清理历史测试报告...
2025-08-09 01:29:42 | DEBUG | utils.file_helper:remove_directory:350 | 删除目录成功: E:\code_project\cc_p\auto_case\reports\allure-results
2025-08-09 01:29:42 | DEBUG | utils.file_helper:remove_directory:350 | 删除目录成功: E:\code_project\cc_p\auto_case\reports\allure-report
2025-08-09 01:29:42 | DEBUG | utils.file_helper:remove_directory:350 | 删除目录成功: E:\code_project\cc_p\auto_case\reports\html
2025-08-09 01:29:42 | INFO | __main__:clean_reports:75 | 历史报告清理完成
2025-08-09 01:29:42 | INFO | __main__:prepare_directories:92 | 目录准备完成
2025-08-09 01:29:42 | INFO | __main__:run_tests:168 | 执行测试命令: python -m pytest tests/test_api.py -m smoke --alluredir reports/allure-results --html reports/html/report.html --self-contained-html -v --tb=short
2025-08-09 01:29:43 | INFO | utils.config_parser:load_config:24 | 加载配置文件成功: E:\code_project\cc_p\auto_case\config\config.yaml
2025-08-09 01:29:43 | INFO | utils.config_parser:load_env_config:48 | 加载环境配置成功: dev
2025-08-09 01:29:43 | INFO | __main__:run_tests:175 | 测试输出:
2025-08-09 01:29:43 | INFO | utils.config_parser:load_config:24 | 加载配置文件成功: E:\code_project\cc_p\auto_case\config\config.yaml
2025-08-09 01:29:43 | INFO | utils.config_parser:load_env_config:48 | 加载环境配置成功: dev

2025-08-09 01:29:43 | ERROR | __main__:run_tests:177 | 测试错误:
D:\python\lib\site-packages\_pytest\config\__init__.py:331: PluggyTeardownRaisedWarning: A plugin raised an exception during an old-style hookwrapper teardown.
Plugin: helpconfig, Hook: pytest_cmdline_parse
ValueError: option names {'--base-url'} already added
For more information see https://pluggy.readthedocs.io/en/stable/api_reference.html#pluggy.PluggyTeardownRaisedWarning
  config = pluginmanager.hook.pytest_cmdline_parse(
Traceback (most recent call last):
  File "D:\python\lib\runpy.py", line 196, in _run_module_as_main
    return _run_code(code, main_globals, None,
  File "D:\python\lib\runpy.py", line 86, in _run_code
    exec(code, run_globals)
  File "D:\python\lib\site-packages\pytest\__main__.py", line 5, in <module>
    raise SystemExit(pytest.console_main())
  File "D:\python\lib\site-packages\_pytest\config\__init__.py", line 192, in console_main
    code = main()
  File "D:\python\lib\site-packages\_pytest\config\__init__.py", line 150, in main
    config = _prepareconfig(args, plugins)
  File "D:\python\lib\site-packages\_pytest\config\__init__.py", line 331, in _prepareconfig
    config = pluginmanager.hook.pytest_cmdline_parse(
  File "D:\python\lib\site-packages\pluggy\_hooks.py", line 512, in __call__
    return self._hookexec(self.name, self._hookimpls.copy(), kwargs, firstresult)
  File "D:\python\lib\site-packages\pluggy\_manager.py", line 120, in _hookexec
    return self._inner_hookexec(hook_name, methods, kwargs, firstresult)
  File "D:\python\lib\site-packages\pluggy\_callers.py", line 167, in _multicall
    raise exception
  File "D:\python\lib\site-packages\pluggy\_callers.py", line 139, in _multicall
    teardown.throw(exception)
  File "D:\python\lib\site-packages\pluggy\_callers.py", line 43, in run_old_style_hookwrapper
    teardown.send(result)
  File "D:\python\lib\site-packages\_pytest\helpconfig.py", line 104, in pytest_cmdline_parse
    config: Config = outcome.get_result()
  File "D:\python\lib\site-packages\pluggy\_result.py", line 103, in get_result
    raise exc.with_traceback(tb)
  File "D:\python\lib\site-packages\pluggy\_callers.py", line 38, in run_old_style_hookwrapper
    res = yield
  File "D:\python\lib\site-packages\pluggy\_callers.py", line 121, in _multicall
    res = hook_impl.function(*args)
  File "D:\python\lib\site-packages\_pytest\config\__init__.py", line 1075, in pytest_cmdline_parse
    self.parse(args)
  File "D:\python\lib\site-packages\_pytest\config\__init__.py", line 1425, in parse
    self._preparse(args, addopts=addopts)
  File "D:\python\lib\site-packages\_pytest\config\__init__.py", line 1327, in _preparse
    self.hook.pytest_load_initial_conftests(
  File "D:\python\lib\site-packages\pluggy\_hooks.py", line 512, in __call__
    return self._hookexec(self.name, self._hookimpls.copy(), kwargs, firstresult)
  File "D:\python\lib\site-packages\pluggy\_manager.py", line 120, in _hookexec
    return self._inner_hookexec(hook_name, methods, kwargs, firstresult)
  File "D:\python\lib\site-packages\pluggy\_callers.py", line 167, in _multicall
    raise exception
  File "D:\python\lib\site-packages\pluggy\_callers.py", line 139, in _multicall
    teardown.throw(exception)
  File "D:\python\lib\site-packages\pluggy\_callers.py", line 53, in run_old_style_hookwrapper
    return result.get_result()
  File "D:\python\lib\site-packages\pluggy\_result.py", line 103, in get_result
    raise exc.with_traceback(tb)
  File "D:\python\lib\site-packages\pluggy\_callers.py", line 38, in run_old_style_hookwrapper
    res = yield
  File "D:\python\lib\site-packages\pluggy\_callers.py", line 139, in _multicall
    teardown.throw(exception)
  File "D:\python\lib\site-packages\pluggy\_callers.py", line 53, in run_old_style_hookwrapper
    return result.get_result()
  File "D:\python\lib\site-packages\pluggy\_result.py", line 103, in get_result
    raise exc.with_traceback(tb)
  File "D:\python\lib\site-packages\pluggy\_callers.py", line 38, in run_old_style_hookwrapper
    res = yield
  File "D:\python\lib\site-packages\pluggy\_callers.py", line 121, in _multicall
    res = hook_impl.function(*args)
  File "D:\python\lib\site-packages\_pytest\config\__init__.py", line 1153, in pytest_load_initial_conftests
    self.pluginmanager._set_initial_conftests(
  File "D:\python\lib\site-packages\_pytest\config\__init__.py", line 563, in _set_initial_conftests
    self._try_load_conftest(anchor, importmode, rootpath)
  File "D:\python\lib\site-packages\_pytest\config\__init__.py", line 580, in _try_load_conftest
    self._getconftestmodules(anchor, importmode, rootpath)
  File "D:\python\lib\site-packages\_pytest\config\__init__.py", line 609, in _getconftestmodules
    mod = self._importconftest(conftestpath, importmode, rootpath)
  File "D:\python\lib\site-packages\_pytest\config\__init__.py", line 657, in _importconftest
    self.consider_conftest(mod)
  File "D:\python\lib\site-packages\_pytest\config\__init__.py", line 739, in consider_conftest
    self.register(conftestmodule, name=conftestmodule.__file__)
  File "D:\python\lib\site-packages\_pytest\config\__init__.py", line 491, in register
    ret: Optional[str] = super().register(plugin, name)
  File "D:\python\lib\site-packages\pluggy\_manager.py", line 169, in register
    hook._maybe_apply_history(hookimpl)
  File "D:\python\lib\site-packages\pluggy\_hooks.py", line 580, in _maybe_apply_history
    res = self._hookexec(self.name, [method], kwargs, False)
  File "D:\python\lib\site-packages\pluggy\_manager.py", line 120, in _hookexec
    return self._inner_hookexec(hook_name, methods, kwargs, firstresult)
  File "D:\python\lib\site-packages\pluggy\_callers.py", line 167, in _multicall
    raise exception
  File "D:\python\lib\site-packages\pluggy\_callers.py", line 121, in _multicall
    res = hook_impl.function(*args)
  File "E:\code_project\cc_p\auto_case\tests\conftest.py", line 53, in pytest_addoption
    parser.addoption(
  File "D:\python\lib\site-packages\_pytest\config\argparsing.py", line 104, in addoption
    self._anonymous.addoption(*opts, **attrs)
  File "D:\python\lib\site-packages\_pytest\config\argparsing.py", line 385, in addoption
    raise ValueError("option names %s already added" % conflict)
ValueError: option names {'--base-url'} already added

2025-08-09 01:29:43 | INFO | utils.config_parser:load_env_config:48 | 加载环境配置成功: dev
2025-08-09 01:29:43 | INFO | utils.config_parser:load_env_config:48 | 加载环境配置成功: dev
2025-08-09 01:29:43 | WARNING | utils.report_helper:generate_allure_report:30 | Allure结果目录为空，跳过报告生成
2025-08-09 01:29:43 | ERROR | __main__:main:273 | ============================================================
2025-08-09 01:29:43 | ERROR | __main__:main:274 | 测试执行完成 - 失败
2025-08-09 01:29:43 | ERROR | __main__:main:275 | ============================================================
2025-08-09 01:30:00 | INFO | utils.config_parser:load_config:24 | 加载配置文件成功: E:\code_project\cc_p\auto_case\config\config.yaml
2025-08-09 01:30:00 | INFO | utils.config_parser:load_env_config:48 | 加载环境配置成功: dev
2025-08-09 01:30:00 | INFO | __main__:main:256 | ============================================================
2025-08-09 01:30:00 | INFO | __main__:main:257 | 自动化测试框架启动
2025-08-09 01:30:00 | INFO | __main__:main:258 | ============================================================
2025-08-09 01:30:00 | INFO | __main__:clean_reports:59 | 清理历史测试报告...
2025-08-09 01:30:00 | DEBUG | utils.file_helper:remove_directory:350 | 删除目录成功: E:\code_project\cc_p\auto_case\reports\allure-results
2025-08-09 01:30:00 | DEBUG | utils.file_helper:remove_directory:350 | 删除目录成功: E:\code_project\cc_p\auto_case\reports\allure-report
2025-08-09 01:30:00 | DEBUG | utils.file_helper:remove_directory:350 | 删除目录成功: E:\code_project\cc_p\auto_case\reports\html
2025-08-09 01:30:00 | INFO | __main__:clean_reports:75 | 历史报告清理完成
2025-08-09 01:30:00 | INFO | __main__:prepare_directories:92 | 目录准备完成
2025-08-09 01:30:00 | INFO | __main__:run_tests:168 | 执行测试命令: python -m pytest tests/test_api.py -m smoke --alluredir reports/allure-results --html reports/html/report.html --self-contained-html -v --tb=short
2025-08-09 01:30:01 | INFO | utils.config_parser:load_config:24 | 加载配置文件成功: E:\code_project\cc_p\auto_case\config\config.yaml
2025-08-09 01:30:01 | INFO | utils.config_parser:load_env_config:48 | 加载环境配置成功: dev
2025-08-09 01:30:01 | ERROR | __main__:run_tests:177 | 测试错误:
D:\python\lib\site-packages\_pytest\config\__init__.py:331: PluggyTeardownRaisedWarning: A plugin raised an exception during an old-style hookwrapper teardown.
Plugin: helpconfig, Hook: pytest_cmdline_parse
ArgumentError: argument --browser: conflicting option string: --browser
For more information see https://pluggy.readthedocs.io/en/stable/api_reference.html#pluggy.PluggyTeardownRaisedWarning
  config = pluginmanager.hook.pytest_cmdline_parse(
Traceback (most recent call last):
  File "D:\python\lib\runpy.py", line 196, in _run_module_as_main
    return _run_code(code, main_globals, None,
  File "D:\python\lib\runpy.py", line 86, in _run_code
    exec(code, run_globals)
  File "D:\python\lib\site-packages\pytest\__main__.py", line 5, in <module>
    raise SystemExit(pytest.console_main())
  File "D:\python\lib\site-packages\_pytest\config\__init__.py", line 192, in console_main
    code = main()
  File "D:\python\lib\site-packages\_pytest\config\__init__.py", line 150, in main
    config = _prepareconfig(args, plugins)
  File "D:\python\lib\site-packages\_pytest\config\__init__.py", line 331, in _prepareconfig
    config = pluginmanager.hook.pytest_cmdline_parse(
  File "D:\python\lib\site-packages\pluggy\_hooks.py", line 512, in __call__
    return self._hookexec(self.name, self._hookimpls.copy(), kwargs, firstresult)
  File "D:\python\lib\site-packages\pluggy\_manager.py", line 120, in _hookexec
    return self._inner_hookexec(hook_name, methods, kwargs, firstresult)
  File "D:\python\lib\site-packages\pluggy\_callers.py", line 167, in _multicall
    raise exception
  File "D:\python\lib\site-packages\pluggy\_callers.py", line 139, in _multicall
    teardown.throw(exception)
  File "D:\python\lib\site-packages\pluggy\_callers.py", line 43, in run_old_style_hookwrapper
    teardown.send(result)
  File "D:\python\lib\site-packages\_pytest\helpconfig.py", line 104, in pytest_cmdline_parse
    config: Config = outcome.get_result()
  File "D:\python\lib\site-packages\pluggy\_result.py", line 103, in get_result
    raise exc.with_traceback(tb)
  File "D:\python\lib\site-packages\pluggy\_callers.py", line 38, in run_old_style_hookwrapper
    res = yield
  File "D:\python\lib\site-packages\pluggy\_callers.py", line 121, in _multicall
    res = hook_impl.function(*args)
  File "D:\python\lib\site-packages\_pytest\config\__init__.py", line 1075, in pytest_cmdline_parse
    self.parse(args)
  File "D:\python\lib\site-packages\_pytest\config\__init__.py", line 1430, in parse
    args = self._parser.parse_setoption(
  File "D:\python\lib\site-packages\_pytest\config\argparsing.py", line 143, in parse_setoption
    parsedoption = self.parse(args, namespace=namespace)
  File "D:\python\lib\site-packages\_pytest\config\argparsing.py", line 113, in parse
    self.optparser = self._getparser()
  File "D:\python\lib\site-packages\_pytest\config\argparsing.py", line 130, in _getparser
    arggroup.add_argument(*n, **a)
  File "D:\python\lib\argparse.py", line 1441, in add_argument
    return self._add_action(action)
  File "D:\python\lib\argparse.py", line 1643, in _add_action
    action = super(_ArgumentGroup, self)._add_action(action)
  File "D:\python\lib\argparse.py", line 1455, in _add_action
    self._check_conflict(action)
  File "D:\python\lib\argparse.py", line 1592, in _check_conflict
    conflict_handler(action, confl_optionals)
  File "D:\python\lib\argparse.py", line 1601, in _handle_conflict_error
    raise ArgumentError(action, message % conflict_string)
argparse.ArgumentError: argument --browser: conflicting option string: --browser

2025-08-09 01:30:01 | INFO | utils.config_parser:load_env_config:48 | 加载环境配置成功: dev
2025-08-09 01:30:01 | INFO | utils.config_parser:load_env_config:48 | 加载环境配置成功: dev
2025-08-09 01:30:01 | WARNING | utils.report_helper:generate_allure_report:30 | Allure结果目录为空，跳过报告生成
2025-08-09 01:30:01 | ERROR | __main__:main:273 | ============================================================
2025-08-09 01:30:01 | ERROR | __main__:main:274 | 测试执行完成 - 失败
2025-08-09 01:30:01 | ERROR | __main__:main:275 | ============================================================
2025-08-09 01:32:57 | INFO | utils.config_parser:load_config:24 | 加载配置文件成功: E:\code_project\cc_p\auto_case\config\config.yaml
2025-08-09 01:32:57 | INFO | utils.config_parser:load_env_config:48 | 加载环境配置成功: dev
2025-08-09 01:37:36 | INFO | utils.config_parser:load_config:24 | 加载配置文件成功: E:\code_project\cc_p\auto_case\config\config.yaml
2025-08-09 01:37:36 | INFO | utils.config_parser:load_env_config:48 | 加载环境配置成功: dev
2025-08-09 01:37:36 | INFO | tests.conftest:pytest_sessionstart:57 | ============================================================
2025-08-09 01:37:36 | INFO | tests.conftest:pytest_sessionstart:58 | 测试会话开始
2025-08-09 01:37:36 | INFO | tests.conftest:pytest_sessionstart:59 | ============================================================
2025-08-09 01:39:59 | INFO | utils.config_parser:load_config:24 | 加载配置文件成功: E:\code_project\cc_p\auto_case\config\config.yaml
2025-08-09 01:39:59 | INFO | utils.config_parser:load_env_config:48 | 加载环境配置成功: dev
2025-08-09 01:39:59 | INFO | tests.conftest:pytest_sessionstart:57 | ============================================================
2025-08-09 01:39:59 | INFO | tests.conftest:pytest_sessionstart:58 | 测试会话开始
2025-08-09 01:39:59 | INFO | tests.conftest:pytest_sessionstart:59 | ============================================================
2025-08-09 01:40:00 | INFO | tests.conftest:pytest_sessionfinish:64 | ============================================================
2025-08-09 01:40:00 | INFO | tests.conftest:pytest_sessionfinish:65 | 测试会话结束，退出状态: 2
2025-08-09 01:40:00 | INFO | tests.conftest:pytest_sessionfinish:66 | ============================================================
2025-08-09 01:42:26 | INFO | utils.config_parser:load_config:24 | 加载配置文件成功: E:\code_project\cc_p\auto_case\config\config.yaml
2025-08-09 01:42:26 | INFO | utils.config_parser:load_env_config:48 | 加载环境配置成功: dev
2025-08-09 01:42:26 | INFO | tests.conftest:pytest_sessionstart:57 | ============================================================
2025-08-09 01:42:26 | INFO | tests.conftest:pytest_sessionstart:58 | 测试会话开始
2025-08-09 01:42:26 | INFO | tests.conftest:pytest_sessionstart:59 | ============================================================
2025-08-09 01:42:26 | DEBUG | core.base.keywords_base:__init__:11 | 初始化关键字类: APIKeywords
2025-08-09 01:42:26 | INFO | utils.config_parser:load_env_config:48 | 加载环境配置成功: dev
2025-08-09 01:42:26 | INFO | core.api.client:__init__:40 | API客户端初始化完成: https://dev-api.example.com
2025-08-09 01:42:26 | INFO | tests.conftest:pytest_sessionfinish:64 | ============================================================
2025-08-09 01:42:26 | INFO | tests.conftest:pytest_sessionfinish:65 | 测试会话结束，退出状态: 0
2025-08-09 01:42:26 | INFO | tests.conftest:pytest_sessionfinish:66 | ============================================================
2025-08-09 01:42:42 | INFO | utils.config_parser:load_config:24 | 加载配置文件成功: E:\code_project\cc_p\auto_case\config\config.yaml
2025-08-09 01:42:42 | INFO | utils.config_parser:load_env_config:48 | 加载环境配置成功: dev
2025-08-09 01:42:42 | INFO | tests.conftest:pytest_sessionstart:57 | ============================================================
2025-08-09 01:42:42 | INFO | tests.conftest:pytest_sessionstart:58 | 测试会话开始
2025-08-09 01:42:42 | INFO | tests.conftest:pytest_sessionstart:59 | ============================================================
2025-08-09 01:42:43 | DEBUG | core.base.keywords_base:__init__:11 | 初始化关键字类: APIKeywords
2025-08-09 01:42:43 | INFO | utils.config_parser:load_env_config:48 | 加载环境配置成功: dev
2025-08-09 01:42:43 | INFO | core.api.client:__init__:40 | API客户端初始化完成: https://dev-api.example.com
2025-08-09 01:42:43 | INFO | tests.conftest:pytest_runtest_setup:71 | 开始执行测试: test_single_api_cases
2025-08-09 01:42:43 | INFO | utils.config_parser:load_env_config:48 | 加载环境配置成功: dev
2025-08-09 01:42:43 | INFO | tests.conftest:test_config:92 | 加载测试配置完成
2025-08-09 01:42:43 | DEBUG | utils.file_helper:read_yaml:155 | 读取YAML文件成功: config\test_data.yaml
2025-08-09 01:42:43 | ERROR | tests.conftest:api_client:128 | API全局登录异常: APIClient.login() got an unexpected keyword argument 'username'
2025-08-09 01:42:43 | INFO | utils.config_parser:load_env_config:48 | 加载环境配置成功: dev
2025-08-09 01:42:43 | INFO | core.base.test_base:setup_method:22 | 开始执行测试: test_single_api_cases
2025-08-09 01:42:43 | ERROR | tests.conftest:pytest_runtest_makereport:85 | 测试失败: test_single_api_cases, 错误: 'LoggerManager' object has no attribute 'start_test'
2025-08-09 01:42:43 | INFO | tests.conftest:pytest_runtest_teardown:76 | 测试执行完成: test_single_api_cases
2025-08-09 01:42:43 | INFO | tests.conftest:pytest_runtest_setup:71 | 开始执行测试: test_login_api_data_driven
2025-08-09 01:42:43 | ERROR | tests.conftest:pytest_runtest_makereport:85 | 测试失败: test_login_api_data_driven, 错误: Can't instantiate abstract class DataDrivenTestBase with abstract methods _execute_case_logic, setup_test, teardown_test
2025-08-09 01:42:43 | INFO | tests.conftest:pytest_runtest_teardown:76 | 测试执行完成: test_login_api_data_driven
2025-08-09 01:42:43 | WARNING | tests.conftest:api_client:137 | 关闭API客户端异常: 'APIClient' object has no attribute 'logout'
2025-08-09 01:42:43 | INFO | tests.conftest:pytest_sessionfinish:64 | ============================================================
2025-08-09 01:42:43 | INFO | tests.conftest:pytest_sessionfinish:65 | 测试会话结束，退出状态: 1
2025-08-09 01:42:43 | INFO | tests.conftest:pytest_sessionfinish:66 | ============================================================
2025-08-09 02:00:05 | INFO | utils.config_parser:load_config:24 | 加载配置文件成功: E:\code_project\cc_p\auto_case\config\config.yaml
2025-08-09 02:00:05 | INFO | utils.config_parser:load_env_config:48 | 加载环境配置成功: dev
2025-08-09 02:00:05 | INFO | tests.conftest:pytest_sessionstart:57 | ============================================================
2025-08-09 02:00:05 | INFO | tests.conftest:pytest_sessionstart:58 | 测试会话开始
2025-08-09 02:00:05 | INFO | tests.conftest:pytest_sessionstart:59 | ============================================================
2025-08-09 02:00:05 | INFO | tests.conftest:pytest_runtest_setup:71 | 开始执行测试: test_auto_test_exception_basic
2025-08-09 02:00:05 | INFO | tests.conftest:pytest_runtest_makereport:83 | 测试通过: test_auto_test_exception_basic
2025-08-09 02:00:05 | INFO | tests.conftest:pytest_runtest_teardown:76 | 测试执行完成: test_auto_test_exception_basic
2025-08-09 02:00:05 | INFO | tests.conftest:pytest_runtest_setup:71 | 开始执行测试: test_auto_test_exception_with_details
2025-08-09 02:00:05 | INFO | tests.conftest:pytest_runtest_makereport:83 | 测试通过: test_auto_test_exception_with_details
2025-08-09 02:00:05 | INFO | tests.conftest:pytest_runtest_teardown:76 | 测试执行完成: test_auto_test_exception_with_details
2025-08-09 02:00:05 | INFO | tests.conftest:pytest_runtest_setup:71 | 开始执行测试: test_config_exception
2025-08-09 02:00:05 | INFO | tests.conftest:pytest_runtest_makereport:83 | 测试通过: test_config_exception
2025-08-09 02:00:05 | INFO | tests.conftest:pytest_runtest_teardown:76 | 测试执行完成: test_config_exception
2025-08-09 02:00:05 | INFO | tests.conftest:pytest_runtest_setup:71 | 开始执行测试: test_api_request_error
2025-08-09 02:00:05 | INFO | tests.conftest:pytest_runtest_makereport:83 | 测试通过: test_api_request_error
2025-08-09 02:00:05 | INFO | tests.conftest:pytest_runtest_teardown:76 | 测试执行完成: test_api_request_error
2025-08-09 02:00:05 | INFO | tests.conftest:pytest_runtest_setup:71 | 开始执行测试: test_assertion_exception
2025-08-09 02:00:05 | INFO | tests.conftest:pytest_runtest_makereport:83 | 测试通过: test_assertion_exception
2025-08-09 02:00:05 | INFO | tests.conftest:pytest_runtest_teardown:76 | 测试执行完成: test_assertion_exception
2025-08-09 02:00:05 | INFO | tests.conftest:pytest_runtest_setup:71 | 开始执行测试: test_handle_exceptions_success
2025-08-09 02:00:05 | INFO | tests.conftest:pytest_runtest_makereport:83 | 测试通过: test_handle_exceptions_success
2025-08-09 02:00:05 | INFO | tests.conftest:pytest_runtest_teardown:76 | 测试执行完成: test_handle_exceptions_success
2025-08-09 02:00:05 | INFO | tests.conftest:pytest_runtest_setup:71 | 开始执行测试: test_handle_exceptions_catch_and_reraise
2025-08-09 02:00:05 | ERROR | utils.exceptions:wrapper:151 | 执行 failing_function 时发生异常: 测试异常
2025-08-09 02:00:05 | ERROR | tests.conftest:pytest_runtest_makereport:85 | 测试失败: test_handle_exceptions_catch_and_reraise, 错误: 测试异常
2025-08-09 02:00:05 | INFO | tests.conftest:pytest_runtest_teardown:76 | 测试执行完成: test_handle_exceptions_catch_and_reraise
2025-08-09 02:00:05 | INFO | tests.conftest:pytest_runtest_setup:71 | 开始执行测试: test_handle_exceptions_catch_and_return_default
2025-08-09 02:00:05 | ERROR | utils.exceptions:wrapper:151 | 执行 failing_function 时发生异常: 测试异常
2025-08-09 02:00:05 | INFO | tests.conftest:pytest_runtest_makereport:83 | 测试通过: test_handle_exceptions_catch_and_return_default
2025-08-09 02:00:05 | INFO | tests.conftest:pytest_runtest_teardown:76 | 测试执行完成: test_handle_exceptions_catch_and_return_default
2025-08-09 02:00:05 | INFO | tests.conftest:pytest_runtest_setup:71 | 开始执行测试: test_handle_exceptions_custom_exception_type
2025-08-09 02:00:05 | ERROR | utils.exceptions:wrapper:151 | 执行 api_function 时发生异常: [APIException]: API错误
2025-08-09 02:00:05 | INFO | tests.conftest:pytest_runtest_makereport:83 | 测试通过: test_handle_exceptions_custom_exception_type
2025-08-09 02:00:05 | INFO | tests.conftest:pytest_runtest_teardown:76 | 测试执行完成: test_handle_exceptions_custom_exception_type
2025-08-09 02:00:05 | INFO | tests.conftest:pytest_runtest_setup:71 | 开始执行测试: test_retry_on_exception_success_first_try
2025-08-09 02:00:05 | INFO | tests.conftest:pytest_runtest_makereport:83 | 测试通过: test_retry_on_exception_success_first_try
2025-08-09 02:00:05 | INFO | tests.conftest:pytest_runtest_teardown:76 | 测试执行完成: test_retry_on_exception_success_first_try
2025-08-09 02:00:05 | INFO | tests.conftest:pytest_runtest_setup:71 | 开始执行测试: test_retry_on_exception_success_after_retry
2025-08-09 02:00:05 | WARNING | utils.exceptions:wrapper:206 | 执行 retry_function 失败 (第1次尝试)，0.1秒后重试: 临时错误
2025-08-09 02:00:06 | WARNING | utils.exceptions:wrapper:206 | 执行 retry_function 失败 (第2次尝试)，0.2秒后重试: 临时错误
2025-08-09 02:00:06 | INFO | tests.conftest:pytest_runtest_makereport:83 | 测试通过: test_retry_on_exception_success_after_retry
2025-08-09 02:00:06 | INFO | tests.conftest:pytest_runtest_teardown:76 | 测试执行完成: test_retry_on_exception_success_after_retry
2025-08-09 02:00:06 | INFO | tests.conftest:pytest_runtest_setup:71 | 开始执行测试: test_retry_on_exception_final_failure
2025-08-09 02:00:06 | WARNING | utils.exceptions:wrapper:206 | 执行 always_fail_function 失败 (第1次尝试)，0.1秒后重试: 失败第1次
2025-08-09 02:00:06 | ERROR | utils.exceptions:wrapper:215 | 执行 always_fail_function 失败，已重试2次: 失败第2次
2025-08-09 02:00:06 | INFO | tests.conftest:pytest_runtest_makereport:83 | 测试通过: test_retry_on_exception_final_failure
2025-08-09 02:00:06 | INFO | tests.conftest:pytest_runtest_teardown:76 | 测试执行完成: test_retry_on_exception_final_failure
2025-08-09 02:00:06 | INFO | tests.conftest:pytest_runtest_setup:71 | 开始执行测试: test_retry_with_backoff
2025-08-09 02:00:06 | WARNING | utils.exceptions:wrapper:206 | 执行 backoff_function 失败 (第1次尝试)，0.1秒后重试: 持续失败
2025-08-09 02:00:06 | WARNING | utils.exceptions:wrapper:206 | 执行 backoff_function 失败 (第2次尝试)，0.2秒后重试: 持续失败
2025-08-09 02:00:06 | ERROR | utils.exceptions:wrapper:215 | 执行 backoff_function 失败，已重试3次: 持续失败
2025-08-09 02:00:06 | INFO | tests.conftest:pytest_runtest_makereport:83 | 测试通过: test_retry_with_backoff
2025-08-09 02:00:06 | INFO | tests.conftest:pytest_runtest_teardown:76 | 测试执行完成: test_retry_with_backoff
2025-08-09 02:00:06 | INFO | tests.conftest:pytest_runtest_setup:71 | 开始执行测试: test_combined_decorators
2025-08-09 02:00:06 | WARNING | utils.exceptions:wrapper:206 | 执行 combined_function 失败 (第1次尝试)，0.05秒后重试: 组合测试
2025-08-09 02:00:06 | ERROR | utils.exceptions:wrapper:215 | 执行 combined_function 失败，已重试2次: 组合测试
2025-08-09 02:00:06 | ERROR | utils.exceptions:wrapper:151 | 执行 combined_function 时发生异常: 组合测试
2025-08-09 02:00:06 | INFO | tests.conftest:pytest_runtest_makereport:83 | 测试通过: test_combined_decorators
2025-08-09 02:00:06 | INFO | tests.conftest:pytest_runtest_teardown:76 | 测试执行完成: test_combined_decorators
2025-08-09 02:00:06 | INFO | tests.conftest:pytest_runtest_setup:71 | 开始执行测试: test_exception_inheritance
2025-08-09 02:00:06 | INFO | tests.conftest:pytest_runtest_makereport:83 | 测试通过: test_exception_inheritance
2025-08-09 02:00:06 | INFO | tests.conftest:pytest_runtest_teardown:76 | 测试执行完成: test_exception_inheritance
2025-08-09 02:00:06 | INFO | tests.conftest:pytest_sessionfinish:64 | ============================================================
2025-08-09 02:00:06 | INFO | tests.conftest:pytest_sessionfinish:65 | 测试会话结束，退出状态: 1
2025-08-09 02:00:06 | INFO | tests.conftest:pytest_sessionfinish:66 | ============================================================
2025-08-09 02:01:13 | INFO | utils.config_parser:load_config:24 | 加载配置文件成功: E:\code_project\cc_p\auto_case\config\config.yaml
2025-08-09 02:01:13 | INFO | utils.config_parser:load_env_config:48 | 加载环境配置成功: dev
2025-08-09 02:01:13 | INFO | __main__:main:272 | ============================================================
2025-08-09 02:01:13 | INFO | __main__:main:273 | 自动化测试框架启动
2025-08-09 02:01:13 | INFO | __main__:main:274 | ============================================================
2025-08-09 02:01:13 | INFO | __main__:clean_reports:59 | 清理历史测试报告...
2025-08-09 02:01:13 | DEBUG | utils.file_helper:remove_directory:350 | 删除目录成功: E:\code_project\cc_p\auto_case\reports\allure-results
2025-08-09 02:01:13 | DEBUG | utils.file_helper:remove_directory:350 | 删除目录成功: E:\code_project\cc_p\auto_case\reports\allure-report
2025-08-09 02:01:13 | DEBUG | utils.file_helper:remove_directory:350 | 删除目录成功: E:\code_project\cc_p\auto_case\reports\html
2025-08-09 02:01:13 | INFO | __main__:clean_reports:75 | 历史报告清理完成
2025-08-09 02:01:13 | INFO | __main__:prepare_directories:92 | 目录准备完成
2025-08-09 02:01:13 | INFO | __main__:run_tests:184 | 执行测试命令: python -m pytest tests/test_api.py -m smoke --alluredir reports/allure-results --html reports/html/report.html --self-contained-html -v --tb=short
2025-08-09 02:01:14 | INFO | utils.config_parser:load_config:24 | 加载配置文件成功: E:\code_project\cc_p\auto_case\config\config.yaml
2025-08-09 02:01:14 | INFO | utils.config_parser:load_env_config:48 | 加载环境配置成功: dev
2025-08-09 02:01:14 | INFO | tests.conftest:pytest_sessionstart:57 | ============================================================
2025-08-09 02:01:14 | INFO | tests.conftest:pytest_sessionstart:58 | 测试会话开始
2025-08-09 02:01:14 | INFO | tests.conftest:pytest_sessionstart:59 | ============================================================
2025-08-09 02:01:14 | DEBUG | core.base.keywords_base:__init__:11 | 初始化关键字类: APIKeywords
2025-08-09 02:01:14 | INFO | utils.config_parser:load_env_config:48 | 加载环境配置成功: dev
2025-08-09 02:01:14 | INFO | core.api.client:__init__:44 | API客户端初始化完成: https://dev-api.example.com
2025-08-09 02:01:14 | INFO | tests.conftest:pytest_runtest_setup:71 | 开始执行测试: test_single_api_cases
2025-08-09 02:01:14 | INFO | utils.config_parser:load_env_config:48 | 加载环境配置成功: dev
2025-08-09 02:01:14 | INFO | tests.conftest:test_config:92 | 加载测试配置完成
2025-08-09 02:01:14 | DEBUG | utils.file_helper:read_yaml:155 | 读取YAML文件成功: config\test_data.yaml
2025-08-09 02:01:14 | INFO | core.api.client:login:242 | 开始执行全局登录: POST /api/login
2025-08-09 02:01:14 | DEBUG | utils.logger:log_api_request:162 | API请求: POST https://dev-api.example.com/api/login
2025-08-09 02:01:14 | DEBUG | utils.logger:log_api_request:164 | 请求头: {'User-Agent': 'python-requests/2.31.0', 'Accept-Encoding': 'gzip, deflate, br', 'Accept': '*/*', 'Connection': 'keep-alive', 'Content-Type': 'application/json'}
2025-08-09 02:01:14 | DEBUG | utils.logger:log_api_request:166 | 请求数据: {'username': 'admin', 'password': '123456'}
2025-08-09 02:01:15 | WARNING | core.api.client:_execute_with_retry:172 | 请求失败，1秒后重试 (第1次): HTTPSConnectionPool(host='dev-api.example.com', port=443): Max retries exceeded with url: /api/login (Caused by NameResolutionError("<urllib3.connection.HTTPSConnection object at 0x0000021499828940>: Failed to resolve 'dev-api.example.com' ([Errno 11001] getaddrinfo failed)"))
2025-08-09 02:01:16 | WARNING | core.api.client:_execute_with_retry:172 | 请求失败，2秒后重试 (第2次): HTTPSConnectionPool(host='dev-api.example.com', port=443): Max retries exceeded with url: /api/login (Caused by NameResolutionError("<urllib3.connection.HTTPSConnection object at 0x0000021499828C70>: Failed to resolve 'dev-api.example.com' ([Errno 11001] getaddrinfo failed)"))
2025-08-09 02:01:18 | WARNING | core.api.client:_execute_with_retry:172 | 请求失败，4秒后重试 (第3次): HTTPSConnectionPool(host='dev-api.example.com', port=443): Max retries exceeded with url: /api/login (Caused by NameResolutionError("<urllib3.connection.HTTPSConnection object at 0x0000021499829210>: Failed to resolve 'dev-api.example.com' ([Errno 11001] getaddrinfo failed)"))
2025-08-09 02:01:22 | ERROR | core.api.client:_execute_with_retry:175 | 请求失败，已重试3次: HTTPSConnectionPool(host='dev-api.example.com', port=443): Max retries exceeded with url: /api/login (Caused by NameResolutionError("<urllib3.connection.HTTPSConnection object at 0x0000021499829330>: Failed to resolve 'dev-api.example.com' ([Errno 11001] getaddrinfo failed)"))
2025-08-09 02:01:22 | ERROR | core.api.client:login:308 | 全局登录异常: HTTPSConnectionPool(host='dev-api.example.com', port=443): Max retries exceeded with url: /api/login (Caused by NameResolutionError("<urllib3.connection.HTTPSConnection object at 0x0000021499829330>: Failed to resolve 'dev-api.example.com' ([Errno 11001] getaddrinfo failed)"))
2025-08-09 02:01:22 | WARNING | tests.conftest:api_client:125 | API全局登录失败
2025-08-09 02:01:22 | INFO | utils.config_parser:load_env_config:48 | 加载环境配置成功: dev
2025-08-09 02:01:22 | INFO | core.base.test_base:setup_method:22 | 开始执行测试: test_single_api_cases
2025-08-09 02:01:22 | INFO | utils.logger:start_test:183 | 开始执行测试: test_single_api_cases
2025-08-09 02:01:22 | DEBUG | utils.extractor:clear_variables:254 | 清空所有变量
2025-08-09 02:01:22 | INFO | tests.test_api:setup_test:19 | API测试环境准备完成
2025-08-09 02:01:22 | INFO | tests.test_api:test_single_api_cases:150 | 执行测试文件: E:\code_project\cc_p\auto_case\data\api\data_driven\search_parameters_cases.yaml
2025-08-09 02:01:22 | INFO | core.base.test_base:teardown_method:33 | 测试执行完成: test_single_api_cases
2025-08-09 02:01:22 | INFO | utils.logger:end_test:187 | 测试执行完成
2025-08-09 02:01:22 | INFO | tests.test_api:teardown_test:23 | API测试环境清理完成
2025-08-09 02:01:22 | ERROR | tests.conftest:pytest_runtest_makereport:85 | 测试失败: test_single_api_cases, 错误: 'DataParser' object has no attribute 'get_test_cases'
2025-08-09 02:01:22 | INFO | tests.conftest:pytest_runtest_teardown:76 | 测试执行完成: test_single_api_cases
2025-08-09 02:01:22 | INFO | tests.conftest:pytest_runtest_setup:71 | 开始执行测试: test_login_api_data_driven
2025-08-09 02:01:22 | INFO | utils.config_parser:load_env_config:48 | 加载环境配置成功: dev
2025-08-09 02:01:22 | INFO | core.base.test_base:setup_method:22 | 开始执行测试: test_login_api_data_driven
2025-08-09 02:01:22 | INFO | utils.logger:start_test:183 | 开始执行测试: test_login_api_data_driven
2025-08-09 02:01:22 | DEBUG | utils.extractor:clear_variables:254 | 清空所有变量
2025-08-09 02:01:22 | DEBUG | core.base.test_base:setup_test:250 | 数据驱动测试前置操作
2025-08-09 02:01:22 | ERROR | core.base.test_base:get_test_cases:84 | 获取测试用例失败: 'DataParser' object has no attribute 'get_test_cases'
2025-08-09 02:01:22 | INFO | core.base.test_base:teardown_method:33 | 测试执行完成: test_login_api_data_driven
2025-08-09 02:01:22 | INFO | utils.logger:end_test:187 | 测试执行完成
2025-08-09 02:01:22 | DEBUG | core.base.test_base:teardown_test:254 | 数据驱动测试后置操作
2025-08-09 02:01:22 | ERROR | tests.conftest:pytest_runtest_makereport:85 | 测试失败: test_login_api_data_driven, 错误: 'DataParser' object has no attribute 'get_test_cases'
2025-08-09 02:01:22 | INFO | tests.conftest:pytest_runtest_teardown:76 | 测试执行完成: test_login_api_data_driven
2025-08-09 02:01:22 | INFO | core.api.client:logout:342 | 未配置登出接口，跳过登出请求
2025-08-09 02:01:22 | INFO | core.api.client:clear_token:373 | token已清除
2025-08-09 02:01:22 | INFO | core.api.client:logout:349 | 登出操作完成
2025-08-09 02:01:22 | INFO | core.api.client:close:381 | API客户端会话已关闭
2025-08-09 02:01:22 | INFO | tests.conftest:pytest_sessionfinish:64 | ============================================================
2025-08-09 02:01:22 | INFO | tests.conftest:pytest_sessionfinish:65 | 测试会话结束，退出状态: 1
2025-08-09 02:01:22 | INFO | tests.conftest:pytest_sessionfinish:66 | ============================================================
2025-08-09 02:01:22 | INFO | utils.config_parser:load_env_config:48 | 加载环境配置成功: dev
2025-08-09 02:01:22 | INFO | utils.config_parser:load_env_config:48 | 加载环境配置成功: dev
2025-08-09 02:01:22 | INFO | utils.report_helper:generate_allure_report:33 | 开始生成Allure报告...
2025-08-09 02:01:22 | ERROR | utils.report_helper:generate_allure_report:56 | Allure命令未找到，请确保已安装Allure
2025-08-09 02:01:22 | ERROR | __main__:main:289 | ============================================================
2025-08-09 02:01:22 | ERROR | __main__:main:290 | 测试执行完成 - 失败
2025-08-09 02:01:22 | ERROR | __main__:main:291 | ============================================================
2025-08-09 15:10:00 | INFO | utils.config_parser:load_config:24 | 加载配置文件成功: E:\code_project\cc_p\auto_case\config\config.yaml
2025-08-09 15:10:00 | INFO | utils.config_parser:load_env_config:48 | 加载环境配置成功: dev
2025-08-09 15:10:00 | INFO | test_case.conftest:pytest_sessionstart:66 | ============================================================
2025-08-09 15:10:00 | INFO | test_case.conftest:pytest_sessionstart:67 | 测试会话开始
2025-08-09 15:10:00 | INFO | test_case.conftest:pytest_sessionstart:68 | ============================================================
2025-08-09 15:10:01 | DEBUG | core.base.keywords_base:__init__:11 | 初始化关键字类: APIKeywords
2025-08-09 15:10:01 | INFO | utils.config_parser:load_env_config:48 | 加载环境配置成功: dev
2025-08-09 15:10:01 | INFO | core.api.client:__init__:44 | API客户端初始化完成: https://dev-api.example.com
2025-08-09 15:10:01 | DEBUG | core.base.keywords_base:__init__:11 | 初始化关键字类: WebKeywords
2025-08-09 15:10:01 | INFO | utils.config_parser:load_env_config:48 | 加载环境配置成功: dev
2025-08-09 15:10:01 | INFO | core.api.client:__init__:44 | API客户端初始化完成: https://dev-api.example.com
2025-08-09 15:10:01 | DEBUG | utils.logger:log_api_request:162 | API请求: GET https://jsonplaceholder.typicode.com/posts/1
2025-08-09 15:10:01 | DEBUG | utils.logger:log_api_request:164 | 请求头: {'User-Agent': 'python-requests/2.31.0', 'Accept-Encoding': 'gzip, deflate, br', 'Accept': '*/*', 'Connection': 'keep-alive', 'Content-Type': 'application/json'}
2025-08-09 15:10:02 | DEBUG | utils.logger:log_api_response:170 | API响应: 200 | 耗时: 0.60s
2025-08-09 15:10:02 | DEBUG | utils.logger:log_api_response:171 | 响应内容: {
  "userId": 1,
  "id": 1,
  "title": "sunt aut facere repellat provident occaecati excepturi optio reprehenderit",
  "body": "quia et suscipit\nsuscipit recusandae consequuntur expedita et cum\nrepr...
2025-08-09 15:10:02 | DEBUG | utils.logger:log_api_request:162 | API请求: POST https://jsonplaceholder.typicode.com/posts
2025-08-09 15:10:02 | DEBUG | utils.logger:log_api_request:164 | 请求头: {'User-Agent': 'python-requests/2.31.0', 'Accept-Encoding': 'gzip, deflate, br', 'Accept': '*/*', 'Connection': 'keep-alive', 'Content-Type': 'application/json'}
2025-08-09 15:10:02 | DEBUG | utils.logger:log_api_request:166 | 请求数据: {'title': '测试文章_1754723402', 'body': '这是测试内容', 'userId': 1}
2025-08-09 15:10:02 | DEBUG | utils.logger:log_api_response:170 | API响应: 201 | 耗时: 0.44s
2025-08-09 15:10:02 | DEBUG | utils.logger:log_api_response:171 | {
  "title": "测试文章_1754723402",
  "body": "这是测试内容",
  "userId": 1,
  "id": 101
}
2025-08-09 15:10:02 | DEBUG | utils.logger:log_api_request:162 | API请求: GET https://jsonplaceholder.typicode.com/posts/999999
2025-08-09 15:10:02 | DEBUG | utils.logger:log_api_request:164 | 请求头: {'User-Agent': 'python-requests/2.31.0', 'Accept-Encoding': 'gzip, deflate, br', 'Accept': '*/*', 'Connection': 'keep-alive', 'Content-Type': 'application/json'}
2025-08-09 15:10:03 | DEBUG | utils.logger:log_api_response:170 | API响应: 404 | 耗时: 0.72s
2025-08-09 15:10:03 | DEBUG | utils.logger:log_api_response:171 | {}
2025-08-09 15:10:03 | INFO | core.api.client:close:381 | API客户端会话已关闭
2025-08-09 15:10:03 | INFO | utils.config_parser:load_env_config:48 | 加载环境配置成功: dev
2025-08-09 15:10:03 | INFO | core.web.browser:__init__:41 | 浏览器管理器初始化: chromium, headless=False
2025-08-09 15:10:07 | INFO | core.web.browser:start_browser:90 | 浏览器启动成功: chromium
2025-08-09 15:10:08 | INFO | utils.logger:log_screenshot:195 | 截图已保存: quick_test
2025-08-09 15:10:08 | DEBUG | utils.file_helper:write_json:133 | 写入JSON文件成功: temp\test.json
2025-08-09 15:10:08 | DEBUG | utils.file_helper:read_json:105 | 读取JSON文件成功: temp\test.json
2025-08-09 15:10:08 | DEBUG | utils.file_helper:write_yaml:182 | 写入YAML文件成功: temp\test.yaml
2025-08-09 15:10:08 | DEBUG | utils.file_helper:read_yaml:155 | 读取YAML文件成功: temp\test.yaml
2025-08-09 15:10:08 | DEBUG | utils.file_helper:write_csv:247 | 写入CSV文件成功: temp\test.csv, 行数: 2
2025-08-09 15:10:08 | DEBUG | utils.file_helper:read_csv:209 | 读取CSV文件成功: temp\test.csv, 行数: 2
2025-08-09 15:10:08 | DEBUG | utils.file_helper:write_yaml:182 | 写入YAML文件成功: temp\quick_test_data.yaml
2025-08-09 15:10:08 | INFO | utils.config_parser:load_env_config:48 | 加载环境配置成功: dev
2025-08-09 15:10:08 | ERROR | core.base.test_base:get_test_cases:84 | 获取测试用例失败: 'DataParser' object has no attribute 'get_test_cases'
2025-08-09 15:10:08 | INFO | test_case.conftest:pytest_runtest_setup:116 | 开始执行测试: test_single_api_cases
2025-08-09 15:10:08 | INFO | utils.config_parser:load_env_config:48 | 加载环境配置成功: dev
2025-08-09 15:10:08 | INFO | test_case.conftest:test_config:151 | 加载测试配置完成
2025-08-09 15:10:08 | DEBUG | utils.file_helper:read_yaml:155 | 读取YAML文件成功: config\test_data.yaml
2025-08-09 15:10:08 | INFO | core.api.client:login:242 | 开始执行全局登录: POST /api/login
2025-08-09 15:10:08 | DEBUG | utils.logger:log_api_request:162 | API请求: POST https://dev-api.example.com/api/login
2025-08-09 15:10:08 | DEBUG | utils.logger:log_api_request:164 | 请求头: {'User-Agent': 'python-requests/2.31.0', 'Accept-Encoding': 'gzip, deflate, br', 'Accept': '*/*', 'Connection': 'keep-alive', 'Content-Type': 'application/json'}
2025-08-09 15:10:08 | DEBUG | utils.logger:log_api_request:166 | 请求数据: {'username': 'admin', 'password': '123456'}
2025-08-09 15:10:09 | WARNING | core.api.client:_execute_with_retry:172 | 请求失败，1秒后重试 (第1次): HTTPSConnectionPool(host='dev-api.example.com', port=443): Max retries exceeded with url: /api/login (Caused by SSLError(SSLEOFError(8, 'EOF occurred in violation of protocol (_ssl.c:997)')))
2025-08-09 15:10:10 | WARNING | core.api.client:_execute_with_retry:172 | 请求失败，2秒后重试 (第2次): HTTPSConnectionPool(host='dev-api.example.com', port=443): Max retries exceeded with url: /api/login (Caused by SSLError(SSLEOFError(8, 'EOF occurred in violation of protocol (_ssl.c:997)')))
2025-08-09 15:10:13 | WARNING | core.api.client:_execute_with_retry:172 | 请求失败，4秒后重试 (第3次): HTTPSConnectionPool(host='dev-api.example.com', port=443): Max retries exceeded with url: /api/login (Caused by SSLError(SSLEOFError(8, 'EOF occurred in violation of protocol (_ssl.c:997)')))
2025-08-09 15:10:17 | ERROR | core.api.client:_execute_with_retry:175 | 请求失败，已重试3次: HTTPSConnectionPool(host='dev-api.example.com', port=443): Max retries exceeded with url: /api/login (Caused by SSLError(SSLEOFError(8, 'EOF occurred in violation of protocol (_ssl.c:997)')))
2025-08-09 15:10:17 | ERROR | core.api.client:login:308 | 全局登录异常: HTTPSConnectionPool(host='dev-api.example.com', port=443): Max retries exceeded with url: /api/login (Caused by SSLError(SSLEOFError(8, 'EOF occurred in violation of protocol (_ssl.c:997)')))
2025-08-09 15:10:17 | WARNING | test_case.conftest:api_client:184 | API全局登录失败
2025-08-09 15:10:17 | INFO | utils.config_parser:load_env_config:48 | 加载环境配置成功: dev
2025-08-09 15:10:17 | INFO | core.base.test_base:setup_method:22 | 开始执行测试: test_single_api_cases
2025-08-09 15:10:17 | INFO | utils.logger:start_test:183 | 开始执行测试: test_single_api_cases
2025-08-09 15:10:17 | DEBUG | utils.extractor:clear_variables:254 | 清空所有变量
2025-08-09 15:10:17 | INFO | test_case.test_api:setup_test:16 | API测试环境准备完成
2025-08-09 15:10:17 | INFO | test_case.test_api:test_single_api_cases:78 | 执行测试文件: E:\code_project\cc_p\auto_case\data\api\data_driven\search_parameters_cases.yaml
2025-08-09 15:10:17 | INFO | core.base.test_base:teardown_method:33 | 测试执行完成: test_single_api_cases
2025-08-09 15:10:17 | INFO | utils.logger:end_test:187 | 测试执行完成
2025-08-09 15:10:17 | INFO | test_case.test_api:teardown_test:19 | API测试环境清理完成
2025-08-09 15:10:17 | ERROR | test_case.conftest:pytest_runtest_makereport:138 | 测试错误: test_single_api_cases, 错误: 'function' object has no attribute 'get_test_cases'
2025-08-09 15:10:17 | INFO | test_case.conftest:pytest_runtest_teardown:121 | 测试执行完成: test_single_api_cases
2025-08-09 15:10:17 | INFO | test_case.conftest:pytest_runtest_setup:116 | 开始执行测试: test_login_api_data_driven
2025-08-09 15:10:17 | INFO | utils.config_parser:load_env_config:48 | 加载环境配置成功: dev
2025-08-09 15:10:17 | INFO | core.base.test_base:setup_method:22 | 开始执行测试: test_login_api_data_driven
2025-08-09 15:10:17 | INFO | utils.logger:start_test:183 | 开始执行测试: test_login_api_data_driven
2025-08-09 15:10:17 | DEBUG | utils.extractor:clear_variables:254 | 清空所有变量
2025-08-09 15:10:17 | DEBUG | core.base.test_base:setup_test:250 | 数据驱动测试前置操作
2025-08-09 15:10:17 | ERROR | core.base.test_base:get_test_cases:84 | 获取测试用例失败: 'DataParser' object has no attribute 'get_test_cases'
2025-08-09 15:10:17 | INFO | core.base.test_base:teardown_method:33 | 测试执行完成: test_login_api_data_driven
2025-08-09 15:10:17 | INFO | utils.logger:end_test:187 | 测试执行完成
2025-08-09 15:10:17 | DEBUG | core.base.test_base:teardown_test:254 | 数据驱动测试后置操作
2025-08-09 15:10:17 | ERROR | test_case.conftest:pytest_runtest_makereport:138 | 测试错误: test_login_api_data_driven, 错误: 'DataParser' object has no attribute 'get_test_cases'
2025-08-09 15:10:17 | INFO | test_case.conftest:pytest_runtest_teardown:121 | 测试执行完成: test_login_api_data_driven
2025-08-09 15:10:17 | INFO | test_case.conftest:pytest_runtest_setup:116 | 开始执行测试: test_web_page_cases[chromium]
2025-08-09 15:10:17 | INFO | test_case.conftest:pytest_runtest_teardown:121 | 测试执行完成: test_web_page_cases[chromium]
2025-08-09 15:10:17 | INFO | test_case.conftest:pytest_runtest_setup:116 | 开始执行测试: test_login_page_data_driven[chromium]
2025-08-09 15:10:17 | INFO | test_case.conftest:pytest_runtest_teardown:121 | 测试执行完成: test_login_page_data_driven[chromium]
2025-08-09 15:10:17 | INFO | core.api.client:logout:342 | 未配置登出接口，跳过登出请求
2025-08-09 15:10:17 | INFO | core.api.client:clear_token:373 | token已清除
2025-08-09 15:10:17 | INFO | core.api.client:logout:349 | 登出操作完成
2025-08-09 15:10:17 | INFO | core.api.client:close:381 | API客户端会话已关闭
2025-08-09 15:10:17 | INFO | test_case.conftest:pytest_sessionfinish:73 | ============================================================
2025-08-09 15:10:17 | INFO | test_case.conftest:pytest_sessionfinish:74 | 测试会话结束，退出状态: 1
2025-08-09 15:10:17 | INFO | test_case.conftest:pytest_sessionfinish:75 | ============================================================
2025-08-09 15:10:17 | INFO | test_case.conftest:pytest_sessionfinish:103 | 测试结果统计: 总计=2, 通过=0, 失败=0, 错误=2, 跳过=0, 通过率=0.0%
2025-08-09 15:10:17 | DEBUG | utils.notify_helper:send_test_result_notification:30 | 通知功能未启用
2025-08-09 15:26:45 | INFO | utils.code_quality:check_project:30 | 开始检查项目代码质量: .
2025-08-09 15:26:45 | INFO | utils.code_quality:check_project:54 | 代码质量检查完成，发现 1927 个问题
2025-08-10 12:39:39 | INFO | utils.config_parser:load_config:24 | 加载配置文件成功: E:\code_project\cc_p\auto_case\config\config.yaml
2025-08-10 12:39:39 | INFO | utils.config_parser:load_env_config:48 | 加载环境配置成功: dev
2025-08-10 12:39:39 | INFO | __main__:main:304 | ============================================================
2025-08-10 12:39:39 | INFO | __main__:main:305 | 自动化测试框架启动
2025-08-10 12:39:39 | INFO | __main__:main:306 | ============================================================
2025-08-10 12:39:39 | INFO | utils.config_parser:load_env_config:48 | 加载环境配置成功: dev
2025-08-10 12:39:39 | INFO | utils.config_parser:load_env_config:48 | 加载环境配置成功: dev
2025-08-10 12:39:39 | WARNING | utils.report_helper:rotate_history:366 | 归档报告历史失败: name 'shutil' is not defined
2025-08-10 12:39:39 | INFO | __main__:prepare_directories:101 | 目录准备完成
2025-08-10 12:39:39 | INFO | __main__:run_tests:212 | 执行测试命令: python -m pytest test_case/test_api.py -m smoke --html reports/html/report.html --self-contained-html -v --tb=short --timeout 300
2025-08-10 12:39:40 | INFO | __main__:run_tests:218 | D:\python\lib\site-packages\_pytest\config\__init__.py:331: PluggyTeardownRaisedWarning: A plugin raised an exception during an old-style hookwrapper teardown.
2025-08-10 12:39:40 | INFO | __main__:run_tests:218 | Plugin: helpconfig, Hook: pytest_cmdline_parse
2025-08-10 12:39:40 | INFO | __main__:run_tests:218 | ConftestImportFailure: SyntaxError: invalid character '：' (U+FF1A) (client.py, line 48) (from E:\code_project\cc_p\auto_case\test_case\conftest.py)
2025-08-10 12:39:40 | INFO | __main__:run_tests:218 | For more information see https://pluggy.readthedocs.io/en/stable/api_reference.html#pluggy.PluggyTeardownRaisedWarning
2025-08-10 12:39:40 | INFO | __main__:run_tests:218 |   config = pluginmanager.hook.pytest_cmdline_parse(
2025-08-10 12:39:40 | INFO | __main__:run_tests:218 | ImportError while loading conftest 'E:\code_project\cc_p\auto_case\test_case\conftest.py'.
2025-08-10 12:39:40 | INFO | __main__:run_tests:218 | test_case\conftest.py:13: in <module>
2025-08-10 12:39:40 | INFO | __main__:run_tests:218 |     from core.api.client import get_api_client
2025-08-10 12:39:40 | INFO | __main__:run_tests:218 | E     File "E:\code_project\cc_p\auto_case\core\api\client.py", line 48
2025-08-10 12:39:40 | INFO | __main__:run_tests:218 | E       // 决策理由：使用 urllib3 Retry 对常见瞬时错误（5xx/429）进行自动重试，提升稳定性
2025-08-10 12:39:40 | INFO | __main__:run_tests:218 | E              ^
2025-08-10 12:39:40 | INFO | __main__:run_tests:218 | E   SyntaxError: invalid character '：' (U+FF1A)
2025-08-10 12:39:40 | ERROR | __main__:main:321 | ============================================================
2025-08-10 12:39:40 | ERROR | __main__:main:322 | 测试执行完成 - 失败
2025-08-10 12:39:40 | ERROR | __main__:main:323 | ============================================================
2025-08-10 12:40:06 | INFO | utils.config_parser:load_config:24 | 加载配置文件成功: E:\code_project\cc_p\auto_case\config\config.yaml
2025-08-10 12:40:06 | INFO | utils.config_parser:load_env_config:48 | 加载环境配置成功: dev
2025-08-10 12:40:06 | INFO | __main__:main:304 | ============================================================
2025-08-10 12:40:06 | INFO | __main__:main:305 | 自动化测试框架启动
2025-08-10 12:40:06 | INFO | __main__:main:306 | ============================================================
2025-08-10 12:40:06 | INFO | utils.config_parser:load_env_config:48 | 加载环境配置成功: dev
2025-08-10 12:40:06 | INFO | utils.config_parser:load_env_config:48 | 加载环境配置成功: dev
2025-08-10 12:40:06 | WARNING | utils.report_helper:rotate_history:366 | 归档报告历史失败: name 'shutil' is not defined
2025-08-10 12:40:06 | INFO | __main__:prepare_directories:101 | 目录准备完成
2025-08-10 12:40:06 | INFO | __main__:run_tests:212 | 执行测试命令: python -m pytest test_case/test_api.py -m smoke --html reports/html/report.html --self-contained-html -v --tb=short --timeout 300
2025-08-10 12:40:06 | INFO | __main__:run_tests:218 | D:\python\lib\site-packages\_pytest\config\__init__.py:331: PluggyTeardownRaisedWarning: A plugin raised an exception during an old-style hookwrapper teardown.
2025-08-10 12:40:06 | INFO | __main__:run_tests:218 | Plugin: helpconfig, Hook: pytest_cmdline_parse
2025-08-10 12:40:06 | INFO | __main__:run_tests:218 | ConftestImportFailure: SyntaxError: expected 'except' or 'finally' block (client.py, line 41) (from E:\code_project\cc_p\auto_case\test_case\conftest.py)
2025-08-10 12:40:06 | INFO | __main__:run_tests:218 | For more information see https://pluggy.readthedocs.io/en/stable/api_reference.html#pluggy.PluggyTeardownRaisedWarning
2025-08-10 12:40:06 | INFO | __main__:run_tests:218 |   config = pluginmanager.hook.pytest_cmdline_parse(
2025-08-10 12:40:06 | INFO | __main__:run_tests:218 | ImportError while loading conftest 'E:\code_project\cc_p\auto_case\test_case\conftest.py'.
2025-08-10 12:40:06 | INFO | __main__:run_tests:218 | test_case\conftest.py:13: in <module>
2025-08-10 12:40:06 | INFO | __main__:run_tests:218 |     from core.api.client import get_api_client
2025-08-10 12:40:06 | INFO | __main__:run_tests:218 | E     File "E:\code_project\cc_p\auto_case\core\api\client.py", line 41
2025-08-10 12:40:06 | INFO | __main__:run_tests:218 | E       global_headers = config.get('global_headers', {})
2025-08-10 12:40:06 | INFO | __main__:run_tests:218 | E       ^^^^^^^^^^^^^^
2025-08-10 12:40:06 | INFO | __main__:run_tests:218 | E   SyntaxError: expected 'except' or 'finally' block
2025-08-10 12:40:06 | ERROR | __main__:main:321 | ============================================================
2025-08-10 12:40:06 | ERROR | __main__:main:322 | 测试执行完成 - 失败
2025-08-10 12:40:06 | ERROR | __main__:main:323 | ============================================================
2025-08-10 12:40:45 | INFO | utils.config_parser:load_config:24 | 加载配置文件成功: E:\code_project\cc_p\auto_case\config\config.yaml
2025-08-10 12:40:45 | INFO | utils.config_parser:load_env_config:48 | 加载环境配置成功: dev
2025-08-10 12:40:45 | INFO | __main__:main:304 | ============================================================
2025-08-10 12:40:45 | INFO | __main__:main:305 | 自动化测试框架启动
2025-08-10 12:40:45 | INFO | __main__:main:306 | ============================================================
2025-08-10 12:40:45 | INFO | utils.config_parser:load_env_config:48 | 加载环境配置成功: dev
2025-08-10 12:40:45 | INFO | utils.config_parser:load_env_config:48 | 加载环境配置成功: dev
2025-08-10 12:40:45 | WARNING | utils.report_helper:rotate_history:366 | 归档报告历史失败: name 'shutil' is not defined
2025-08-10 12:40:45 | INFO | __main__:prepare_directories:101 | 目录准备完成
2025-08-10 12:40:45 | INFO | __main__:run_tests:212 | 执行测试命令: python -m pytest test_case/test_api.py -m smoke --html reports/html/report.html --self-contained-html -v --tb=short --timeout 300
2025-08-10 12:40:46 | INFO | utils.config_parser:load_config:24 | 加载配置文件成功: E:\code_project\cc_p\auto_case\config\config.yaml
2025-08-10 12:40:46 | INFO | utils.config_parser:load_env_config:48 | 加载环境配置成功: dev
2025-08-10 12:40:46 | INFO | utils.file_helper:clean_directory:641 | 清理目录成功: screenshots
2025-08-10 12:40:46 | INFO | test_case.conftest:pytest_configure:29 | 已清空截图目录: screenshots
2025-08-10 12:40:46 | INFO | test_case.conftest:pytest_sessionstart:73 | ============================================================
2025-08-10 12:40:46 | INFO | test_case.conftest:pytest_sessionstart:74 | 测试会话开始
2025-08-10 12:40:46 | INFO | test_case.conftest:pytest_sessionstart:75 | ============================================================
2025-08-10 12:40:46 | INFO | __main__:run_tests:218 | ============================= test session starts =============================
2025-08-10 12:40:46 | INFO | __main__:run_tests:218 | platform win32 -- Python 3.10.6, pytest-7.4.3, pluggy-1.6.0 -- D:\python\python.exe
2025-08-10 12:40:46 | INFO | __main__:run_tests:218 | cachedir: .pytest_cache
2025-08-10 12:40:46 | INFO | __main__:run_tests:218 | metadata: {'Python': '3.10.6', 'Platform': 'Windows-10-10.0.22631-SP0', 'Packages': {'pytest': '7.4.3', 'pluggy': '1.6.0'}, 'Plugins': {'allure-pytest': '2.13.2', 'anyio': '3.7.1', 'Faker': '37.4.0', 'asyncio': '0.21.1', 'base-url': '2.1.0', 'cov': '4.1.0', 'html': '4.1.1', 'metadata': '3.1.1', 'mock': '3.14.1', 'playwright': '0.7.0', 'rerunfailures': '15.1', 'timeout': '2.4.0', 'xdist': '3.8.0'}, 'JAVA_HOME': 'D:\\jdk', 'Base URL': ''}
2025-08-10 12:40:46 | INFO | __main__:run_tests:218 | rootdir: E:\code_project\cc_p\auto_case
2025-08-10 12:40:46 | INFO | __main__:run_tests:218 | configfile: pytest.ini
2025-08-10 12:40:46 | INFO | __main__:run_tests:218 | plugins: allure-pytest-2.13.2, anyio-3.7.1, Faker-37.4.0, asyncio-0.21.1, base-url-2.1.0, cov-4.1.0, html-4.1.1, metadata-3.1.1, mock-3.14.1, playwright-0.7.0, rerunfailures-15.1, timeout-2.4.0, xdist-3.8.0
2025-08-10 12:40:46 | INFO | __main__:run_tests:218 | asyncio: mode=strict
2025-08-10 12:40:46 | INFO | __main__:run_tests:218 | timeout: 300.0s
2025-08-10 12:40:46 | INFO | __main__:run_tests:218 | timeout method: thread
2025-08-10 12:40:46 | INFO | __main__:run_tests:218 | timeout func_only: False
2025-08-10 12:40:47 | DEBUG | core.base.keywords_base:__init__:11 | 初始化关键字类: APIKeywords
2025-08-10 12:40:47 | INFO | utils.config_parser:load_env_config:48 | 加载环境配置成功: dev
2025-08-10 12:40:47 | INFO | core.api.client:__init__:68 | API客户端初始化完成: https://dev-api.example.com
2025-08-10 12:40:47 | INFO | test_case.conftest:pytest_runtest_setup:151 | 开始执行测试: test_single_api_cases
2025-08-10 12:40:47 | INFO | __main__:run_tests:218 | collecting ... collected 2 items
2025-08-10 12:40:47 | INFO | __main__:run_tests:218 | 
2025-08-10 12:40:47 | INFO | utils.config_parser:load_env_config:48 | 加载环境配置成功: dev
2025-08-10 12:40:47 | INFO | test_case.conftest:test_config:221 | 加载测试配置完成
2025-08-10 12:40:47 | DEBUG | utils.file_helper:read_yaml:155 | 读取YAML文件成功: config\test_data.yaml
2025-08-10 12:40:47 | INFO | core.api.client:login:296 | 开始执行全局登录: POST /api/login
2025-08-10 12:40:47 | DEBUG | utils.logger:log_api_request:162 | API请求: POST https://dev-api.example.com/api/login
2025-08-10 12:40:47 | DEBUG | utils.logger:log_api_request:164 | 请求头: {'User-Agent': 'python-requests/2.31.0', 'Accept-Encoding': 'gzip, deflate, br', 'Accept': '*/*', 'Connection': 'keep-alive', 'Content-Type': 'application/json'}
2025-08-10 12:40:47 | DEBUG | utils.logger:log_api_request:166 | 请求数据: {'username': 'admin', 'password': '***'}
2025-08-10 12:40:55 | WARNING | core.api.client:_execute_with_retry:202 | 请求失败，1秒后重试 (第1次): HTTPSConnectionPool(host='dev-api.example.com', port=443): Max retries exceeded with url: /api/login (Caused by SSLError(SSLEOFError(8, 'EOF occurred in violation of protocol (_ssl.c:997)')))
2025-08-10 12:41:03 | WARNING | core.api.client:_execute_with_retry:202 | 请求失败，2秒后重试 (第2次): HTTPSConnectionPool(host='dev-api.example.com', port=443): Max retries exceeded with url: /api/login (Caused by SSLError(SSLEOFError(8, 'EOF occurred in violation of protocol (_ssl.c:997)')))
2025-08-10 12:41:12 | WARNING | core.api.client:_execute_with_retry:202 | 请求失败，4秒后重试 (第3次): HTTPSConnectionPool(host='dev-api.example.com', port=443): Max retries exceeded with url: /api/login (Caused by SSLError(SSLEOFError(8, 'EOF occurred in violation of protocol (_ssl.c:997)')))
2025-08-10 12:41:23 | ERROR | core.api.client:_execute_with_retry:205 | 请求失败，已重试3次: HTTPSConnectionPool(host='dev-api.example.com', port=443): Max retries exceeded with url: /api/login (Caused by SSLError(SSLEOFError(8, 'EOF occurred in violation of protocol (_ssl.c:997)')))
2025-08-10 12:41:23 | ERROR | core.api.client:login:362 | 全局登录异常: HTTPSConnectionPool(host='dev-api.example.com', port=443): Max retries exceeded with url: /api/login (Caused by SSLError(SSLEOFError(8, 'EOF occurred in violation of protocol (_ssl.c:997)')))
2025-08-10 12:41:23 | WARNING | test_case.conftest:api_client:254 | API全局登录失败
2025-08-10 12:41:23 | INFO | __main__:run_tests:218 | test_case/test_api.py::TestAPI::test_single_api_cases --- Logging error in Loguru Handler #1 ---
2025-08-10 12:41:23 | INFO | __main__:run_tests:218 | Record was: {'elapsed': datetime.timedelta(seconds=37, microseconds=417693), 'exception': None, 'extra': {}, 'file': (name='conftest.py', path='E:\\code_project\\cc_p\\auto_case\\test_case\\conftest.py'), 'function': 'pytest_sessionfinish', 'level': (name='INFO', no=20, icon='\u2139\ufe0f'), 'line': 80, 'message': '============================================================', 'module': 'conftest', 'name': 'test_case.conftest', 'process': (id=11268, name='MainProcess'), 'thread': (id=17860, name='MainThread'), 'time': datetime(2025, 8, 10, 12, 41, 23, 859371, tzinfo=datetime.timezone(datetime.timedelta(seconds=28800), '中国标准时间'))}
2025-08-10 12:41:23 | INFO | test_case.conftest:pytest_sessionfinish:80 | ============================================================
2025-08-10 12:41:23 | INFO | __main__:run_tests:218 | Traceback (most recent call last):
2025-08-10 12:41:23 | INFO | __main__:run_tests:218 |   File "D:\python\lib\site-packages\loguru\_handler.py", line 206, in emit
2025-08-10 12:41:23 | INFO | test_case.conftest:pytest_sessionfinish:81 | 测试会话结束，退出状态: 3
2025-08-10 12:41:23 | INFO | __main__:run_tests:218 |   File "D:\python\lib\site-packages\loguru\_simple_sinks.py", line 16, in write
2025-08-10 12:41:23 | INFO | __main__:run_tests:218 |     self._stream.write(message)
2025-08-10 12:41:23 | INFO | test_case.conftest:pytest_sessionfinish:82 | ============================================================
2025-08-10 12:41:23 | INFO | __main__:run_tests:218 | ValueError: I/O operation on closed file.
2025-08-10 12:41:23 | INFO | __main__:run_tests:218 | --- End of logging error ---
2025-08-10 12:41:23 | INFO | test_case.conftest:pytest_sessionfinish:138 | 测试结果统计: 总计=0, 通过=0, 失败=0, 错误=0, 跳过=0, 通过率=0%
2025-08-10 12:41:23 | INFO | __main__:run_tests:218 | --- Logging error in Loguru Handler #1 ---
2025-08-10 12:41:23 | DEBUG | utils.notify_helper:send_test_result_notification:30 | 通知功能未启用
2025-08-10 12:41:23 | INFO | __main__:run_tests:218 | Record was: {'elapsed': datetime.timedelta(seconds=37, microseconds=432094), 'exception': None, 'extra': {}, 'file': (name='conftest.py', path='E:\\code_project\\cc_p\\auto_case\\test_case\\conftest.py'), 'function': 'pytest_sessionfinish', 'level': (name='INFO', no=20, icon='\u2139\ufe0f'), 'line': 81, 'message': '测试会话结束，退出状态: 3', 'module': 'conftest', 'name': 'test_case.conftest', 'process': (id=11268, name='MainProcess'), 'thread': (id=17860, name='MainThread'), 'time': datetime(2025, 8, 10, 12, 41, 23, 873772, tzinfo=datetime.timezone(datetime.timedelta(seconds=28800), '中国标准时间'))}
2025-08-10 12:41:23 | INFO | __main__:run_tests:218 | Traceback (most recent call last):
2025-08-10 12:41:23 | INFO | __main__:run_tests:218 |   File "D:\python\lib\site-packages\loguru\_handler.py", line 206, in emit
2025-08-10 12:41:23 | INFO | core.api.client:logout:396 | 未配置登出接口，跳过登出请求
2025-08-10 12:41:23 | INFO | __main__:run_tests:218 |     self._sink.write(str_record)
2025-08-10 12:41:23 | INFO | __main__:run_tests:218 |   File "D:\python\lib\site-packages\loguru\_simple_sinks.py", line 16, in write
2025-08-10 12:41:23 | INFO | core.api.client:clear_token:432 | token已清除
2025-08-10 12:41:23 | INFO | __main__:run_tests:218 |     self._stream.write(message)
2025-08-10 12:41:23 | INFO | __main__:run_tests:218 | ValueError: I/O operation on closed file.
2025-08-10 12:41:23 | INFO | core.api.client:logout:403 | 登出操作完成
2025-08-10 12:41:23 | INFO | __main__:run_tests:218 | --- End of logging error ---
2025-08-10 12:41:23 | INFO | core.api.client:close:440 | API客户端会话已关闭
2025-08-10 12:41:23 | INFO | __main__:run_tests:218 | --- Logging error in Loguru Handler #1 ---
2025-08-10 12:41:23 | INFO | __main__:run_tests:218 | Record was: {'elapsed': datetime.timedelta(seconds=37, microseconds=432094), 'exception': None, 'extra': {}, 'file': (name='conftest.py', path='E:\\code_project\\cc_p\\auto_case\\test_case\\conftest.py'), 'function': 'pytest_sessionfinish', 'level': (name='INFO', no=20, icon='\u2139\ufe0f'), 'line': 82, 'message': '============================================================', 'module': 'conftest', 'name': 'test_case.conftest', 'process': (id=11268, name='MainProcess'), 'thread': (id=17860, name='MainThread'), 'time': datetime(2025, 8, 10, 12, 41, 23, 873772, tzinfo=datetime.timezone(datetime.timedelta(seconds=28800), '中国标准时间'))}
2025-08-10 12:41:23 | INFO | __main__:run_tests:218 | Traceback (most recent call last):
2025-08-10 12:41:23 | INFO | __main__:run_tests:218 |   File "D:\python\lib\site-packages\loguru\_handler.py", line 206, in emit
2025-08-10 12:41:23 | INFO | __main__:run_tests:218 |     self._sink.write(str_record)
2025-08-10 12:41:23 | INFO | __main__:run_tests:218 |   File "D:\python\lib\site-packages\loguru\_simple_sinks.py", line 16, in write
2025-08-10 12:41:23 | INFO | __main__:run_tests:218 |     self._stream.write(message)
2025-08-10 12:41:23 | INFO | __main__:run_tests:218 | ValueError: I/O operation on closed file.
2025-08-10 12:41:23 | INFO | __main__:run_tests:218 | --- End of logging error ---
2025-08-10 12:41:23 | INFO | __main__:run_tests:218 | --- Logging error in Loguru Handler #1 ---
2025-08-10 12:41:23 | INFO | __main__:run_tests:218 | Record was: {'elapsed': datetime.timedelta(seconds=37, microseconds=432094), 'exception': None, 'extra': {}, 'file': (name='conftest.py', path='E:\\code_project\\cc_p\\auto_case\\test_case\\conftest.py'), 'function': 'pytest_sessionfinish', 'level': (name='INFO', no=20, icon='\u2139\ufe0f'), 'line': 138, 'message': '测试结果统计: 总计=0, 通过=0, 失败=0, 错误=0, 跳过=0, 通过率=0%', 'module': 'conftest', 'name': 'test_case.conftest', 'process': (id=11268, name='MainProcess'), 'thread': (id=17860, name='MainThread'), 'time': datetime(2025, 8, 10, 12, 41, 23, 873772, tzinfo=datetime.timezone(datetime.timedelta(seconds=28800), '中国标准时间'))}
2025-08-10 12:41:23 | INFO | __main__:run_tests:218 | Traceback (most recent call last):
2025-08-10 12:41:23 | INFO | __main__:run_tests:218 |   File "D:\python\lib\site-packages\loguru\_handler.py", line 206, in emit
2025-08-10 12:41:23 | INFO | __main__:run_tests:218 |     self._sink.write(str_record)
2025-08-10 12:41:23 | INFO | __main__:run_tests:218 |   File "D:\python\lib\site-packages\loguru\_simple_sinks.py", line 16, in write
2025-08-10 12:41:23 | INFO | __main__:run_tests:218 |     self._stream.write(message)
2025-08-10 12:41:23 | INFO | __main__:run_tests:218 | ValueError: I/O operation on closed file.
2025-08-10 12:41:23 | INFO | __main__:run_tests:218 | --- End of logging error ---
2025-08-10 12:41:23 | INFO | __main__:run_tests:218 | --- Logging error in Loguru Handler #1 ---
2025-08-10 12:41:23 | INFO | __main__:run_tests:218 | Record was: {'elapsed': datetime.timedelta(seconds=37, microseconds=432094), 'exception': None, 'extra': {}, 'file': (name='client.py', path='E:\\code_project\\cc_p\\auto_case\\core\\api\\client.py'), 'function': 'logout', 'level': (name='INFO', no=20, icon='\u2139\ufe0f'), 'line': 396, 'message': '未配置登出接口，跳过登出请求', 'module': 'client', 'name': 'core.api.client', 'process': (id=11268, name='MainProcess'), 'thread': (id=17860, name='MainThread'), 'time': datetime(2025, 8, 10, 12, 41, 23, 873772, tzinfo=datetime.timezone(datetime.timedelta(seconds=28800), '中国标准时间'))}
2025-08-10 12:41:23 | INFO | __main__:run_tests:218 | Traceback (most recent call last):
2025-08-10 12:41:23 | INFO | __main__:run_tests:218 |   File "D:\python\lib\site-packages\loguru\_handler.py", line 206, in emit
2025-08-10 12:41:23 | INFO | __main__:run_tests:218 |     self._sink.write(str_record)
2025-08-10 12:41:23 | INFO | __main__:run_tests:218 |   File "D:\python\lib\site-packages\loguru\_simple_sinks.py", line 16, in write
2025-08-10 12:41:23 | INFO | __main__:run_tests:218 |     self._stream.write(message)
2025-08-10 12:41:23 | INFO | __main__:run_tests:218 | ValueError: I/O operation on closed file.
2025-08-10 12:41:23 | INFO | __main__:run_tests:218 | --- End of logging error ---
2025-08-10 12:41:23 | INFO | __main__:run_tests:218 | --- Logging error in Loguru Handler #1 ---
2025-08-10 12:41:23 | INFO | __main__:run_tests:218 | Record was: {'elapsed': datetime.timedelta(seconds=37, microseconds=432094), 'exception': None, 'extra': {}, 'file': (name='client.py', path='E:\\code_project\\cc_p\\auto_case\\core\\api\\client.py'), 'function': 'clear_token', 'level': (name='INFO', no=20, icon='\u2139\ufe0f'), 'line': 432, 'message': 'token已清除', 'module': 'client', 'name': 'core.api.client', 'process': (id=11268, name='MainProcess'), 'thread': (id=17860, name='MainThread'), 'time': datetime(2025, 8, 10, 12, 41, 23, 873772, tzinfo=datetime.timezone(datetime.timedelta(seconds=28800), '中国标准时间'))}
2025-08-10 12:41:23 | INFO | __main__:run_tests:218 | Traceback (most recent call last):
2025-08-10 12:41:23 | INFO | __main__:run_tests:218 |   File "D:\python\lib\site-packages\loguru\_handler.py", line 206, in emit
2025-08-10 12:41:23 | INFO | __main__:run_tests:218 |     self._sink.write(str_record)
2025-08-10 12:41:23 | INFO | __main__:run_tests:218 |   File "D:\python\lib\site-packages\loguru\_simple_sinks.py", line 16, in write
2025-08-10 12:41:23 | INFO | __main__:run_tests:218 |     self._stream.write(message)
2025-08-10 12:41:23 | INFO | __main__:run_tests:218 | ValueError: I/O operation on closed file.
2025-08-10 12:41:23 | INFO | __main__:run_tests:218 | --- End of logging error ---
2025-08-10 12:41:23 | INFO | __main__:run_tests:218 | --- Logging error in Loguru Handler #1 ---
2025-08-10 12:41:23 | INFO | __main__:run_tests:218 | Record was: {'elapsed': datetime.timedelta(seconds=37, microseconds=432094), 'exception': None, 'extra': {}, 'file': (name='client.py', path='E:\\code_project\\cc_p\\auto_case\\core\\api\\client.py'), 'function': 'logout', 'level': (name='INFO', no=20, icon='\u2139\ufe0f'), 'line': 403, 'message': '登出操作完成', 'module': 'client', 'name': 'core.api.client', 'process': (id=11268, name='MainProcess'), 'thread': (id=17860, name='MainThread'), 'time': datetime(2025, 8, 10, 12, 41, 23, 873772, tzinfo=datetime.timezone(datetime.timedelta(seconds=28800), '中国标准时间'))}
2025-08-10 12:41:23 | INFO | __main__:run_tests:218 | Traceback (most recent call last):
2025-08-10 12:41:23 | INFO | __main__:run_tests:218 |   File "D:\python\lib\site-packages\loguru\_handler.py", line 206, in emit
2025-08-10 12:41:23 | INFO | __main__:run_tests:218 |     self._sink.write(str_record)
2025-08-10 12:41:23 | INFO | __main__:run_tests:218 |   File "D:\python\lib\site-packages\loguru\_simple_sinks.py", line 16, in write
2025-08-10 12:41:23 | INFO | __main__:run_tests:218 |     self._stream.write(message)
2025-08-10 12:41:23 | INFO | __main__:run_tests:218 | ValueError: I/O operation on closed file.
2025-08-10 12:41:23 | INFO | __main__:run_tests:218 | --- End of logging error ---
2025-08-10 12:41:23 | INFO | __main__:run_tests:218 | --- Logging error in Loguru Handler #1 ---
2025-08-10 12:41:23 | INFO | __main__:run_tests:218 | Record was: {'elapsed': datetime.timedelta(seconds=37, microseconds=432094), 'exception': None, 'extra': {}, 'file': (name='client.py', path='E:\\code_project\\cc_p\\auto_case\\core\\api\\client.py'), 'function': 'close', 'level': (name='INFO', no=20, icon='\u2139\ufe0f'), 'line': 440, 'message': 'API客户端会话已关闭', 'module': 'client', 'name': 'core.api.client', 'process': (id=11268, name='MainProcess'), 'thread': (id=17860, name='MainThread'), 'time': datetime(2025, 8, 10, 12, 41, 23, 873772, tzinfo=datetime.timezone(datetime.timedelta(seconds=28800), '中国标准时间'))}
2025-08-10 12:41:23 | INFO | __main__:run_tests:218 | Traceback (most recent call last):
2025-08-10 12:41:23 | INFO | __main__:run_tests:218 |   File "D:\python\lib\site-packages\loguru\_handler.py", line 206, in emit
2025-08-10 12:41:23 | INFO | __main__:run_tests:218 |     self._sink.write(str_record)
2025-08-10 12:41:23 | INFO | __main__:run_tests:218 |   File "D:\python\lib\site-packages\loguru\_simple_sinks.py", line 16, in write
2025-08-10 12:41:23 | INFO | __main__:run_tests:218 |     self._stream.write(message)
2025-08-10 12:41:23 | INFO | __main__:run_tests:218 | ValueError: I/O operation on closed file.
2025-08-10 12:41:23 | INFO | __main__:run_tests:218 | --- End of logging error ---
2025-08-10 12:41:23 | INFO | __main__:run_tests:218 | 
2025-08-10 12:41:23 | INFO | __main__:run_tests:218 | INTERNALERROR> Traceback (most recent call last):
2025-08-10 12:41:23 | INFO | __main__:run_tests:218 | INTERNALERROR>   File "D:\python\lib\site-packages\_pytest\main.py", line 271, in wrap_session
2025-08-10 12:41:23 | INFO | __main__:run_tests:218 | INTERNALERROR>     session.exitstatus = doit(config, session) or 0
2025-08-10 12:41:23 | INFO | __main__:run_tests:218 | INTERNALERROR>   File "D:\python\lib\site-packages\_pytest\main.py", line 325, in _main
2025-08-10 12:41:23 | INFO | __main__:run_tests:218 | INTERNALERROR>     config.hook.pytest_runtestloop(session=session)
2025-08-10 12:41:23 | INFO | __main__:run_tests:218 | INTERNALERROR>   File "D:\python\lib\site-packages\pluggy\_hooks.py", line 512, in __call__
2025-08-10 12:41:23 | INFO | __main__:run_tests:218 | INTERNALERROR>     return self._hookexec(self.name, self._hookimpls.copy(), kwargs, firstresult)
2025-08-10 12:41:23 | INFO | __main__:run_tests:218 | INTERNALERROR>   File "D:\python\lib\site-packages\pluggy\_manager.py", line 120, in _hookexec
2025-08-10 12:41:23 | INFO | __main__:run_tests:218 | INTERNALERROR>     return self._inner_hookexec(hook_name, methods, kwargs, firstresult)
2025-08-10 12:41:23 | INFO | __main__:run_tests:218 | INTERNALERROR>   File "D:\python\lib\site-packages\pluggy\_callers.py", line 167, in _multicall
2025-08-10 12:41:23 | INFO | __main__:run_tests:218 | INTERNALERROR>     raise exception
2025-08-10 12:41:23 | INFO | __main__:run_tests:218 | INTERNALERROR>   File "D:\python\lib\site-packages\pluggy\_callers.py", line 139, in _multicall
2025-08-10 12:41:23 | INFO | __main__:run_tests:218 | INTERNALERROR>     teardown.throw(exception)
2025-08-10 12:41:23 | INFO | __main__:run_tests:218 | INTERNALERROR>   File "D:\python\lib\site-packages\pluggy\_callers.py", line 53, in run_old_style_hookwrapper
2025-08-10 12:41:23 | INFO | __main__:run_tests:218 | INTERNALERROR>     return result.get_result()
2025-08-10 12:41:23 | INFO | __main__:run_tests:218 | INTERNALERROR>   File "D:\python\lib\site-packages\pluggy\_result.py", line 103, in get_result
2025-08-10 12:41:23 | INFO | __main__:run_tests:218 | INTERNALERROR>     raise exc.with_traceback(tb)
2025-08-10 12:41:23 | INFO | __main__:run_tests:218 | INTERNALERROR>   File "D:\python\lib\site-packages\pluggy\_callers.py", line 38, in run_old_style_hookwrapper
2025-08-10 12:41:23 | INFO | __main__:run_tests:218 | INTERNALERROR>     res = yield
2025-08-10 12:41:23 | INFO | __main__:run_tests:218 | INTERNALERROR>   File "D:\python\lib\site-packages\pluggy\_callers.py", line 121, in _multicall
2025-08-10 12:41:23 | INFO | __main__:run_tests:218 | INTERNALERROR>     res = hook_impl.function(*args)
2025-08-10 12:41:23 | INFO | __main__:run_tests:218 | INTERNALERROR>   File "D:\python\lib\site-packages\_pytest\main.py", line 350, in pytest_runtestloop
2025-08-10 12:41:23 | INFO | __main__:run_tests:218 | INTERNALERROR>     item.config.hook.pytest_runtest_protocol(item=item, nextitem=nextitem)
2025-08-10 12:41:23 | INFO | __main__:run_tests:218 | INTERNALERROR>   File "D:\python\lib\site-packages\pluggy\_hooks.py", line 512, in __call__
2025-08-10 12:41:23 | INFO | __main__:run_tests:218 | INTERNALERROR>     return self._hookexec(self.name, self._hookimpls.copy(), kwargs, firstresult)
2025-08-10 12:41:23 | INFO | __main__:run_tests:218 | INTERNALERROR>   File "D:\python\lib\site-packages\pluggy\_manager.py", line 120, in _hookexec
2025-08-10 12:41:23 | INFO | __main__:run_tests:218 | INTERNALERROR>     return self._inner_hookexec(hook_name, methods, kwargs, firstresult)
2025-08-10 12:41:23 | INFO | __main__:run_tests:218 | INTERNALERROR>   File "D:\python\lib\site-packages\pluggy\_callers.py", line 167, in _multicall
2025-08-10 12:41:23 | INFO | __main__:run_tests:218 | INTERNALERROR>     raise exception
2025-08-10 12:41:23 | INFO | __main__:run_tests:218 | INTERNALERROR>   File "D:\python\lib\site-packages\pluggy\_callers.py", line 139, in _multicall
2025-08-10 12:41:23 | INFO | __main__:run_tests:218 | INTERNALERROR>     teardown.throw(exception)
2025-08-10 12:41:23 | INFO | __main__:run_tests:218 | INTERNALERROR>   File "D:\python\lib\site-packages\pluggy\_callers.py", line 53, in run_old_style_hookwrapper
2025-08-10 12:41:23 | INFO | __main__:run_tests:218 | INTERNALERROR>     return result.get_result()
2025-08-10 12:41:23 | INFO | __main__:run_tests:218 | INTERNALERROR>   File "D:\python\lib\site-packages\pluggy\_result.py", line 103, in get_result
2025-08-10 12:41:23 | INFO | __main__:run_tests:218 | INTERNALERROR>     raise exc.with_traceback(tb)
2025-08-10 12:41:23 | INFO | __main__:run_tests:218 | INTERNALERROR>   File "D:\python\lib\site-packages\pluggy\_callers.py", line 38, in run_old_style_hookwrapper
2025-08-10 12:41:23 | INFO | __main__:run_tests:218 | INTERNALERROR>     res = yield
2025-08-10 12:41:23 | INFO | __main__:run_tests:218 | INTERNALERROR>   File "D:\python\lib\site-packages\pluggy\_callers.py", line 139, in _multicall
2025-08-10 12:41:23 | INFO | __main__:run_tests:218 | INTERNALERROR>     teardown.throw(exception)
2025-08-10 12:41:23 | INFO | __main__:run_tests:218 | INTERNALERROR>   File "D:\python\lib\site-packages\pluggy\_callers.py", line 53, in run_old_style_hookwrapper
2025-08-10 12:41:23 | INFO | __main__:run_tests:218 | INTERNALERROR>     return result.get_result()
2025-08-10 12:41:23 | INFO | __main__:run_tests:218 | INTERNALERROR>   File "D:\python\lib\site-packages\pluggy\_result.py", line 103, in get_result
2025-08-10 12:41:23 | INFO | __main__:run_tests:218 | INTERNALERROR>     raise exc.with_traceback(tb)
2025-08-10 12:41:23 | INFO | __main__:run_tests:218 | INTERNALERROR>   File "D:\python\lib\site-packages\pluggy\_callers.py", line 38, in run_old_style_hookwrapper
2025-08-10 12:41:23 | INFO | __main__:run_tests:218 | INTERNALERROR>     res = yield
2025-08-10 12:41:23 | INFO | __main__:run_tests:218 | INTERNALERROR>   File "D:\python\lib\site-packages\pluggy\_callers.py", line 139, in _multicall
2025-08-10 12:41:23 | INFO | __main__:run_tests:218 | INTERNALERROR>     teardown.throw(exception)
2025-08-10 12:41:23 | INFO | __main__:run_tests:218 | INTERNALERROR>   File "D:\python\lib\site-packages\pluggy\_callers.py", line 53, in run_old_style_hookwrapper
2025-08-10 12:41:23 | INFO | __main__:run_tests:218 | INTERNALERROR>     return result.get_result()
2025-08-10 12:41:23 | INFO | __main__:run_tests:218 | INTERNALERROR>   File "D:\python\lib\site-packages\pluggy\_result.py", line 103, in get_result
2025-08-10 12:41:23 | INFO | __main__:run_tests:218 | INTERNALERROR>     raise exc.with_traceback(tb)
2025-08-10 12:41:23 | INFO | __main__:run_tests:218 | INTERNALERROR>   File "D:\python\lib\site-packages\pluggy\_callers.py", line 38, in run_old_style_hookwrapper
2025-08-10 12:41:23 | INFO | __main__:run_tests:218 | INTERNALERROR>     res = yield
2025-08-10 12:41:23 | INFO | __main__:run_tests:218 | INTERNALERROR>   File "D:\python\lib\site-packages\pluggy\_callers.py", line 139, in _multicall
2025-08-10 12:41:23 | INFO | __main__:run_tests:218 | INTERNALERROR>     teardown.throw(exception)
2025-08-10 12:41:23 | INFO | __main__:run_tests:218 | INTERNALERROR>   File "D:\python\lib\site-packages\pluggy\_callers.py", line 53, in run_old_style_hookwrapper
2025-08-10 12:41:23 | INFO | __main__:run_tests:218 | INTERNALERROR>     return result.get_result()
2025-08-10 12:41:23 | INFO | __main__:run_tests:218 | INTERNALERROR>   File "D:\python\lib\site-packages\pluggy\_result.py", line 103, in get_result
2025-08-10 12:41:23 | INFO | __main__:run_tests:218 | INTERNALERROR>     raise exc.with_traceback(tb)
2025-08-10 12:41:23 | INFO | __main__:run_tests:218 | INTERNALERROR>   File "D:\python\lib\site-packages\pluggy\_callers.py", line 38, in run_old_style_hookwrapper
2025-08-10 12:41:23 | INFO | __main__:run_tests:218 | INTERNALERROR>     res = yield
2025-08-10 12:41:23 | INFO | __main__:run_tests:218 | INTERNALERROR>   File "D:\python\lib\site-packages\pluggy\_callers.py", line 139, in _multicall
2025-08-10 12:41:23 | INFO | __main__:run_tests:218 | INTERNALERROR>     teardown.throw(exception)
2025-08-10 12:41:23 | INFO | __main__:run_tests:218 | INTERNALERROR>   File "D:\python\lib\site-packages\pluggy\_callers.py", line 53, in run_old_style_hookwrapper
2025-08-10 12:41:23 | INFO | __main__:run_tests:218 | INTERNALERROR>     return result.get_result()
2025-08-10 12:41:23 | INFO | __main__:run_tests:218 | INTERNALERROR>   File "D:\python\lib\site-packages\pluggy\_result.py", line 103, in get_result
2025-08-10 12:41:23 | INFO | __main__:run_tests:218 | INTERNALERROR>     raise exc.with_traceback(tb)
2025-08-10 12:41:23 | INFO | __main__:run_tests:218 | INTERNALERROR>   File "D:\python\lib\site-packages\pluggy\_callers.py", line 38, in run_old_style_hookwrapper
2025-08-10 12:41:23 | INFO | __main__:run_tests:218 | INTERNALERROR>     res = yield
2025-08-10 12:41:23 | INFO | __main__:run_tests:218 | INTERNALERROR>   File "D:\python\lib\site-packages\pluggy\_callers.py", line 121, in _multicall
2025-08-10 12:41:23 | INFO | __main__:run_tests:218 | INTERNALERROR>     res = hook_impl.function(*args)
2025-08-10 12:41:23 | INFO | __main__:run_tests:218 | INTERNALERROR>   File "D:\python\lib\site-packages\_pytest\runner.py", line 114, in pytest_runtest_protocol
2025-08-10 12:41:23 | INFO | __main__:run_tests:218 | INTERNALERROR>     runtestprotocol(item, nextitem=nextitem)
2025-08-10 12:41:23 | INFO | __main__:run_tests:218 | INTERNALERROR>   File "D:\python\lib\site-packages\_pytest\runner.py", line 127, in runtestprotocol
2025-08-10 12:41:23 | INFO | __main__:run_tests:218 | INTERNALERROR>     rep = call_and_report(item, "setup", log)
2025-08-10 12:41:23 | INFO | __main__:run_tests:218 | INTERNALERROR>   File "D:\python\lib\site-packages\_pytest\runner.py", line 224, in call_and_report
2025-08-10 12:41:23 | INFO | __main__:run_tests:218 | INTERNALERROR>     report: TestReport = hook.pytest_runtest_makereport(item=item, call=call)
2025-08-10 12:41:23 | INFO | __main__:run_tests:218 | INTERNALERROR>   File "D:\python\lib\site-packages\pluggy\_hooks.py", line 512, in __call__
2025-08-10 12:41:23 | INFO | __main__:run_tests:218 | INTERNALERROR>     return self._hookexec(self.name, self._hookimpls.copy(), kwargs, firstresult)
2025-08-10 12:41:23 | INFO | __main__:run_tests:218 | INTERNALERROR>   File "D:\python\lib\site-packages\pluggy\_manager.py", line 120, in _hookexec
2025-08-10 12:41:23 | INFO | __main__:run_tests:218 | INTERNALERROR>     return self._inner_hookexec(hook_name, methods, kwargs, firstresult)
2025-08-10 12:41:23 | INFO | __main__:run_tests:218 | INTERNALERROR>   File "D:\python\lib\site-packages\pluggy\_callers.py", line 167, in _multicall
2025-08-10 12:41:23 | INFO | __main__:run_tests:218 | INTERNALERROR>     raise exception
2025-08-10 12:41:23 | INFO | __main__:run_tests:218 | INTERNALERROR>   File "D:\python\lib\site-packages\pluggy\_callers.py", line 139, in _multicall
2025-08-10 12:41:23 | INFO | __main__:run_tests:218 | INTERNALERROR>     teardown.throw(exception)
2025-08-10 12:41:23 | INFO | __main__:run_tests:218 | INTERNALERROR>   File "D:\python\lib\site-packages\pluggy\_callers.py", line 43, in run_old_style_hookwrapper
2025-08-10 12:41:23 | INFO | __main__:run_tests:218 | INTERNALERROR>     teardown.send(result)
2025-08-10 12:41:23 | INFO | __main__:run_tests:218 | INTERNALERROR>   File "D:\python\lib\site-packages\pytest_playwright\pytest_playwright.py", line 114, in pytest_runtest_makereport
2025-08-10 12:41:23 | INFO | __main__:run_tests:218 | INTERNALERROR>     rep = outcome.get_result()
2025-08-10 12:41:23 | INFO | __main__:run_tests:218 | INTERNALERROR>   File "D:\python\lib\site-packages\pluggy\_result.py", line 103, in get_result
2025-08-10 12:41:23 | INFO | __main__:run_tests:218 | INTERNALERROR>     raise exc.with_traceback(tb)
2025-08-10 12:41:23 | INFO | __main__:run_tests:218 | INTERNALERROR>   File "D:\python\lib\site-packages\pluggy\_callers.py", line 38, in run_old_style_hookwrapper
2025-08-10 12:41:23 | INFO | __main__:run_tests:218 | INTERNALERROR>     res = yield
2025-08-10 12:41:23 | INFO | __main__:run_tests:218 | INTERNALERROR>   File "D:\python\lib\site-packages\pluggy\_callers.py", line 139, in _multicall
2025-08-10 12:41:23 | INFO | __main__:run_tests:218 | INTERNALERROR>     teardown.throw(exception)
2025-08-10 12:41:23 | INFO | __main__:run_tests:218 | INTERNALERROR>   File "D:\python\lib\site-packages\pluggy\_callers.py", line 43, in run_old_style_hookwrapper
2025-08-10 12:41:23 | INFO | __main__:run_tests:218 | INTERNALERROR>     teardown.send(result)
2025-08-10 12:41:23 | INFO | __main__:run_tests:218 | INTERNALERROR>   File "D:\python\lib\site-packages\pytest_html\plugin.py", line 129, in pytest_runtest_makereport
2025-08-10 12:41:23 | INFO | __main__:run_tests:218 | INTERNALERROR>     report = outcome.get_result()
2025-08-10 12:41:23 | INFO | __main__:run_tests:218 | INTERNALERROR>   File "D:\python\lib\site-packages\pluggy\_result.py", line 103, in get_result
2025-08-10 12:41:23 | INFO | __main__:run_tests:218 | INTERNALERROR>     raise exc.with_traceback(tb)
2025-08-10 12:41:23 | INFO | __main__:run_tests:218 | INTERNALERROR>   File "D:\python\lib\site-packages\pluggy\_callers.py", line 38, in run_old_style_hookwrapper
2025-08-10 12:41:23 | INFO | __main__:run_tests:218 | INTERNALERROR>     res = yield
2025-08-10 12:41:23 | INFO | __main__:run_tests:218 | INTERNALERROR>   File "D:\python\lib\site-packages\pluggy\_callers.py", line 139, in _multicall
2025-08-10 12:41:23 | INFO | __main__:run_tests:218 | INTERNALERROR>     teardown.throw(exception)
2025-08-10 12:41:23 | INFO | __main__:run_tests:218 | INTERNALERROR>   File "D:\python\lib\site-packages\pluggy\_callers.py", line 43, in run_old_style_hookwrapper
2025-08-10 12:41:23 | INFO | __main__:run_tests:218 | INTERNALERROR>     teardown.send(result)
2025-08-10 12:41:23 | INFO | __main__:run_tests:218 | INTERNALERROR>   File "D:\python\lib\site-packages\_pytest\tmpdir.py", line 321, in pytest_runtest_makereport
2025-08-10 12:41:23 | INFO | __main__:run_tests:218 | INTERNALERROR>     result: CollectReport = outcome.get_result()
2025-08-10 12:41:23 | INFO | __main__:run_tests:218 | INTERNALERROR>   File "D:\python\lib\site-packages\pluggy\_result.py", line 103, in get_result
2025-08-10 12:41:23 | INFO | __main__:run_tests:218 | INTERNALERROR>     raise exc.with_traceback(tb)
2025-08-10 12:41:23 | INFO | __main__:run_tests:218 | INTERNALERROR>   File "D:\python\lib\site-packages\pluggy\_callers.py", line 38, in run_old_style_hookwrapper
2025-08-10 12:41:23 | INFO | __main__:run_tests:218 | INTERNALERROR>     res = yield
2025-08-10 12:41:23 | INFO | __main__:run_tests:218 | INTERNALERROR>   File "D:\python\lib\site-packages\pluggy\_callers.py", line 139, in _multicall
2025-08-10 12:41:23 | INFO | __main__:run_tests:218 | INTERNALERROR>     teardown.throw(exception)
2025-08-10 12:41:23 | INFO | __main__:run_tests:218 | INTERNALERROR>   File "D:\python\lib\site-packages\pluggy\_callers.py", line 43, in run_old_style_hookwrapper
2025-08-10 12:41:23 | INFO | __main__:run_tests:218 | INTERNALERROR>     teardown.send(result)
2025-08-10 12:41:23 | INFO | __main__:run_tests:218 | INTERNALERROR>   File "D:\python\lib\site-packages\pytest_rerunfailures.py", line 520, in pytest_runtest_makereport
2025-08-10 12:41:23 | INFO | __main__:run_tests:218 | INTERNALERROR>     result = outcome.get_result()
2025-08-10 12:41:23 | INFO | __main__:run_tests:218 | INTERNALERROR>   File "D:\python\lib\site-packages\pluggy\_result.py", line 103, in get_result
2025-08-10 12:41:23 | INFO | __main__:run_tests:218 | INTERNALERROR>     raise exc.with_traceback(tb)
2025-08-10 12:41:23 | INFO | __main__:run_tests:218 | INTERNALERROR>   File "D:\python\lib\site-packages\pluggy\_callers.py", line 38, in run_old_style_hookwrapper
2025-08-10 12:41:23 | INFO | __main__:run_tests:218 | INTERNALERROR>     res = yield
2025-08-10 12:41:23 | INFO | __main__:run_tests:218 | INTERNALERROR>   File "D:\python\lib\site-packages\pluggy\_callers.py", line 152, in _multicall
2025-08-10 12:41:23 | INFO | __main__:run_tests:218 | INTERNALERROR>     teardown.send(result)
2025-08-10 12:41:23 | INFO | __main__:run_tests:218 | INTERNALERROR>   File "D:\python\lib\site-packages\pluggy\_callers.py", line 43, in run_old_style_hookwrapper
2025-08-10 12:41:23 | INFO | __main__:run_tests:218 | INTERNALERROR>     teardown.send(result)
2025-08-10 12:41:23 | INFO | __main__:run_tests:218 | INTERNALERROR>   File "D:\python\lib\site-packages\_pytest\skipping.py", line 274, in pytest_runtest_makereport
2025-08-10 12:41:23 | INFO | __main__:run_tests:218 | INTERNALERROR>     elif not rep.skipped and xfailed:
2025-08-10 12:41:23 | INFO | __main__:run_tests:218 | INTERNALERROR> AttributeError: 'generator' object has no attribute 'skipped'
2025-08-10 12:41:23 | INFO | __main__:run_tests:218 | 
2025-08-10 12:41:23 | INFO | __main__:run_tests:218 | ============================ 10 warnings in 37.13s ============================
2025-08-10 12:41:24 | ERROR | __main__:main:321 | ============================================================
2025-08-10 12:41:24 | ERROR | __main__:main:322 | 测试执行完成 - 失败
2025-08-10 12:41:24 | ERROR | __main__:main:323 | ============================================================
2025-08-10 13:04:33 | DEBUG | utils.data_parser:parse_yaml:31 | 成功解析YAML文件: data\cases\simple_login_demo.yaml
2025-08-10 13:04:33 | ERROR | utils.data_parser:_process_template_cases:413 | 模板用例生成失败: API登录测试, 错误: [AutoTestException](TEMPLATE_FILE_NOT_FOUND): 模板文件不存在: E:\code_project\cc_p\auto_case\templates\api_templates.yaml
2025-08-10 13:04:55 | DEBUG | utils.template_parser:load_template:73 | 加载模板成功: data/templates/api_templates.yaml#login_template
2025-08-10 13:04:55 | DEBUG | utils.template_parser:load_dataset:125 | 加载数据集成功: data/datasets/login_datasets.yaml#api_login_positive, 数据条数: 3
2025-08-10 13:04:55 | DEBUG | utils.data_parser:parse_yaml:31 | 成功解析YAML文件: data\cases\simple_login_demo.yaml
2025-08-10 13:04:55 | ERROR | utils.data_parser:_process_template_cases:413 | 模板用例生成失败: API登录测试, 错误: [AutoTestException](TEMPLATE_FILE_NOT_FOUND): 模板文件不存在: E:\code_project\cc_p\auto_case\templates\api_templates.yaml
2025-08-10 13:05:15 | DEBUG | utils.template_parser:load_template:73 | 加载模板成功: data/templates/api_templates.yaml#login_template
2025-08-10 13:05:15 | DEBUG | utils.template_parser:load_dataset:125 | 加载数据集成功: data/datasets/login_datasets.yaml#api_login_positive, 数据条数: 3
2025-08-10 13:05:15 | DEBUG | utils.data_parser:parse_yaml:31 | 成功解析YAML文件: data\cases\simple_login_demo.yaml
2025-08-10 13:05:15 | INFO | utils.template_parser:generate_test_cases:376 | 生成测试用例成功: 3 个用例
2025-08-10 13:05:15 | INFO | utils.data_parser:_process_template_cases:411 | 模板用例生成成功: API登录测试, 生成 3 个用例
2025-08-10 13:05:20 | INFO | utils.data_parser:create_excel_template:295 | Excel模板文件创建完成: data\files\api_template_example.xlsx (api类型)
2025-08-10 13:05:20 | INFO | utils.data_parser:create_excel_template:295 | Excel模板文件创建完成: data\files\web_template_example.xlsx (web类型)
2025-08-10 13:05:20 | INFO | utils.data_parser:create_excel_template:295 | Excel模板文件创建完成: data\files\workflow_template_example.xlsx (workflow类型)
2025-08-10 13:05:20 | DEBUG | utils.data_parser:parse_excel:85 | 成功解析Excel文件: data\files\api_template_example.xlsx, 工作表: default, 数据条数: 3
2025-08-10 13:05:53 | INFO | utils.data_parser:create_excel_template:295 | Excel模板文件创建完成: data\files\api_template_example.xlsx (api类型)
2025-08-10 13:05:53 | INFO | utils.data_parser:create_excel_template:295 | Excel模板文件创建完成: data\files\web_template_example.xlsx (web类型)
2025-08-10 13:05:53 | INFO | utils.data_parser:create_excel_template:295 | Excel模板文件创建完成: data\files\workflow_template_example.xlsx (workflow类型)
2025-08-10 13:05:53 | DEBUG | utils.data_parser:parse_excel:85 | 成功解析Excel文件: data\files\api_template_example.xlsx, 工作表: default, 数据条数: 3
2025-08-10 13:05:53 | INFO | utils.data_parser:convert_excel_to_template_yaml:206 | Excel转模板化YAML完成: data/files/api_template_example.xlsx -> data\cases\excel_converted_cases.yaml
2025-08-10 13:06:16 | INFO | utils.config_parser:load_config:24 | 加载配置文件成功: E:\code_project\cc_p\auto_case\config\config.yaml
2025-08-10 13:06:16 | INFO | utils.config_parser:load_env_config:48 | 加载环境配置成功: dev
2025-08-10 13:06:16 | INFO | __main__:main:304 | ============================================================
2025-08-10 13:06:16 | INFO | __main__:main:305 | 自动化测试框架启动
2025-08-10 13:06:16 | INFO | __main__:main:306 | ============================================================
2025-08-10 13:06:16 | INFO | utils.config_parser:load_env_config:48 | 加载环境配置成功: dev
2025-08-10 13:06:16 | INFO | utils.config_parser:load_env_config:48 | 加载环境配置成功: dev
2025-08-10 13:06:16 | WARNING | utils.report_helper:rotate_history:366 | 归档报告历史失败: name 'shutil' is not defined
2025-08-10 13:06:16 | INFO | __main__:prepare_directories:101 | 目录准备完成
2025-08-10 13:06:16 | INFO | __main__:run_tests:212 | 执行测试命令: python -m pytest test_case/test_api.py -m template --html reports/html/report.html --self-contained-html -v --tb=short --timeout 300
2025-08-10 13:06:17 | INFO | utils.config_parser:load_config:24 | 加载配置文件成功: E:\code_project\cc_p\auto_case\config\config.yaml
2025-08-10 13:06:17 | INFO | utils.config_parser:load_env_config:48 | 加载环境配置成功: dev
2025-08-10 13:06:17 | INFO | utils.file_helper:clean_directory:641 | 清理目录成功: screenshots
2025-08-10 13:06:17 | INFO | test_case.conftest:pytest_configure:29 | 已清空截图目录: screenshots
2025-08-10 13:06:17 | INFO | test_case.conftest:pytest_sessionstart:73 | ============================================================
2025-08-10 13:06:17 | INFO | test_case.conftest:pytest_sessionstart:74 | 测试会话开始
2025-08-10 13:06:17 | INFO | test_case.conftest:pytest_sessionstart:75 | ============================================================
2025-08-10 13:06:17 | INFO | __main__:run_tests:218 | ============================= test session starts =============================
2025-08-10 13:06:17 | INFO | __main__:run_tests:218 | platform win32 -- Python 3.10.6, pytest-7.4.3, pluggy-1.6.0 -- D:\python\python.exe
2025-08-10 13:06:17 | INFO | __main__:run_tests:218 | cachedir: .pytest_cache
2025-08-10 13:06:17 | INFO | __main__:run_tests:218 | metadata: {'Python': '3.10.6', 'Platform': 'Windows-10-10.0.22631-SP0', 'Packages': {'pytest': '7.4.3', 'pluggy': '1.6.0'}, 'Plugins': {'allure-pytest': '2.13.2', 'anyio': '3.7.1', 'Faker': '37.4.0', 'asyncio': '0.21.1', 'base-url': '2.1.0', 'cov': '4.1.0', 'html': '4.1.1', 'metadata': '3.1.1', 'mock': '3.14.1', 'playwright': '0.7.0', 'rerunfailures': '15.1', 'timeout': '2.4.0', 'xdist': '3.8.0'}, 'JAVA_HOME': 'D:\\jdk', 'Base URL': ''}
2025-08-10 13:06:17 | INFO | __main__:run_tests:218 | rootdir: E:\code_project\cc_p\auto_case
2025-08-10 13:06:17 | INFO | __main__:run_tests:218 | configfile: pytest.ini
2025-08-10 13:06:17 | INFO | __main__:run_tests:218 | plugins: allure-pytest-2.13.2, anyio-3.7.1, Faker-37.4.0, asyncio-0.21.1, base-url-2.1.0, cov-4.1.0, html-4.1.1, metadata-3.1.1, mock-3.14.1, playwright-0.7.0, rerunfailures-15.1, timeout-2.4.0, xdist-3.8.0
2025-08-10 13:06:17 | INFO | __main__:run_tests:218 | asyncio: mode=strict
2025-08-10 13:06:17 | INFO | __main__:run_tests:218 | timeout: 300.0s
2025-08-10 13:06:17 | INFO | __main__:run_tests:218 | timeout method: thread
2025-08-10 13:06:17 | INFO | __main__:run_tests:218 | timeout func_only: False
2025-08-10 13:06:18 | DEBUG | core.base.keywords_base:__init__:11 | 初始化关键字类: APIKeywords
2025-08-10 13:06:18 | INFO | utils.config_parser:load_env_config:48 | 加载环境配置成功: dev
2025-08-10 13:06:18 | INFO | core.api.client:__init__:68 | API客户端初始化完成: https://dev-api.example.com
2025-08-10 13:06:18 | INFO | test_case.conftest:pytest_sessionfinish:80 | ============================================================
2025-08-10 13:06:18 | INFO | test_case.conftest:pytest_sessionfinish:81 | 测试会话结束，退出状态: 5
2025-08-10 13:06:18 | INFO | test_case.conftest:pytest_sessionfinish:82 | ============================================================
2025-08-10 13:06:18 | INFO | test_case.conftest:pytest_sessionfinish:138 | 测试结果统计: 总计=0, 通过=0, 失败=0, 错误=0, 跳过=0, 通过率=0%
2025-08-10 13:06:18 | DEBUG | utils.notify_helper:send_test_result_notification:30 | 通知功能未启用
2025-08-10 13:06:18 | ERROR | __main__:run_tests:233 | 测试执行异常: 'gbk' codec can't decode byte 0x80 in position 231: illegal multibyte sequence
2025-08-10 13:06:18 | ERROR | __main__:main:321 | ============================================================
2025-08-10 13:06:18 | ERROR | __main__:main:322 | 测试执行完成 - 失败
2025-08-10 13:06:18 | ERROR | __main__:main:323 | ============================================================
2025-08-10 13:07:01 | DEBUG | utils.data_parser:parse_yaml:31 | 成功解析YAML文件: data\cases\simple_login_demo.yaml
2025-08-10 13:07:01 | DEBUG | utils.template_parser:load_template:73 | 加载模板成功: data/templates/api_templates.yaml#login_template
2025-08-10 13:07:01 | DEBUG | utils.template_parser:load_dataset:125 | 加载数据集成功: data/datasets/login_datasets.yaml#api_login_positive, 数据条数: 3
2025-08-10 13:07:01 | INFO | utils.template_parser:generate_test_cases:376 | 生成测试用例成功: 3 个用例
2025-08-10 13:07:01 | INFO | utils.data_parser:_process_template_cases:411 | 模板用例生成成功: API登录测试, 生成 3 个用例
2025-08-10 13:07:01 | DEBUG | utils.data_parser:parse_yaml:31 | 成功解析YAML文件: data\cases\excel_converted_cases.yaml
2025-08-10 13:07:01 | ERROR | utils.data_parser:_process_template_cases:413 | 模板用例生成失败: Excel转换-templates/api_templates.yaml#login_template, 错误: [AutoTestException](TEMPLATE_FILE_NOT_FOUND): 模板文件不存在: E:\code_project\cc_p\auto_case\templates\api_templates.yaml
2025-08-10 13:07:01 | DEBUG | utils.data_parser:parse_yaml:31 | 成功解析YAML文件: data\cases\comprehensive_examples.yaml
2025-08-10 13:07:01 | ERROR | utils.data_parser:_process_template_cases:413 | 模板用例生成失败: 单接口登录测试, 错误: [AutoTestException](TEMPLATE_FILE_NOT_FOUND): 模板文件不存在: E:\code_project\cc_p\auto_case\templates\api_templates.yaml
2025-08-10 13:07:01 | ERROR | utils.data_parser:_process_template_cases:413 | 模板用例生成失败: 批量登录测试, 错误: [AutoTestException](TEMPLATE_FILE_NOT_FOUND): 模板文件不存在: E:\code_project\cc_p\auto_case\templates\api_templates.yaml
2025-08-10 13:07:01 | ERROR | utils.data_parser:_process_template_cases:413 | 模板用例生成失败: 用户完整业务流程, 错误: [AutoTestException](TEMPLATE_FILE_NOT_FOUND): 模板文件不存在: E:\code_project\cc_p\auto_case\templates\api_templates.yaml
2025-08-10 13:07:01 | ERROR | utils.data_parser:_process_template_cases:413 | 模板用例生成失败: 特殊场景登录测试, 错误: [AutoTestException](TEMPLATE_FILE_NOT_FOUND): 模板文件不存在: E:\code_project\cc_p\auto_case\templates\api_templates.yaml
2025-08-10 13:07:01 | ERROR | utils.data_parser:_process_template_cases:413 | 模板用例生成失败: 登录性能测试, 错误: [AutoTestException](TEMPLATE_FILE_NOT_FOUND): 模板文件不存在: E:\code_project\cc_p\auto_case\templates\api_templates.yaml
2025-08-10 13:07:01 | ERROR | utils.data_parser:_process_template_cases:413 | 模板用例生成失败: 条件执行测试, 错误: [AutoTestException](TEMPLATE_FILE_NOT_FOUND): 模板文件不存在: E:\code_project\cc_p\auto_case\templates\api_templates.yaml
2025-08-10 13:07:01 | DEBUG | utils.template_parser:load_template:73 | 加载模板成功: data/templates/api_templates.yaml#user_workflow_template
2025-08-10 13:07:02 | DEBUG | utils.template_parser:load_dataset:125 | 加载数据集成功: data/datasets/login_datasets.yaml#user_workflow_data, 数据条数: 3
2025-08-10 13:13:09 | INFO | __main__:run_excel_tests:35 | 开始解析Excel文件: data\files\test_demo.xlsx
2025-08-10 13:13:09 | INFO | utils.excel_test_runner:parse_excel_file:44 | 解析Excel模块: login_module
2025-08-10 13:13:09 | DEBUG | utils.excel_test_runner:parse_sheet:88 | Sheet login_module 表头: ['case_name', 'type', 'template', 'username', 'password', 'expected_status', 'expected_code', 'expected_message', 'tags', 'enabled']
2025-08-10 13:13:09 | DEBUG | utils.template_parser:load_template:73 | 加载模板成功: data/templates/api_templates.yaml#login_template
2025-08-10 13:13:09 | DEBUG | utils.excel_test_runner:parse_sheet:121 | 跳过禁用用例: 禁用的测试用例
2025-08-10 13:13:09 | INFO | utils.excel_test_runner:parse_excel_file:55 | 模块 login_module 解析完成: 5 个用例
2025-08-10 13:13:09 | INFO | utils.excel_test_runner:parse_excel_file:44 | 解析Excel模块: user_module
2025-08-10 13:13:09 | DEBUG | utils.excel_test_runner:parse_sheet:88 | Sheet user_module 表头: ['case_name', 'type', 'method', 'url', 'headers', 'data', 'assertions', 'extract', 'tags', 'enabled']
2025-08-10 13:13:09 | INFO | utils.excel_test_runner:parse_excel_file:55 | 模块 user_module 解析完成: 4 个用例
2025-08-10 13:13:09 | INFO | utils.excel_test_runner:parse_excel_file:44 | 解析Excel模块: mixed_module
2025-08-10 13:13:09 | DEBUG | utils.excel_test_runner:parse_sheet:88 | Sheet mixed_module 表头: ['case_name', 'type', 'template', 'method', 'url', 'username', 'password', 'data', 'assertions', 'tags', 'enabled']
2025-08-10 13:13:09 | WARNING | utils.template_parser:replace_var:195 | 变量 'expected_status' 未找到，保持原样
2025-08-10 13:13:09 | WARNING | utils.template_parser:replace_var:195 | 变量 'expected_status' 未找到，保持原样
2025-08-10 13:13:09 | WARNING | utils.template_parser:replace_var:195 | 变量 'expected_code' 未找到，保持原样
2025-08-10 13:13:09 | WARNING | utils.template_parser:replace_var:195 | 变量 'expected_code' 未找到，保持原样
2025-08-10 13:13:09 | WARNING | utils.template_parser:replace_var:195 | 变量 'expected_message' 未找到，保持原样
2025-08-10 13:13:09 | WARNING | utils.template_parser:replace_var:195 | 变量 'expected_message' 未找到，保持原样
2025-08-10 13:13:09 | WARNING | utils.template_parser:replace_var:195 | 变量 'expected_code' 未找到，保持原样
2025-08-10 13:13:09 | WARNING | utils.template_parser:replace_var:195 | 变量 'expected_code' 未找到，保持原样
2025-08-10 13:13:09 | WARNING | utils.template_parser:replace_var:195 | 变量 'expected_code' 未找到，保持原样
2025-08-10 13:13:09 | WARNING | utils.template_parser:replace_var:195 | 变量 'expected_code' 未找到，保持原样
2025-08-10 13:13:09 | DEBUG | utils.template_parser:load_template:73 | 加载模板成功: data/templates/api_templates.yaml#register_template
2025-08-10 13:13:09 | WARNING | utils.template_parser:replace_var:195 | 变量 'email' 未找到，保持原样
2025-08-10 13:13:09 | WARNING | utils.template_parser:replace_var:195 | 变量 'phone' 未找到，保持原样
2025-08-10 13:13:09 | WARNING | utils.template_parser:replace_var:195 | 变量 'expected_status' 未找到，保持原样
2025-08-10 13:13:09 | WARNING | utils.template_parser:replace_var:195 | 变量 'expected_code' 未找到，保持原样
2025-08-10 13:13:09 | WARNING | utils.template_parser:replace_var:195 | 变量 'expected_message' 未找到，保持原样
2025-08-10 13:13:09 | WARNING | utils.template_parser:replace_var:195 | 变量 'expected_code' 未找到，保持原样
2025-08-10 13:13:09 | WARNING | utils.template_parser:replace_var:195 | 变量 'expected_code' 未找到，保持原样
2025-08-10 13:13:09 | WARNING | utils.template_parser:replace_var:195 | 变量 'expected_code' 未找到，保持原样
2025-08-10 13:13:09 | WARNING | utils.template_parser:replace_var:195 | 变量 'expected_code' 未找到，保持原样
2025-08-10 13:13:09 | INFO | utils.excel_test_runner:parse_excel_file:55 | 模块 mixed_module 解析完成: 4 个用例
2025-08-10 13:13:09 | INFO | __main__:run_excel_tests:56 | 找到 3 个模块，共 13 个测试用例
2025-08-10 13:13:09 | INFO | __main__:run_excel_tests:59 |   模块 login_module: 5 个用例
2025-08-10 13:13:09 | INFO | __main__:run_excel_tests:59 |   模块 user_module: 4 个用例
2025-08-10 13:13:09 | INFO | __main__:run_excel_tests:59 |   模块 mixed_module: 4 个用例
2025-08-10 13:13:09 | INFO | __main__:run_excel_tests:83 | 生成临时测试文件: temp\excel_generated\login_module_cases.yaml
2025-08-10 13:13:09 | INFO | __main__:run_excel_tests:83 | 生成临时测试文件: temp\excel_generated\user_module_cases.yaml
2025-08-10 13:13:09 | INFO | __main__:run_excel_tests:83 | 生成临时测试文件: temp\excel_generated\mixed_module_cases.yaml
2025-08-10 13:13:09 | INFO | __main__:run_excel_tests:85 | Excel测试文件解析完成，可以通过生成的YAML文件执行测试
2025-08-10 13:13:09 | INFO | __main__:run_excel_tests:86 | 生成的文件位置: temp\excel_generated
2025-08-10 13:13:17 | INFO | __main__:run_excel_tests:35 | 开始解析Excel文件: data\files\test_demo.xlsx
2025-08-10 13:13:17 | INFO | utils.excel_test_runner:parse_excel_file:44 | 解析Excel模块: login_module
2025-08-10 13:13:17 | DEBUG | utils.excel_test_runner:parse_sheet:88 | Sheet login_module 表头: ['case_name', 'type', 'template', 'username', 'password', 'expected_status', 'expected_code', 'expected_message', 'tags', 'enabled']
2025-08-10 13:13:17 | DEBUG | utils.template_parser:load_template:73 | 加载模板成功: data/templates/api_templates.yaml#login_template
2025-08-10 13:13:17 | DEBUG | utils.excel_test_runner:parse_sheet:121 | 跳过禁用用例: 禁用的测试用例
2025-08-10 13:13:17 | INFO | utils.excel_test_runner:parse_excel_file:55 | 模块 login_module 解析完成: 5 个用例
2025-08-10 13:13:17 | INFO | utils.excel_test_runner:parse_excel_file:44 | 解析Excel模块: user_module
2025-08-10 13:13:17 | DEBUG | utils.excel_test_runner:parse_sheet:88 | Sheet user_module 表头: ['case_name', 'type', 'method', 'url', 'headers', 'data', 'assertions', 'extract', 'tags', 'enabled']
2025-08-10 13:13:17 | INFO | utils.excel_test_runner:parse_excel_file:55 | 模块 user_module 解析完成: 4 个用例
2025-08-10 13:13:17 | INFO | utils.excel_test_runner:parse_excel_file:44 | 解析Excel模块: mixed_module
2025-08-10 13:13:17 | DEBUG | utils.excel_test_runner:parse_sheet:88 | Sheet mixed_module 表头: ['case_name', 'type', 'template', 'method', 'url', 'username', 'password', 'data', 'assertions', 'tags', 'enabled']
2025-08-10 13:13:17 | WARNING | utils.template_parser:replace_var:195 | 变量 'expected_status' 未找到，保持原样
2025-08-10 13:13:17 | WARNING | utils.template_parser:replace_var:195 | 变量 'expected_status' 未找到，保持原样
2025-08-10 13:13:17 | WARNING | utils.template_parser:replace_var:195 | 变量 'expected_code' 未找到，保持原样
2025-08-10 13:13:17 | WARNING | utils.template_parser:replace_var:195 | 变量 'expected_code' 未找到，保持原样
2025-08-10 13:13:17 | WARNING | utils.template_parser:replace_var:195 | 变量 'expected_message' 未找到，保持原样
2025-08-10 13:13:17 | WARNING | utils.template_parser:replace_var:195 | 变量 'expected_message' 未找到，保持原样
2025-08-10 13:13:17 | WARNING | utils.template_parser:replace_var:195 | 变量 'expected_code' 未找到，保持原样
2025-08-10 13:13:17 | WARNING | utils.template_parser:replace_var:195 | 变量 'expected_code' 未找到，保持原样
2025-08-10 13:13:17 | WARNING | utils.template_parser:replace_var:195 | 变量 'expected_code' 未找到，保持原样
2025-08-10 13:13:17 | WARNING | utils.template_parser:replace_var:195 | 变量 'expected_code' 未找到，保持原样
2025-08-10 13:13:17 | DEBUG | utils.template_parser:load_template:73 | 加载模板成功: data/templates/api_templates.yaml#register_template
2025-08-10 13:13:17 | WARNING | utils.template_parser:replace_var:195 | 变量 'email' 未找到，保持原样
2025-08-10 13:13:17 | WARNING | utils.template_parser:replace_var:195 | 变量 'phone' 未找到，保持原样
2025-08-10 13:13:17 | WARNING | utils.template_parser:replace_var:195 | 变量 'expected_status' 未找到，保持原样
2025-08-10 13:13:17 | WARNING | utils.template_parser:replace_var:195 | 变量 'expected_code' 未找到，保持原样
2025-08-10 13:13:17 | WARNING | utils.template_parser:replace_var:195 | 变量 'expected_message' 未找到，保持原样
2025-08-10 13:13:17 | WARNING | utils.template_parser:replace_var:195 | 变量 'expected_code' 未找到，保持原样
2025-08-10 13:13:17 | WARNING | utils.template_parser:replace_var:195 | 变量 'expected_code' 未找到，保持原样
2025-08-10 13:13:17 | WARNING | utils.template_parser:replace_var:195 | 变量 'expected_code' 未找到，保持原样
2025-08-10 13:13:17 | WARNING | utils.template_parser:replace_var:195 | 变量 'expected_code' 未找到，保持原样
2025-08-10 13:13:17 | INFO | utils.excel_test_runner:parse_excel_file:55 | 模块 mixed_module 解析完成: 4 个用例
2025-08-10 13:13:17 | INFO | __main__:run_excel_tests:56 | 找到 1 个模块，共 5 个测试用例
2025-08-10 13:13:17 | INFO | __main__:run_excel_tests:59 |   模块 login_module: 5 个用例
2025-08-10 13:13:17 | INFO | __main__:run_excel_tests:83 | 生成临时测试文件: temp\excel_generated\login_module_cases.yaml
2025-08-10 13:13:17 | INFO | __main__:run_excel_tests:85 | Excel测试文件解析完成，可以通过生成的YAML文件执行测试
2025-08-10 13:13:17 | INFO | __main__:run_excel_tests:86 | 生成的文件位置: temp\excel_generated
2025-08-10 13:20:59 | DEBUG | utils.template_parser:load_template:89 | 加载模板成功: api.auth.login#standard_login
2025-08-10 13:20:59 | DEBUG | utils.template_parser:load_template:89 | 加载模板成功: api.user.crud#get_user
2025-08-10 13:20:59 | DEBUG | utils.template_parser:load_template:89 | 加载模板成功: web.login.login_page#standard_login_page
2025-08-10 13:20:59 | DEBUG | utils.data_parser:parse_yaml:31 | 成功解析YAML文件: data\cases\api\auth_comprehensive.yaml
2025-08-10 13:20:59 | INFO | utils.template_parser:generate_test_cases:418 | 生成测试用例成功: 2 个用例
2025-08-10 13:20:59 | INFO | utils.data_parser:_process_template_cases:417 | 模板用例生成成功: 标准登录测试, 生成 2 个用例
2025-08-10 13:20:59 | DEBUG | utils.template_parser:load_template:89 | 加载模板成功: #quick_login
2025-08-10 13:20:59 | INFO | utils.template_parser:generate_test_cases:418 | 生成测试用例成功: 2 个用例
2025-08-10 13:20:59 | INFO | utils.data_parser:_process_template_cases:417 | 模板用例生成成功: 快速登录测试, 生成 2 个用例
2025-08-10 13:20:59 | DEBUG | utils.template_parser:load_template:89 | 加载模板成功: api.auth.login#email_login
2025-08-10 13:20:59 | INFO | utils.template_parser:generate_test_cases:418 | 生成测试用例成功: 1 个用例
2025-08-10 13:20:59 | INFO | utils.data_parser:_process_template_cases:417 | 模板用例生成成功: 邮箱登录增强测试, 生成 1 个用例
2025-08-10 13:20:59 | DEBUG | utils.template_parser:load_template:89 | 加载模板成功: #password_reset
2025-08-10 13:20:59 | WARNING | utils.template_parser:replace_var:236 | 变量 'expected_status' 未找到，保持原样
2025-08-10 13:20:59 | WARNING | utils.template_parser:replace_var:236 | 变量 'expected_message' 未找到，保持原样
2025-08-10 13:20:59 | WARNING | utils.template_parser:replace_var:236 | 变量 'expected_status' 未找到，保持原样
2025-08-10 13:20:59 | WARNING | utils.template_parser:replace_var:236 | 变量 'expected_message' 未找到，保持原样
2025-08-10 13:20:59 | INFO | utils.template_parser:generate_test_cases:418 | 生成测试用例成功: 2 个用例
2025-08-10 13:20:59 | INFO | utils.data_parser:_process_template_cases:417 | 模板用例生成成功: 密码重置测试, 生成 2 个用例
2025-08-10 13:20:59 | DEBUG | utils.template_parser:load_template:89 | 加载模板成功: api.auth.register#standard_register
2025-08-10 13:20:59 | INFO | utils.template_parser:generate_test_cases:418 | 生成测试用例成功: 2 个用例
2025-08-10 13:20:59 | INFO | utils.data_parser:_process_template_cases:417 | 模板用例生成成功: 用户注册测试, 生成 2 个用例
2025-08-10 13:20:59 | DEBUG | utils.template_parser:load_template:89 | 加载模板成功: api.auth.login#oauth_login
2025-08-10 13:20:59 | INFO | utils.template_parser:generate_test_cases:418 | 生成测试用例成功: 2 个用例
2025-08-10 13:20:59 | INFO | utils.data_parser:_process_template_cases:417 | 模板用例生成成功: OAuth登录测试, 生成 2 个用例
2025-08-10 13:20:59 | INFO | utils.template_parser:generate_test_cases:418 | 生成测试用例成功: 1 个用例
2025-08-10 13:20:59 | DEBUG | utils.template_parser:load_template:89 | 加载模板成功: workflow.user_lifecycle#complete_user_lifecycle
2025-08-10 13:21:24 | DEBUG | utils.template_parser:load_template:89 | 加载模板成功: api.auth.login#standard_login
2025-08-10 13:21:24 | DEBUG | utils.template_parser:load_template:89 | 加载模板成功: api.user.crud#get_user
2025-08-10 13:21:24 | DEBUG | utils.template_parser:load_template:89 | 加载模板成功: web.login.login_page#standard_login_page
2025-08-10 13:21:24 | DEBUG | utils.data_parser:parse_yaml:31 | 成功解析YAML文件: data\cases\api\auth_comprehensive.yaml
2025-08-10 13:21:24 | INFO | utils.template_parser:generate_test_cases:418 | 生成测试用例成功: 2 个用例
2025-08-10 13:21:24 | INFO | utils.data_parser:_process_template_cases:417 | 模板用例生成成功: 标准登录测试, 生成 2 个用例
2025-08-10 13:21:24 | DEBUG | utils.template_parser:load_template:89 | 加载模板成功: #quick_login
2025-08-10 13:21:24 | INFO | utils.template_parser:generate_test_cases:418 | 生成测试用例成功: 2 个用例
2025-08-10 13:21:24 | INFO | utils.data_parser:_process_template_cases:417 | 模板用例生成成功: 快速登录测试, 生成 2 个用例
2025-08-10 13:21:24 | DEBUG | utils.template_parser:load_template:89 | 加载模板成功: api.auth.login#email_login
2025-08-10 13:21:24 | INFO | utils.template_parser:generate_test_cases:418 | 生成测试用例成功: 1 个用例
2025-08-10 13:21:24 | INFO | utils.data_parser:_process_template_cases:417 | 模板用例生成成功: 邮箱登录增强测试, 生成 1 个用例
2025-08-10 13:21:24 | DEBUG | utils.template_parser:load_template:89 | 加载模板成功: #password_reset
2025-08-10 13:21:24 | WARNING | utils.template_parser:replace_var:236 | 变量 'expected_status' 未找到，保持原样
2025-08-10 13:21:24 | WARNING | utils.template_parser:replace_var:236 | 变量 'expected_message' 未找到，保持原样
2025-08-10 13:21:24 | WARNING | utils.template_parser:replace_var:236 | 变量 'expected_status' 未找到，保持原样
2025-08-10 13:21:24 | WARNING | utils.template_parser:replace_var:236 | 变量 'expected_message' 未找到，保持原样
2025-08-10 13:21:24 | INFO | utils.template_parser:generate_test_cases:418 | 生成测试用例成功: 2 个用例
2025-08-10 13:21:24 | INFO | utils.data_parser:_process_template_cases:417 | 模板用例生成成功: 密码重置测试, 生成 2 个用例
2025-08-10 13:21:24 | DEBUG | utils.template_parser:load_template:89 | 加载模板成功: api.auth.register#standard_register
2025-08-10 13:21:24 | INFO | utils.template_parser:generate_test_cases:418 | 生成测试用例成功: 2 个用例
2025-08-10 13:21:24 | INFO | utils.data_parser:_process_template_cases:417 | 模板用例生成成功: 用户注册测试, 生成 2 个用例
2025-08-10 13:21:24 | DEBUG | utils.template_parser:load_template:89 | 加载模板成功: api.auth.login#oauth_login
2025-08-10 13:21:24 | INFO | utils.template_parser:generate_test_cases:418 | 生成测试用例成功: 2 个用例
2025-08-10 13:21:24 | INFO | utils.data_parser:_process_template_cases:417 | 模板用例生成成功: OAuth登录测试, 生成 2 个用例
2025-08-10 13:21:24 | INFO | utils.template_parser:generate_test_cases:418 | 生成测试用例成功: 1 个用例
2025-08-10 13:21:24 | DEBUG | utils.template_parser:load_dataset:166 | 加载数据集成功: data/datasets/auth/login_data.yaml#standard_login_positive, 数据条数: 3
2025-08-10 13:21:24 | INFO | utils.template_parser:generate_test_cases:418 | 生成测试用例成功: 3 个用例
2025-08-10 13:21:24 | DEBUG | utils.template_parser:load_template:89 | 加载模板成功: workflow.user_lifecycle#complete_user_lifecycle
2025-08-10 13:30:46 | INFO | utils.excel_test_runner:parse_excel_file:45 | 解析Excel模块: login_module
2025-08-10 13:30:46 | DEBUG | utils.excel_test_runner:parse_sheet:89 | Sheet login_module 表头: ['case_name', 'type', 'template', 'username', 'password', 'expected_status', 'expected_code', 'expected_message', 'tags', 'enabled']
2025-08-10 13:30:46 | DEBUG | utils.template_parser:load_template:89 | 加载模板成功: data/templates/api_templates.yaml#login_template
2025-08-10 13:30:46 | DEBUG | utils.excel_test_runner:parse_sheet:122 | 跳过禁用用例: 禁用的测试用例
2025-08-10 13:30:46 | INFO | utils.excel_test_runner:parse_excel_file:56 | 模块 login_module 解析完成: 5 个用例
2025-08-10 13:30:46 | INFO | utils.excel_test_runner:parse_excel_file:45 | 解析Excel模块: user_module
2025-08-10 13:30:46 | DEBUG | utils.excel_test_runner:parse_sheet:89 | Sheet user_module 表头: ['case_name', 'type', 'method', 'url', 'headers', 'data', 'assertions', 'extract', 'tags', 'enabled']
2025-08-10 13:30:46 | INFO | utils.excel_test_runner:parse_excel_file:56 | 模块 user_module 解析完成: 4 个用例
2025-08-10 13:30:46 | INFO | utils.excel_test_runner:parse_excel_file:45 | 解析Excel模块: mixed_module
2025-08-10 13:30:46 | DEBUG | utils.excel_test_runner:parse_sheet:89 | Sheet mixed_module 表头: ['case_name', 'type', 'template', 'method', 'url', 'username', 'password', 'data', 'assertions', 'tags', 'enabled']
2025-08-10 13:30:46 | WARNING | utils.template_parser:replace_var:236 | 变量 'expected_status' 未找到，保持原样
2025-08-10 13:30:46 | WARNING | utils.template_parser:replace_var:236 | 变量 'expected_status' 未找到，保持原样
2025-08-10 13:30:46 | WARNING | utils.template_parser:replace_var:236 | 变量 'expected_code' 未找到，保持原样
2025-08-10 13:30:46 | WARNING | utils.template_parser:replace_var:236 | 变量 'expected_code' 未找到，保持原样
2025-08-10 13:30:46 | WARNING | utils.template_parser:replace_var:236 | 变量 'expected_message' 未找到，保持原样
2025-08-10 13:30:46 | WARNING | utils.template_parser:replace_var:236 | 变量 'expected_message' 未找到，保持原样
2025-08-10 13:30:46 | WARNING | utils.template_parser:replace_var:236 | 变量 'expected_code' 未找到，保持原样
2025-08-10 13:30:46 | WARNING | utils.template_parser:replace_var:236 | 变量 'expected_code' 未找到，保持原样
2025-08-10 13:30:46 | WARNING | utils.template_parser:replace_var:236 | 变量 'expected_code' 未找到，保持原样
2025-08-10 13:30:46 | WARNING | utils.template_parser:replace_var:236 | 变量 'expected_code' 未找到，保持原样
2025-08-10 13:30:46 | DEBUG | utils.template_parser:load_template:89 | 加载模板成功: data/templates/api_templates.yaml#register_template
2025-08-10 13:30:46 | WARNING | utils.template_parser:replace_var:236 | 变量 'email' 未找到，保持原样
2025-08-10 13:30:46 | WARNING | utils.template_parser:replace_var:236 | 变量 'phone' 未找到，保持原样
2025-08-10 13:30:46 | WARNING | utils.template_parser:replace_var:236 | 变量 'expected_status' 未找到，保持原样
2025-08-10 13:30:46 | WARNING | utils.template_parser:replace_var:236 | 变量 'expected_code' 未找到，保持原样
2025-08-10 13:30:46 | WARNING | utils.template_parser:replace_var:236 | 变量 'expected_message' 未找到，保持原样
2025-08-10 13:30:46 | WARNING | utils.template_parser:replace_var:236 | 变量 'expected_code' 未找到，保持原样
2025-08-10 13:30:46 | WARNING | utils.template_parser:replace_var:236 | 变量 'expected_code' 未找到，保持原样
2025-08-10 13:30:46 | WARNING | utils.template_parser:replace_var:236 | 变量 'expected_code' 未找到，保持原样
2025-08-10 13:30:46 | WARNING | utils.template_parser:replace_var:236 | 变量 'expected_code' 未找到，保持原样
2025-08-10 13:30:46 | INFO | utils.excel_test_runner:parse_excel_file:56 | 模块 mixed_module 解析完成: 4 个用例
2025-08-10 13:30:46 | INFO | utils.excel_test_runner:parse_to_test_suite:461 | Excel解析完成: 13 个测试用例
2025-08-10 13:30:46 | INFO | utils.config_parser:load_config:24 | 加载配置文件成功: E:\code_project\cc_p\auto_case\config\config.yaml
2025-08-10 13:30:46 | INFO | utils.config_parser:load_env_config:48 | 加载环境配置成功: dev
2025-08-10 13:30:46 | INFO | main:run_from_test_suite:308 | 开始执行测试套件: Excel测试套件: test_demo
2025-08-10 13:30:46 | INFO | main:run_from_test_suite:309 | 套件描述: 从Excel文件 test_demo.xlsx 解析生成
2025-08-10 13:30:46 | INFO | main:run_from_test_suite:310 | 总用例数: 13
2025-08-10 13:30:46 | INFO | main:run_from_test_suite:332 | 执行用例 [1/13]: 管理员登录
2025-08-10 13:30:46 | INFO | main:run_from_test_suite:333 | 用例描述: 用户登录接口测试模板
2025-08-10 13:30:46 | INFO | main:run_from_test_suite:334 | 用例标签: ['smoke', 'positive', 'login_module']
2025-08-10 13:30:46 | INFO | main:run_from_test_suite:335 | 用例来源: excel
2025-08-10 13:30:46 | INFO | main:run_from_test_suite:339 | 模拟执行用例: 管理员登录
2025-08-10 13:30:46 | INFO | main:run_from_test_suite:342 |   请求: POST /api/login
2025-08-10 13:30:46 | INFO | main:run_from_test_suite:343 |   数据: {'username': 'admin', 'password': '123456'}
2025-08-10 13:30:46 | INFO | main:run_from_test_suite:346 |   断言数量: 3
2025-08-10 13:30:46 | INFO | main:run_from_test_suite:350 | ✅ 用例执行成功: 管理员登录
2025-08-10 13:30:46 | INFO | main:run_from_test_suite:332 | 执行用例 [2/13]: 普通用户登录
2025-08-10 13:30:46 | INFO | main:run_from_test_suite:333 | 用例描述: 用户登录接口测试模板
2025-08-10 13:30:46 | INFO | main:run_from_test_suite:334 | 用例标签: ['positive', 'login_module']
2025-08-10 13:30:46 | INFO | main:run_from_test_suite:335 | 用例来源: excel
2025-08-10 13:30:46 | INFO | main:run_from_test_suite:339 | 模拟执行用例: 普通用户登录
2025-08-10 13:30:46 | INFO | main:run_from_test_suite:342 |   请求: POST /api/login
2025-08-10 13:30:46 | INFO | main:run_from_test_suite:343 |   数据: {'username': 'user001', 'password': 'user123'}
2025-08-10 13:30:46 | INFO | main:run_from_test_suite:346 |   断言数量: 3
2025-08-10 13:30:46 | INFO | main:run_from_test_suite:350 | ✅ 用例执行成功: 普通用户登录
2025-08-10 13:30:46 | INFO | main:run_from_test_suite:332 | 执行用例 [3/13]: 邮箱登录
2025-08-10 13:30:46 | INFO | main:run_from_test_suite:333 | 用例描述: 用户登录接口测试模板
2025-08-10 13:30:46 | INFO | main:run_from_test_suite:334 | 用例标签: ['positive', 'login_module']
2025-08-10 13:30:46 | INFO | main:run_from_test_suite:335 | 用例来源: excel
2025-08-10 13:30:46 | INFO | main:run_from_test_suite:339 | 模拟执行用例: 邮箱登录
2025-08-10 13:30:46 | INFO | main:run_from_test_suite:342 |   请求: POST /api/login
2025-08-10 13:30:46 | INFO | main:run_from_test_suite:343 |   数据: {'username': 'admin@example.com', 'password': '123456'}
2025-08-10 13:30:46 | INFO | main:run_from_test_suite:346 |   断言数量: 3
2025-08-10 13:30:46 | INFO | main:run_from_test_suite:350 | ✅ 用例执行成功: 邮箱登录
2025-08-10 13:30:46 | INFO | main:run_from_test_suite:332 | 执行用例 [4/13]: 密码错误
2025-08-10 13:30:46 | INFO | main:run_from_test_suite:333 | 用例描述: 用户登录接口测试模板
2025-08-10 13:30:46 | INFO | main:run_from_test_suite:334 | 用例标签: ['negative', 'login_module']
2025-08-10 13:30:46 | INFO | main:run_from_test_suite:335 | 用例来源: excel
2025-08-10 13:30:46 | INFO | main:run_from_test_suite:339 | 模拟执行用例: 密码错误
2025-08-10 13:30:46 | INFO | main:run_from_test_suite:342 |   请求: POST /api/login
2025-08-10 13:30:46 | INFO | main:run_from_test_suite:343 |   数据: {'username': 'admin', 'password': 'wrong_password'}
2025-08-10 13:30:46 | INFO | main:run_from_test_suite:346 |   断言数量: 3
2025-08-10 13:30:46 | INFO | main:run_from_test_suite:350 | ✅ 用例执行成功: 密码错误
2025-08-10 13:30:46 | INFO | main:run_from_test_suite:332 | 执行用例 [5/13]: 用户不存在
2025-08-10 13:30:46 | INFO | main:run_from_test_suite:333 | 用例描述: 用户登录接口测试模板
2025-08-10 13:30:46 | INFO | main:run_from_test_suite:334 | 用例标签: ['negative', 'login_module']
2025-08-10 13:30:46 | INFO | main:run_from_test_suite:335 | 用例来源: excel
2025-08-10 13:30:46 | INFO | main:run_from_test_suite:339 | 模拟执行用例: 用户不存在
2025-08-10 13:30:46 | INFO | main:run_from_test_suite:342 |   请求: POST /api/login
2025-08-10 13:30:46 | INFO | main:run_from_test_suite:343 |   数据: {'username': 'nonexistent', 'password': '123456'}
2025-08-10 13:30:46 | INFO | main:run_from_test_suite:346 |   断言数量: 3
2025-08-10 13:30:46 | INFO | main:run_from_test_suite:350 | ✅ 用例执行成功: 用户不存在
2025-08-10 13:30:46 | INFO | main:run_from_test_suite:332 | 执行用例 [6/13]: 获取用户列表
2025-08-10 13:30:46 | INFO | main:run_from_test_suite:333 | 用例描述: 
2025-08-10 13:30:46 | INFO | main:run_from_test_suite:334 | 用例标签: ['smoke', 'positive', 'user_module']
2025-08-10 13:30:46 | INFO | main:run_from_test_suite:335 | 用例来源: excel
2025-08-10 13:30:46 | INFO | main:run_from_test_suite:339 | 模拟执行用例: 获取用户列表
2025-08-10 13:30:46 | INFO | main:run_from_test_suite:342 |   请求: GET /api/users
2025-08-10 13:30:46 | INFO | main:run_from_test_suite:343 |   数据: None
2025-08-10 13:30:46 | INFO | main:run_from_test_suite:346 |   断言数量: 2
2025-08-10 13:30:46 | INFO | main:run_from_test_suite:350 | ✅ 用例执行成功: 获取用户列表
2025-08-10 13:30:46 | INFO | main:run_from_test_suite:332 | 执行用例 [7/13]: 创建新用户
2025-08-10 13:30:46 | INFO | main:run_from_test_suite:333 | 用例描述: 
2025-08-10 13:30:46 | INFO | main:run_from_test_suite:334 | 用例标签: ['positive', 'user_module']
2025-08-10 13:30:46 | INFO | main:run_from_test_suite:335 | 用例来源: excel
2025-08-10 13:30:46 | INFO | main:run_from_test_suite:339 | 模拟执行用例: 创建新用户
2025-08-10 13:30:46 | INFO | main:run_from_test_suite:342 |   请求: POST /api/users
2025-08-10 13:30:46 | INFO | main:run_from_test_suite:343 |   数据: {'username': 'newuser001', 'email': 'newuser001@example.com', 'password': 'NewUser123'}
2025-08-10 13:30:46 | INFO | main:run_from_test_suite:346 |   断言数量: 2
2025-08-10 13:30:46 | INFO | main:run_from_test_suite:350 | ✅ 用例执行成功: 创建新用户
2025-08-10 13:30:46 | INFO | main:run_from_test_suite:332 | 执行用例 [8/13]: 更新用户信息
2025-08-10 13:30:46 | INFO | main:run_from_test_suite:333 | 用例描述: 
2025-08-10 13:30:46 | INFO | main:run_from_test_suite:334 | 用例标签: ['positive', 'user_module']
2025-08-10 13:30:46 | INFO | main:run_from_test_suite:335 | 用例来源: excel
2025-08-10 13:30:46 | INFO | main:run_from_test_suite:339 | 模拟执行用例: 更新用户信息
2025-08-10 13:30:46 | INFO | main:run_from_test_suite:342 |   请求: PUT /api/users/${user_id}
2025-08-10 13:30:46 | INFO | main:run_from_test_suite:343 |   数据: {'username': 'updated_user', 'email': 'updated@example.com'}
2025-08-10 13:30:46 | INFO | main:run_from_test_suite:346 |   断言数量: 2
2025-08-10 13:30:46 | INFO | main:run_from_test_suite:350 | ✅ 用例执行成功: 更新用户信息
2025-08-10 13:30:46 | INFO | main:run_from_test_suite:332 | 执行用例 [9/13]: 删除用户
2025-08-10 13:30:46 | INFO | main:run_from_test_suite:333 | 用例描述: 
2025-08-10 13:30:46 | INFO | main:run_from_test_suite:334 | 用例标签: ['positive', 'user_module']
2025-08-10 13:30:46 | INFO | main:run_from_test_suite:335 | 用例来源: excel
2025-08-10 13:30:46 | INFO | main:run_from_test_suite:339 | 模拟执行用例: 删除用户
2025-08-10 13:30:46 | INFO | main:run_from_test_suite:342 |   请求: DELETE /api/users/${user_id}
2025-08-10 13:30:46 | INFO | main:run_from_test_suite:343 |   数据: None
2025-08-10 13:30:46 | INFO | main:run_from_test_suite:346 |   断言数量: 2
2025-08-10 13:30:46 | INFO | main:run_from_test_suite:350 | ✅ 用例执行成功: 删除用户
2025-08-10 13:30:46 | INFO | main:run_from_test_suite:332 | 执行用例 [10/13]: 模板登录测试
2025-08-10 13:30:46 | INFO | main:run_from_test_suite:333 | 用例描述: 用户登录接口测试模板
2025-08-10 13:30:46 | INFO | main:run_from_test_suite:334 | 用例标签: ['template', 'smoke', 'mixed_module']
2025-08-10 13:30:46 | INFO | main:run_from_test_suite:335 | 用例来源: excel
2025-08-10 13:30:46 | INFO | main:run_from_test_suite:339 | 模拟执行用例: 模板登录测试
2025-08-10 13:30:46 | INFO | main:run_from_test_suite:342 |   请求: POST /api/login
2025-08-10 13:30:46 | INFO | main:run_from_test_suite:343 |   数据: {'username': 'admin', 'password': '123456'}
2025-08-10 13:30:46 | INFO | main:run_from_test_suite:346 |   断言数量: 3
2025-08-10 13:30:46 | INFO | main:run_from_test_suite:350 | ✅ 用例执行成功: 模板登录测试
2025-08-10 13:30:46 | INFO | main:run_from_test_suite:332 | 执行用例 [11/13]: 自定义健康检查
2025-08-10 13:30:46 | INFO | main:run_from_test_suite:333 | 用例描述: 
2025-08-10 13:30:46 | INFO | main:run_from_test_suite:334 | 用例标签: ['custom', 'health', 'mixed_module']
2025-08-10 13:30:46 | INFO | main:run_from_test_suite:335 | 用例来源: excel
2025-08-10 13:30:46 | INFO | main:run_from_test_suite:339 | 模拟执行用例: 自定义健康检查
2025-08-10 13:30:46 | INFO | main:run_from_test_suite:342 |   请求: GET /api/health
2025-08-10 13:30:46 | INFO | main:run_from_test_suite:343 |   数据: None
2025-08-10 13:30:46 | INFO | main:run_from_test_suite:346 |   断言数量: 1
2025-08-10 13:30:46 | INFO | main:run_from_test_suite:350 | ✅ 用例执行成功: 自定义健康检查
2025-08-10 13:30:46 | INFO | main:run_from_test_suite:332 | 执行用例 [12/13]: 模板注册测试
2025-08-10 13:30:46 | INFO | main:run_from_test_suite:333 | 用例描述: 用户注册接口测试模板
2025-08-10 13:30:46 | INFO | main:run_from_test_suite:334 | 用例标签: ['template', 'positive', 'mixed_module']
2025-08-10 13:30:46 | INFO | main:run_from_test_suite:335 | 用例来源: excel
2025-08-10 13:30:46 | INFO | main:run_from_test_suite:339 | 模拟执行用例: 模板注册测试
2025-08-10 13:30:46 | INFO | main:run_from_test_suite:342 |   请求: POST /api/register
2025-08-10 13:30:46 | INFO | main:run_from_test_suite:343 |   数据: {'username': 'testuser', 'email': '${email}', 'password': 'Test123', 'phone': '${phone}'}
2025-08-10 13:30:46 | INFO | main:run_from_test_suite:346 |   断言数量: 3
2025-08-10 13:30:46 | INFO | main:run_from_test_suite:350 | ✅ 用例执行成功: 模板注册测试
2025-08-10 13:30:46 | INFO | main:run_from_test_suite:332 | 执行用例 [13/13]: 自定义配置获取
2025-08-10 13:30:46 | INFO | main:run_from_test_suite:333 | 用例描述: 
2025-08-10 13:30:46 | INFO | main:run_from_test_suite:334 | 用例标签: ['custom', 'config', 'mixed_module']
2025-08-10 13:30:46 | INFO | main:run_from_test_suite:335 | 用例来源: excel
2025-08-10 13:30:46 | INFO | main:run_from_test_suite:339 | 模拟执行用例: 自定义配置获取
2025-08-10 13:30:46 | INFO | main:run_from_test_suite:342 |   请求: GET /api/config
2025-08-10 13:30:46 | INFO | main:run_from_test_suite:343 |   数据: None
2025-08-10 13:30:46 | INFO | main:run_from_test_suite:346 |   断言数量: 2
2025-08-10 13:30:46 | INFO | main:run_from_test_suite:350 | ✅ 用例执行成功: 自定义配置获取
2025-08-10 13:30:46 | INFO | main:run_from_test_suite:357 | 测试套件执行完成: 成功 13/13
2025-08-10 13:30:46 | INFO | main:run_from_test_suite:308 | 开始执行测试套件: Excel测试套件: test_demo
2025-08-10 13:30:46 | INFO | main:run_from_test_suite:309 | 套件描述: 从Excel文件 test_demo.xlsx 解析生成
2025-08-10 13:30:46 | INFO | main:run_from_test_suite:310 | 总用例数: 13
2025-08-10 13:30:46 | INFO | main:run_from_test_suite:315 | 标签过滤后用例数: 5
2025-08-10 13:30:46 | INFO | main:run_from_test_suite:332 | 执行用例 [1/5]: 管理员登录
2025-08-10 13:30:46 | INFO | main:run_from_test_suite:333 | 用例描述: 用户登录接口测试模板
2025-08-10 13:30:46 | INFO | main:run_from_test_suite:334 | 用例标签: ['smoke', 'positive', 'login_module']
2025-08-10 13:30:46 | INFO | main:run_from_test_suite:335 | 用例来源: excel
2025-08-10 13:30:46 | INFO | main:run_from_test_suite:339 | 模拟执行用例: 管理员登录
2025-08-10 13:30:46 | INFO | main:run_from_test_suite:342 |   请求: POST /api/login
2025-08-10 13:30:46 | INFO | main:run_from_test_suite:343 |   数据: {'username': 'admin', 'password': '123456'}
2025-08-10 13:30:46 | INFO | main:run_from_test_suite:346 |   断言数量: 3
2025-08-10 13:30:46 | INFO | main:run_from_test_suite:350 | ✅ 用例执行成功: 管理员登录
2025-08-10 13:30:46 | INFO | main:run_from_test_suite:332 | 执行用例 [2/5]: 普通用户登录
2025-08-10 13:30:46 | INFO | main:run_from_test_suite:333 | 用例描述: 用户登录接口测试模板
2025-08-10 13:30:46 | INFO | main:run_from_test_suite:334 | 用例标签: ['positive', 'login_module']
2025-08-10 13:30:46 | INFO | main:run_from_test_suite:335 | 用例来源: excel
2025-08-10 13:30:46 | INFO | main:run_from_test_suite:339 | 模拟执行用例: 普通用户登录
2025-08-10 13:30:46 | INFO | main:run_from_test_suite:342 |   请求: POST /api/login
2025-08-10 13:30:46 | INFO | main:run_from_test_suite:343 |   数据: {'username': 'user001', 'password': 'user123'}
2025-08-10 13:30:46 | INFO | main:run_from_test_suite:346 |   断言数量: 3
2025-08-10 13:30:46 | INFO | main:run_from_test_suite:350 | ✅ 用例执行成功: 普通用户登录
2025-08-10 13:30:46 | INFO | main:run_from_test_suite:332 | 执行用例 [3/5]: 邮箱登录
2025-08-10 13:30:46 | INFO | main:run_from_test_suite:333 | 用例描述: 用户登录接口测试模板
2025-08-10 13:30:46 | INFO | main:run_from_test_suite:334 | 用例标签: ['positive', 'login_module']
2025-08-10 13:30:46 | INFO | main:run_from_test_suite:335 | 用例来源: excel
2025-08-10 13:30:46 | INFO | main:run_from_test_suite:339 | 模拟执行用例: 邮箱登录
2025-08-10 13:30:46 | INFO | main:run_from_test_suite:342 |   请求: POST /api/login
2025-08-10 13:30:46 | INFO | main:run_from_test_suite:343 |   数据: {'username': 'admin@example.com', 'password': '123456'}
2025-08-10 13:30:46 | INFO | main:run_from_test_suite:346 |   断言数量: 3
2025-08-10 13:30:46 | INFO | main:run_from_test_suite:350 | ✅ 用例执行成功: 邮箱登录
2025-08-10 13:30:46 | INFO | main:run_from_test_suite:332 | 执行用例 [4/5]: 密码错误
2025-08-10 13:30:46 | INFO | main:run_from_test_suite:333 | 用例描述: 用户登录接口测试模板
2025-08-10 13:30:46 | INFO | main:run_from_test_suite:334 | 用例标签: ['negative', 'login_module']
2025-08-10 13:30:46 | INFO | main:run_from_test_suite:335 | 用例来源: excel
2025-08-10 13:30:46 | INFO | main:run_from_test_suite:339 | 模拟执行用例: 密码错误
2025-08-10 13:30:46 | INFO | main:run_from_test_suite:342 |   请求: POST /api/login
2025-08-10 13:30:46 | INFO | main:run_from_test_suite:343 |   数据: {'username': 'admin', 'password': 'wrong_password'}
2025-08-10 13:30:46 | INFO | main:run_from_test_suite:346 |   断言数量: 3
2025-08-10 13:30:46 | INFO | main:run_from_test_suite:350 | ✅ 用例执行成功: 密码错误
2025-08-10 13:30:46 | INFO | main:run_from_test_suite:332 | 执行用例 [5/5]: 用户不存在
2025-08-10 13:30:46 | INFO | main:run_from_test_suite:333 | 用例描述: 用户登录接口测试模板
2025-08-10 13:30:46 | INFO | main:run_from_test_suite:334 | 用例标签: ['negative', 'login_module']
2025-08-10 13:30:46 | INFO | main:run_from_test_suite:335 | 用例来源: excel
2025-08-10 13:30:46 | INFO | main:run_from_test_suite:339 | 模拟执行用例: 用户不存在
2025-08-10 13:30:46 | INFO | main:run_from_test_suite:342 |   请求: POST /api/login
2025-08-10 13:30:46 | INFO | main:run_from_test_suite:343 |   数据: {'username': 'nonexistent', 'password': '123456'}
2025-08-10 13:30:46 | INFO | main:run_from_test_suite:346 |   断言数量: 3
2025-08-10 13:30:46 | INFO | main:run_from_test_suite:350 | ✅ 用例执行成功: 用户不存在
2025-08-10 13:30:46 | INFO | main:run_from_test_suite:357 | 测试套件执行完成: 成功 5/5
2025-08-10 13:30:46 | INFO | utils.config_parser:load_env_config:48 | 加载环境配置成功: dev
2025-08-10 13:30:46 | INFO | utils.excel_test_runner:parse_excel_file:45 | 解析Excel模块: login_module
2025-08-10 13:30:46 | DEBUG | utils.excel_test_runner:parse_sheet:89 | Sheet login_module 表头: ['case_name', 'type', 'template', 'username', 'password', 'expected_status', 'expected_code', 'expected_message', 'tags', 'enabled']
2025-08-10 13:30:46 | DEBUG | utils.excel_test_runner:parse_sheet:122 | 跳过禁用用例: 禁用的测试用例
2025-08-10 13:30:46 | INFO | utils.excel_test_runner:parse_excel_file:56 | 模块 login_module 解析完成: 5 个用例
2025-08-10 13:30:46 | INFO | utils.excel_test_runner:parse_excel_file:45 | 解析Excel模块: user_module
2025-08-10 13:30:46 | DEBUG | utils.excel_test_runner:parse_sheet:89 | Sheet user_module 表头: ['case_name', 'type', 'method', 'url', 'headers', 'data', 'assertions', 'extract', 'tags', 'enabled']
2025-08-10 13:30:46 | INFO | utils.excel_test_runner:parse_excel_file:56 | 模块 user_module 解析完成: 4 个用例
2025-08-10 13:30:46 | INFO | utils.excel_test_runner:parse_excel_file:45 | 解析Excel模块: mixed_module
2025-08-10 13:30:46 | DEBUG | utils.excel_test_runner:parse_sheet:89 | Sheet mixed_module 表头: ['case_name', 'type', 'template', 'method', 'url', 'username', 'password', 'data', 'assertions', 'tags', 'enabled']
2025-08-10 13:30:46 | WARNING | utils.template_parser:replace_var:236 | 变量 'expected_status' 未找到，保持原样
2025-08-10 13:30:46 | WARNING | utils.template_parser:replace_var:236 | 变量 'expected_status' 未找到，保持原样
2025-08-10 13:30:46 | WARNING | utils.template_parser:replace_var:236 | 变量 'expected_code' 未找到，保持原样
2025-08-10 13:30:46 | WARNING | utils.template_parser:replace_var:236 | 变量 'expected_code' 未找到，保持原样
2025-08-10 13:30:46 | WARNING | utils.template_parser:replace_var:236 | 变量 'expected_message' 未找到，保持原样
2025-08-10 13:30:46 | WARNING | utils.template_parser:replace_var:236 | 变量 'expected_message' 未找到，保持原样
2025-08-10 13:30:46 | WARNING | utils.template_parser:replace_var:236 | 变量 'expected_code' 未找到，保持原样
2025-08-10 13:30:46 | WARNING | utils.template_parser:replace_var:236 | 变量 'expected_code' 未找到，保持原样
2025-08-10 13:30:46 | WARNING | utils.template_parser:replace_var:236 | 变量 'expected_code' 未找到，保持原样
2025-08-10 13:30:46 | WARNING | utils.template_parser:replace_var:236 | 变量 'expected_code' 未找到，保持原样
2025-08-10 13:30:46 | WARNING | utils.template_parser:replace_var:236 | 变量 'email' 未找到，保持原样
2025-08-10 13:30:46 | WARNING | utils.template_parser:replace_var:236 | 变量 'phone' 未找到，保持原样
2025-08-10 13:30:46 | WARNING | utils.template_parser:replace_var:236 | 变量 'expected_status' 未找到，保持原样
2025-08-10 13:30:46 | WARNING | utils.template_parser:replace_var:236 | 变量 'expected_code' 未找到，保持原样
2025-08-10 13:30:46 | WARNING | utils.template_parser:replace_var:236 | 变量 'expected_message' 未找到，保持原样
2025-08-10 13:30:46 | WARNING | utils.template_parser:replace_var:236 | 变量 'expected_code' 未找到，保持原样
2025-08-10 13:30:46 | WARNING | utils.template_parser:replace_var:236 | 变量 'expected_code' 未找到，保持原样
2025-08-10 13:30:46 | WARNING | utils.template_parser:replace_var:236 | 变量 'expected_code' 未找到，保持原样
2025-08-10 13:30:46 | WARNING | utils.template_parser:replace_var:236 | 变量 'expected_code' 未找到，保持原样
2025-08-10 13:30:46 | INFO | utils.excel_test_runner:parse_excel_file:56 | 模块 mixed_module 解析完成: 4 个用例
2025-08-10 13:30:46 | INFO | utils.excel_test_runner:parse_to_test_suite:461 | Excel解析完成: 13 个测试用例
2025-08-10 13:30:46 | INFO | main:run_from_test_suite:308 | 开始执行测试套件: Excel测试套件: test_demo
2025-08-10 13:30:46 | INFO | main:run_from_test_suite:309 | 套件描述: 从Excel文件 test_demo.xlsx 解析生成
2025-08-10 13:30:46 | INFO | main:run_from_test_suite:310 | 总用例数: 13
2025-08-10 13:30:46 | INFO | main:run_from_test_suite:332 | 执行用例 [1/13]: 管理员登录
2025-08-10 13:30:46 | INFO | main:run_from_test_suite:333 | 用例描述: 用户登录接口测试模板
2025-08-10 13:30:46 | INFO | main:run_from_test_suite:334 | 用例标签: ['smoke', 'positive', 'login_module']
2025-08-10 13:30:46 | INFO | main:run_from_test_suite:335 | 用例来源: excel
2025-08-10 13:30:46 | INFO | main:run_from_test_suite:339 | 模拟执行用例: 管理员登录
2025-08-10 13:30:46 | INFO | main:run_from_test_suite:342 |   请求: POST /api/login
2025-08-10 13:30:46 | INFO | main:run_from_test_suite:343 |   数据: {'username': 'admin', 'password': '123456'}
2025-08-10 13:30:46 | INFO | main:run_from_test_suite:346 |   断言数量: 3
2025-08-10 13:30:46 | INFO | main:run_from_test_suite:350 | ✅ 用例执行成功: 管理员登录
2025-08-10 13:30:46 | INFO | main:run_from_test_suite:332 | 执行用例 [2/13]: 普通用户登录
2025-08-10 13:30:46 | INFO | main:run_from_test_suite:333 | 用例描述: 用户登录接口测试模板
2025-08-10 13:30:46 | INFO | main:run_from_test_suite:334 | 用例标签: ['positive', 'login_module']
2025-08-10 13:30:46 | INFO | main:run_from_test_suite:335 | 用例来源: excel
2025-08-10 13:30:46 | INFO | main:run_from_test_suite:339 | 模拟执行用例: 普通用户登录
2025-08-10 13:30:46 | INFO | main:run_from_test_suite:342 |   请求: POST /api/login
2025-08-10 13:30:46 | INFO | main:run_from_test_suite:343 |   数据: {'username': 'user001', 'password': 'user123'}
2025-08-10 13:30:46 | INFO | main:run_from_test_suite:346 |   断言数量: 3
2025-08-10 13:30:46 | INFO | main:run_from_test_suite:350 | ✅ 用例执行成功: 普通用户登录
2025-08-10 13:30:46 | INFO | main:run_from_test_suite:332 | 执行用例 [3/13]: 邮箱登录
2025-08-10 13:30:46 | INFO | main:run_from_test_suite:333 | 用例描述: 用户登录接口测试模板
2025-08-10 13:30:46 | INFO | main:run_from_test_suite:334 | 用例标签: ['positive', 'login_module']
2025-08-10 13:30:46 | INFO | main:run_from_test_suite:335 | 用例来源: excel
2025-08-10 13:30:46 | INFO | main:run_from_test_suite:339 | 模拟执行用例: 邮箱登录
2025-08-10 13:30:46 | INFO | main:run_from_test_suite:342 |   请求: POST /api/login
2025-08-10 13:30:46 | INFO | main:run_from_test_suite:343 |   数据: {'username': 'admin@example.com', 'password': '123456'}
2025-08-10 13:30:46 | INFO | main:run_from_test_suite:346 |   断言数量: 3
2025-08-10 13:30:46 | INFO | main:run_from_test_suite:350 | ✅ 用例执行成功: 邮箱登录
2025-08-10 13:30:46 | INFO | main:run_from_test_suite:332 | 执行用例 [4/13]: 密码错误
2025-08-10 13:30:46 | INFO | main:run_from_test_suite:333 | 用例描述: 用户登录接口测试模板
2025-08-10 13:30:46 | INFO | main:run_from_test_suite:334 | 用例标签: ['negative', 'login_module']
2025-08-10 13:30:46 | INFO | main:run_from_test_suite:335 | 用例来源: excel
2025-08-10 13:30:46 | INFO | main:run_from_test_suite:339 | 模拟执行用例: 密码错误
2025-08-10 13:30:46 | INFO | main:run_from_test_suite:342 |   请求: POST /api/login
2025-08-10 13:30:46 | INFO | main:run_from_test_suite:343 |   数据: {'username': 'admin', 'password': 'wrong_password'}
2025-08-10 13:30:46 | INFO | main:run_from_test_suite:346 |   断言数量: 3
2025-08-10 13:30:46 | INFO | main:run_from_test_suite:350 | ✅ 用例执行成功: 密码错误
2025-08-10 13:30:46 | INFO | main:run_from_test_suite:332 | 执行用例 [5/13]: 用户不存在
2025-08-10 13:30:46 | INFO | main:run_from_test_suite:333 | 用例描述: 用户登录接口测试模板
2025-08-10 13:30:46 | INFO | main:run_from_test_suite:334 | 用例标签: ['negative', 'login_module']
2025-08-10 13:30:46 | INFO | main:run_from_test_suite:335 | 用例来源: excel
2025-08-10 13:30:46 | INFO | main:run_from_test_suite:339 | 模拟执行用例: 用户不存在
2025-08-10 13:30:46 | INFO | main:run_from_test_suite:342 |   请求: POST /api/login
2025-08-10 13:30:46 | INFO | main:run_from_test_suite:343 |   数据: {'username': 'nonexistent', 'password': '123456'}
2025-08-10 13:30:46 | INFO | main:run_from_test_suite:346 |   断言数量: 3
2025-08-10 13:30:46 | INFO | main:run_from_test_suite:350 | ✅ 用例执行成功: 用户不存在
2025-08-10 13:30:46 | INFO | main:run_from_test_suite:332 | 执行用例 [6/13]: 获取用户列表
2025-08-10 13:30:46 | INFO | main:run_from_test_suite:333 | 用例描述: 
2025-08-10 13:30:46 | INFO | main:run_from_test_suite:334 | 用例标签: ['smoke', 'positive', 'user_module']
2025-08-10 13:30:46 | INFO | main:run_from_test_suite:335 | 用例来源: excel
2025-08-10 13:30:46 | INFO | main:run_from_test_suite:339 | 模拟执行用例: 获取用户列表
2025-08-10 13:30:46 | INFO | main:run_from_test_suite:342 |   请求: GET /api/users
2025-08-10 13:30:46 | INFO | main:run_from_test_suite:343 |   数据: None
2025-08-10 13:30:46 | INFO | main:run_from_test_suite:346 |   断言数量: 2
2025-08-10 13:30:46 | INFO | main:run_from_test_suite:350 | ✅ 用例执行成功: 获取用户列表
2025-08-10 13:30:46 | INFO | main:run_from_test_suite:332 | 执行用例 [7/13]: 创建新用户
2025-08-10 13:30:46 | INFO | main:run_from_test_suite:333 | 用例描述: 
2025-08-10 13:30:46 | INFO | main:run_from_test_suite:334 | 用例标签: ['positive', 'user_module']
2025-08-10 13:30:46 | INFO | main:run_from_test_suite:335 | 用例来源: excel
2025-08-10 13:30:46 | INFO | main:run_from_test_suite:339 | 模拟执行用例: 创建新用户
2025-08-10 13:30:46 | INFO | main:run_from_test_suite:342 |   请求: POST /api/users
2025-08-10 13:30:46 | INFO | main:run_from_test_suite:343 |   数据: {'username': 'newuser001', 'email': 'newuser001@example.com', 'password': 'NewUser123'}
2025-08-10 13:30:46 | INFO | main:run_from_test_suite:346 |   断言数量: 2
2025-08-10 13:30:46 | INFO | main:run_from_test_suite:350 | ✅ 用例执行成功: 创建新用户
2025-08-10 13:30:46 | INFO | main:run_from_test_suite:332 | 执行用例 [8/13]: 更新用户信息
2025-08-10 13:30:46 | INFO | main:run_from_test_suite:333 | 用例描述: 
2025-08-10 13:30:46 | INFO | main:run_from_test_suite:334 | 用例标签: ['positive', 'user_module']
2025-08-10 13:30:46 | INFO | main:run_from_test_suite:335 | 用例来源: excel
2025-08-10 13:30:46 | INFO | main:run_from_test_suite:339 | 模拟执行用例: 更新用户信息
2025-08-10 13:30:46 | INFO | main:run_from_test_suite:342 |   请求: PUT /api/users/${user_id}
2025-08-10 13:30:46 | INFO | main:run_from_test_suite:343 |   数据: {'username': 'updated_user', 'email': 'updated@example.com'}
2025-08-10 13:30:46 | INFO | main:run_from_test_suite:346 |   断言数量: 2
2025-08-10 13:30:46 | INFO | main:run_from_test_suite:350 | ✅ 用例执行成功: 更新用户信息
2025-08-10 13:30:46 | INFO | main:run_from_test_suite:332 | 执行用例 [9/13]: 删除用户
2025-08-10 13:30:46 | INFO | main:run_from_test_suite:333 | 用例描述: 
2025-08-10 13:30:46 | INFO | main:run_from_test_suite:334 | 用例标签: ['positive', 'user_module']
2025-08-10 13:30:46 | INFO | main:run_from_test_suite:335 | 用例来源: excel
2025-08-10 13:30:46 | INFO | main:run_from_test_suite:339 | 模拟执行用例: 删除用户
2025-08-10 13:30:46 | INFO | main:run_from_test_suite:342 |   请求: DELETE /api/users/${user_id}
2025-08-10 13:30:46 | INFO | main:run_from_test_suite:343 |   数据: None
2025-08-10 13:30:46 | INFO | main:run_from_test_suite:346 |   断言数量: 2
2025-08-10 13:30:46 | INFO | main:run_from_test_suite:350 | ✅ 用例执行成功: 删除用户
2025-08-10 13:30:46 | INFO | main:run_from_test_suite:332 | 执行用例 [10/13]: 模板登录测试
2025-08-10 13:30:46 | INFO | main:run_from_test_suite:333 | 用例描述: 用户登录接口测试模板
2025-08-10 13:30:46 | INFO | main:run_from_test_suite:334 | 用例标签: ['template', 'smoke', 'mixed_module']
2025-08-10 13:30:46 | INFO | main:run_from_test_suite:335 | 用例来源: excel
2025-08-10 13:30:46 | INFO | main:run_from_test_suite:339 | 模拟执行用例: 模板登录测试
2025-08-10 13:30:46 | INFO | main:run_from_test_suite:342 |   请求: POST /api/login
2025-08-10 13:30:46 | INFO | main:run_from_test_suite:343 |   数据: {'username': 'admin', 'password': '123456'}
2025-08-10 13:30:46 | INFO | main:run_from_test_suite:346 |   断言数量: 3
2025-08-10 13:30:46 | INFO | main:run_from_test_suite:350 | ✅ 用例执行成功: 模板登录测试
2025-08-10 13:30:46 | INFO | main:run_from_test_suite:332 | 执行用例 [11/13]: 自定义健康检查
2025-08-10 13:30:46 | INFO | main:run_from_test_suite:333 | 用例描述: 
2025-08-10 13:30:46 | INFO | main:run_from_test_suite:334 | 用例标签: ['custom', 'health', 'mixed_module']
2025-08-10 13:30:46 | INFO | main:run_from_test_suite:335 | 用例来源: excel
2025-08-10 13:30:46 | INFO | main:run_from_test_suite:339 | 模拟执行用例: 自定义健康检查
2025-08-10 13:30:46 | INFO | main:run_from_test_suite:342 |   请求: GET /api/health
2025-08-10 13:30:46 | INFO | main:run_from_test_suite:343 |   数据: None
2025-08-10 13:30:46 | INFO | main:run_from_test_suite:346 |   断言数量: 1
2025-08-10 13:30:46 | INFO | main:run_from_test_suite:350 | ✅ 用例执行成功: 自定义健康检查
2025-08-10 13:30:46 | INFO | main:run_from_test_suite:332 | 执行用例 [12/13]: 模板注册测试
2025-08-10 13:30:46 | INFO | main:run_from_test_suite:333 | 用例描述: 用户注册接口测试模板
2025-08-10 13:30:46 | INFO | main:run_from_test_suite:334 | 用例标签: ['template', 'positive', 'mixed_module']
2025-08-10 13:30:46 | INFO | main:run_from_test_suite:335 | 用例来源: excel
2025-08-10 13:30:46 | INFO | main:run_from_test_suite:339 | 模拟执行用例: 模板注册测试
2025-08-10 13:30:46 | INFO | main:run_from_test_suite:342 |   请求: POST /api/register
2025-08-10 13:30:46 | INFO | main:run_from_test_suite:343 |   数据: {'username': 'testuser', 'email': '${email}', 'password': 'Test123', 'phone': '${phone}'}
2025-08-10 13:30:46 | INFO | main:run_from_test_suite:346 |   断言数量: 3
2025-08-10 13:30:46 | INFO | main:run_from_test_suite:350 | ✅ 用例执行成功: 模板注册测试
2025-08-10 13:30:46 | INFO | main:run_from_test_suite:332 | 执行用例 [13/13]: 自定义配置获取
2025-08-10 13:30:46 | INFO | main:run_from_test_suite:333 | 用例描述: 
2025-08-10 13:30:46 | INFO | main:run_from_test_suite:334 | 用例标签: ['custom', 'config', 'mixed_module']
2025-08-10 13:30:46 | INFO | main:run_from_test_suite:335 | 用例来源: excel
2025-08-10 13:30:46 | INFO | main:run_from_test_suite:339 | 模拟执行用例: 自定义配置获取
2025-08-10 13:30:46 | INFO | main:run_from_test_suite:342 |   请求: GET /api/config
2025-08-10 13:30:46 | INFO | main:run_from_test_suite:343 |   数据: None
2025-08-10 13:30:46 | INFO | main:run_from_test_suite:346 |   断言数量: 2
2025-08-10 13:30:46 | INFO | main:run_from_test_suite:350 | ✅ 用例执行成功: 自定义配置获取
2025-08-10 13:30:46 | INFO | main:run_from_test_suite:357 | 测试套件执行完成: 成功 13/13
2025-08-10 13:30:46 | INFO | utils.excel_test_runner:parse_excel_file:45 | 解析Excel模块: login_module
2025-08-10 13:30:46 | DEBUG | utils.excel_test_runner:parse_sheet:89 | Sheet login_module 表头: ['case_name', 'type', 'template', 'username', 'password', 'expected_status', 'expected_code', 'expected_message', 'tags', 'enabled']
2025-08-10 13:30:46 | DEBUG | utils.excel_test_runner:parse_sheet:122 | 跳过禁用用例: 禁用的测试用例
2025-08-10 13:30:46 | INFO | utils.excel_test_runner:parse_excel_file:56 | 模块 login_module 解析完成: 5 个用例
2025-08-10 13:30:46 | INFO | utils.excel_test_runner:parse_excel_file:45 | 解析Excel模块: user_module
2025-08-10 13:30:46 | DEBUG | utils.excel_test_runner:parse_sheet:89 | Sheet user_module 表头: ['case_name', 'type', 'method', 'url', 'headers', 'data', 'assertions', 'extract', 'tags', 'enabled']
2025-08-10 13:30:46 | INFO | utils.excel_test_runner:parse_excel_file:56 | 模块 user_module 解析完成: 4 个用例
2025-08-10 13:30:46 | INFO | utils.excel_test_runner:parse_excel_file:45 | 解析Excel模块: mixed_module
2025-08-10 13:30:46 | DEBUG | utils.excel_test_runner:parse_sheet:89 | Sheet mixed_module 表头: ['case_name', 'type', 'template', 'method', 'url', 'username', 'password', 'data', 'assertions', 'tags', 'enabled']
2025-08-10 13:30:46 | WARNING | utils.template_parser:replace_var:236 | 变量 'expected_status' 未找到，保持原样
2025-08-10 13:30:46 | WARNING | utils.template_parser:replace_var:236 | 变量 'expected_status' 未找到，保持原样
2025-08-10 13:30:46 | WARNING | utils.template_parser:replace_var:236 | 变量 'expected_code' 未找到，保持原样
2025-08-10 13:30:46 | WARNING | utils.template_parser:replace_var:236 | 变量 'expected_code' 未找到，保持原样
2025-08-10 13:30:46 | WARNING | utils.template_parser:replace_var:236 | 变量 'expected_message' 未找到，保持原样
2025-08-10 13:30:46 | WARNING | utils.template_parser:replace_var:236 | 变量 'expected_message' 未找到，保持原样
2025-08-10 13:30:46 | WARNING | utils.template_parser:replace_var:236 | 变量 'expected_code' 未找到，保持原样
2025-08-10 13:30:46 | WARNING | utils.template_parser:replace_var:236 | 变量 'expected_code' 未找到，保持原样
2025-08-10 13:30:46 | WARNING | utils.template_parser:replace_var:236 | 变量 'expected_code' 未找到，保持原样
2025-08-10 13:30:46 | WARNING | utils.template_parser:replace_var:236 | 变量 'expected_code' 未找到，保持原样
2025-08-10 13:30:46 | WARNING | utils.template_parser:replace_var:236 | 变量 'email' 未找到，保持原样
2025-08-10 13:30:46 | WARNING | utils.template_parser:replace_var:236 | 变量 'phone' 未找到，保持原样
2025-08-10 13:30:46 | WARNING | utils.template_parser:replace_var:236 | 变量 'expected_status' 未找到，保持原样
2025-08-10 13:30:46 | WARNING | utils.template_parser:replace_var:236 | 变量 'expected_code' 未找到，保持原样
2025-08-10 13:30:46 | WARNING | utils.template_parser:replace_var:236 | 变量 'expected_message' 未找到，保持原样
2025-08-10 13:30:46 | WARNING | utils.template_parser:replace_var:236 | 变量 'expected_code' 未找到，保持原样
2025-08-10 13:30:46 | WARNING | utils.template_parser:replace_var:236 | 变量 'expected_code' 未找到，保持原样
2025-08-10 13:30:46 | WARNING | utils.template_parser:replace_var:236 | 变量 'expected_code' 未找到，保持原样
2025-08-10 13:30:46 | WARNING | utils.template_parser:replace_var:236 | 变量 'expected_code' 未找到，保持原样
2025-08-10 13:30:46 | INFO | utils.excel_test_runner:parse_excel_file:56 | 模块 mixed_module 解析完成: 4 个用例
2025-08-10 13:30:46 | INFO | utils.excel_test_runner:parse_to_test_suite:461 | Excel解析完成: 5 个测试用例
2025-08-10 13:30:46 | INFO | main:run_from_test_suite:308 | 开始执行测试套件: Excel测试套件: test_demo
2025-08-10 13:30:46 | INFO | main:run_from_test_suite:309 | 套件描述: 从Excel文件 test_demo.xlsx 解析生成
2025-08-10 13:30:46 | INFO | main:run_from_test_suite:310 | 总用例数: 5
2025-08-10 13:30:46 | INFO | main:run_from_test_suite:332 | 执行用例 [1/5]: 管理员登录
2025-08-10 13:30:46 | INFO | main:run_from_test_suite:333 | 用例描述: 用户登录接口测试模板
2025-08-10 13:30:46 | INFO | main:run_from_test_suite:334 | 用例标签: ['smoke', 'positive', 'login_module']
2025-08-10 13:30:46 | INFO | main:run_from_test_suite:335 | 用例来源: excel
2025-08-10 13:30:46 | INFO | main:run_from_test_suite:339 | 模拟执行用例: 管理员登录
2025-08-10 13:30:46 | INFO | main:run_from_test_suite:342 |   请求: POST /api/login
2025-08-10 13:30:46 | INFO | main:run_from_test_suite:343 |   数据: {'username': 'admin', 'password': '123456'}
2025-08-10 13:30:46 | INFO | main:run_from_test_suite:346 |   断言数量: 3
2025-08-10 13:30:46 | INFO | main:run_from_test_suite:350 | ✅ 用例执行成功: 管理员登录
2025-08-10 13:30:46 | INFO | main:run_from_test_suite:332 | 执行用例 [2/5]: 普通用户登录
2025-08-10 13:30:46 | INFO | main:run_from_test_suite:333 | 用例描述: 用户登录接口测试模板
2025-08-10 13:30:46 | INFO | main:run_from_test_suite:334 | 用例标签: ['positive', 'login_module']
2025-08-10 13:30:46 | INFO | main:run_from_test_suite:335 | 用例来源: excel
2025-08-10 13:30:46 | INFO | main:run_from_test_suite:339 | 模拟执行用例: 普通用户登录
2025-08-10 13:30:46 | INFO | main:run_from_test_suite:342 |   请求: POST /api/login
2025-08-10 13:30:46 | INFO | main:run_from_test_suite:343 |   数据: {'username': 'user001', 'password': 'user123'}
2025-08-10 13:30:46 | INFO | main:run_from_test_suite:346 |   断言数量: 3
2025-08-10 13:30:46 | INFO | main:run_from_test_suite:350 | ✅ 用例执行成功: 普通用户登录
2025-08-10 13:30:46 | INFO | main:run_from_test_suite:332 | 执行用例 [3/5]: 邮箱登录
2025-08-10 13:30:46 | INFO | main:run_from_test_suite:333 | 用例描述: 用户登录接口测试模板
2025-08-10 13:30:46 | INFO | main:run_from_test_suite:334 | 用例标签: ['positive', 'login_module']
2025-08-10 13:30:46 | INFO | main:run_from_test_suite:335 | 用例来源: excel
2025-08-10 13:30:46 | INFO | main:run_from_test_suite:339 | 模拟执行用例: 邮箱登录
2025-08-10 13:30:46 | INFO | main:run_from_test_suite:342 |   请求: POST /api/login
2025-08-10 13:30:46 | INFO | main:run_from_test_suite:343 |   数据: {'username': 'admin@example.com', 'password': '123456'}
2025-08-10 13:30:46 | INFO | main:run_from_test_suite:346 |   断言数量: 3
2025-08-10 13:30:46 | INFO | main:run_from_test_suite:350 | ✅ 用例执行成功: 邮箱登录
2025-08-10 13:30:46 | INFO | main:run_from_test_suite:332 | 执行用例 [4/5]: 密码错误
2025-08-10 13:30:46 | INFO | main:run_from_test_suite:333 | 用例描述: 用户登录接口测试模板
2025-08-10 13:30:46 | INFO | main:run_from_test_suite:334 | 用例标签: ['negative', 'login_module']
2025-08-10 13:30:46 | INFO | main:run_from_test_suite:335 | 用例来源: excel
2025-08-10 13:30:46 | INFO | main:run_from_test_suite:339 | 模拟执行用例: 密码错误
2025-08-10 13:30:46 | INFO | main:run_from_test_suite:342 |   请求: POST /api/login
2025-08-10 13:30:46 | INFO | main:run_from_test_suite:343 |   数据: {'username': 'admin', 'password': 'wrong_password'}
2025-08-10 13:30:46 | INFO | main:run_from_test_suite:346 |   断言数量: 3
2025-08-10 13:30:46 | INFO | main:run_from_test_suite:350 | ✅ 用例执行成功: 密码错误
2025-08-10 13:30:46 | INFO | main:run_from_test_suite:332 | 执行用例 [5/5]: 用户不存在
2025-08-10 13:30:46 | INFO | main:run_from_test_suite:333 | 用例描述: 用户登录接口测试模板
2025-08-10 13:30:46 | INFO | main:run_from_test_suite:334 | 用例标签: ['negative', 'login_module']
2025-08-10 13:30:46 | INFO | main:run_from_test_suite:335 | 用例来源: excel
2025-08-10 13:30:46 | INFO | main:run_from_test_suite:339 | 模拟执行用例: 用户不存在
2025-08-10 13:30:46 | INFO | main:run_from_test_suite:342 |   请求: POST /api/login
2025-08-10 13:30:46 | INFO | main:run_from_test_suite:343 |   数据: {'username': 'nonexistent', 'password': '123456'}
2025-08-10 13:30:46 | INFO | main:run_from_test_suite:346 |   断言数量: 3
2025-08-10 13:30:46 | INFO | main:run_from_test_suite:350 | ✅ 用例执行成功: 用户不存在
2025-08-10 13:30:46 | INFO | main:run_from_test_suite:357 | 测试套件执行完成: 成功 5/5
2025-08-10 13:30:46 | INFO | utils.excel_test_runner:parse_excel_file:45 | 解析Excel模块: login_module
2025-08-10 13:30:46 | DEBUG | utils.excel_test_runner:parse_sheet:89 | Sheet login_module 表头: ['case_name', 'type', 'template', 'username', 'password', 'expected_status', 'expected_code', 'expected_message', 'tags', 'enabled']
2025-08-10 13:30:46 | DEBUG | utils.excel_test_runner:parse_sheet:122 | 跳过禁用用例: 禁用的测试用例
2025-08-10 13:30:46 | INFO | utils.excel_test_runner:parse_excel_file:56 | 模块 login_module 解析完成: 5 个用例
2025-08-10 13:30:46 | INFO | utils.excel_test_runner:parse_excel_file:45 | 解析Excel模块: user_module
2025-08-10 13:30:46 | DEBUG | utils.excel_test_runner:parse_sheet:89 | Sheet user_module 表头: ['case_name', 'type', 'method', 'url', 'headers', 'data', 'assertions', 'extract', 'tags', 'enabled']
2025-08-10 13:30:46 | INFO | utils.excel_test_runner:parse_excel_file:56 | 模块 user_module 解析完成: 4 个用例
2025-08-10 13:30:46 | INFO | utils.excel_test_runner:parse_excel_file:45 | 解析Excel模块: mixed_module
2025-08-10 13:30:46 | DEBUG | utils.excel_test_runner:parse_sheet:89 | Sheet mixed_module 表头: ['case_name', 'type', 'template', 'method', 'url', 'username', 'password', 'data', 'assertions', 'tags', 'enabled']
2025-08-10 13:30:46 | WARNING | utils.template_parser:replace_var:236 | 变量 'expected_status' 未找到，保持原样
2025-08-10 13:30:46 | WARNING | utils.template_parser:replace_var:236 | 变量 'expected_status' 未找到，保持原样
2025-08-10 13:30:46 | WARNING | utils.template_parser:replace_var:236 | 变量 'expected_code' 未找到，保持原样
2025-08-10 13:30:46 | WARNING | utils.template_parser:replace_var:236 | 变量 'expected_code' 未找到，保持原样
2025-08-10 13:30:46 | WARNING | utils.template_parser:replace_var:236 | 变量 'expected_message' 未找到，保持原样
2025-08-10 13:30:46 | WARNING | utils.template_parser:replace_var:236 | 变量 'expected_message' 未找到，保持原样
2025-08-10 13:30:46 | WARNING | utils.template_parser:replace_var:236 | 变量 'expected_code' 未找到，保持原样
2025-08-10 13:30:46 | WARNING | utils.template_parser:replace_var:236 | 变量 'expected_code' 未找到，保持原样
2025-08-10 13:30:46 | WARNING | utils.template_parser:replace_var:236 | 变量 'expected_code' 未找到，保持原样
2025-08-10 13:30:46 | WARNING | utils.template_parser:replace_var:236 | 变量 'expected_code' 未找到，保持原样
2025-08-10 13:30:46 | WARNING | utils.template_parser:replace_var:236 | 变量 'email' 未找到，保持原样
2025-08-10 13:30:46 | WARNING | utils.template_parser:replace_var:236 | 变量 'phone' 未找到，保持原样
2025-08-10 13:30:46 | WARNING | utils.template_parser:replace_var:236 | 变量 'expected_status' 未找到，保持原样
2025-08-10 13:30:46 | WARNING | utils.template_parser:replace_var:236 | 变量 'expected_code' 未找到，保持原样
2025-08-10 13:30:46 | WARNING | utils.template_parser:replace_var:236 | 变量 'expected_message' 未找到，保持原样
2025-08-10 13:30:46 | WARNING | utils.template_parser:replace_var:236 | 变量 'expected_code' 未找到，保持原样
2025-08-10 13:30:46 | WARNING | utils.template_parser:replace_var:236 | 变量 'expected_code' 未找到，保持原样
2025-08-10 13:30:46 | WARNING | utils.template_parser:replace_var:236 | 变量 'expected_code' 未找到，保持原样
2025-08-10 13:30:46 | WARNING | utils.template_parser:replace_var:236 | 变量 'expected_code' 未找到，保持原样
2025-08-10 13:30:46 | INFO | utils.excel_test_runner:parse_excel_file:56 | 模块 mixed_module 解析完成: 4 个用例
2025-08-10 13:30:46 | INFO | utils.excel_test_runner:parse_to_test_suite:461 | Excel解析完成: 3 个测试用例
2025-08-10 13:30:46 | INFO | main:run_from_test_suite:308 | 开始执行测试套件: Excel测试套件: test_demo
2025-08-10 13:30:46 | INFO | main:run_from_test_suite:309 | 套件描述: 从Excel文件 test_demo.xlsx 解析生成
2025-08-10 13:30:46 | INFO | main:run_from_test_suite:310 | 总用例数: 3
2025-08-10 13:30:46 | INFO | main:run_from_test_suite:315 | 标签过滤后用例数: 3
2025-08-10 13:30:46 | INFO | main:run_from_test_suite:332 | 执行用例 [1/3]: 管理员登录
2025-08-10 13:30:46 | INFO | main:run_from_test_suite:333 | 用例描述: 用户登录接口测试模板
2025-08-10 13:30:46 | INFO | main:run_from_test_suite:334 | 用例标签: ['smoke', 'positive', 'login_module']
2025-08-10 13:30:46 | INFO | main:run_from_test_suite:335 | 用例来源: excel
2025-08-10 13:30:46 | INFO | main:run_from_test_suite:339 | 模拟执行用例: 管理员登录
2025-08-10 13:30:46 | INFO | main:run_from_test_suite:342 |   请求: POST /api/login
2025-08-10 13:30:46 | INFO | main:run_from_test_suite:343 |   数据: {'username': 'admin', 'password': '123456'}
2025-08-10 13:30:46 | INFO | main:run_from_test_suite:346 |   断言数量: 3
2025-08-10 13:30:46 | INFO | main:run_from_test_suite:350 | ✅ 用例执行成功: 管理员登录
2025-08-10 13:30:46 | INFO | main:run_from_test_suite:332 | 执行用例 [2/3]: 获取用户列表
2025-08-10 13:30:46 | INFO | main:run_from_test_suite:333 | 用例描述: 
2025-08-10 13:30:46 | INFO | main:run_from_test_suite:334 | 用例标签: ['smoke', 'positive', 'user_module']
2025-08-10 13:30:46 | INFO | main:run_from_test_suite:335 | 用例来源: excel
2025-08-10 13:30:46 | INFO | main:run_from_test_suite:339 | 模拟执行用例: 获取用户列表
2025-08-10 13:30:46 | INFO | main:run_from_test_suite:342 |   请求: GET /api/users
2025-08-10 13:30:46 | INFO | main:run_from_test_suite:343 |   数据: None
2025-08-10 13:30:46 | INFO | main:run_from_test_suite:346 |   断言数量: 2
2025-08-10 13:30:46 | INFO | main:run_from_test_suite:350 | ✅ 用例执行成功: 获取用户列表
2025-08-10 13:30:46 | INFO | main:run_from_test_suite:332 | 执行用例 [3/3]: 模板登录测试
2025-08-10 13:30:46 | INFO | main:run_from_test_suite:333 | 用例描述: 用户登录接口测试模板
2025-08-10 13:30:46 | INFO | main:run_from_test_suite:334 | 用例标签: ['template', 'smoke', 'mixed_module']
2025-08-10 13:30:46 | INFO | main:run_from_test_suite:335 | 用例来源: excel
2025-08-10 13:30:46 | INFO | main:run_from_test_suite:339 | 模拟执行用例: 模板登录测试
2025-08-10 13:30:46 | INFO | main:run_from_test_suite:342 |   请求: POST /api/login
2025-08-10 13:30:46 | INFO | main:run_from_test_suite:343 |   数据: {'username': 'admin', 'password': '123456'}
2025-08-10 13:30:46 | INFO | main:run_from_test_suite:346 |   断言数量: 3
2025-08-10 13:30:46 | INFO | main:run_from_test_suite:350 | ✅ 用例执行成功: 模板登录测试
2025-08-10 13:30:46 | INFO | main:run_from_test_suite:357 | 测试套件执行完成: 成功 3/3
2025-08-10 13:30:46 | INFO | utils.excel_test_runner:parse_excel_file:45 | 解析Excel模块: login_module
2025-08-10 13:30:46 | DEBUG | utils.excel_test_runner:parse_sheet:89 | Sheet login_module 表头: ['case_name', 'type', 'template', 'username', 'password', 'expected_status', 'expected_code', 'expected_message', 'tags', 'enabled']
2025-08-10 13:30:46 | DEBUG | utils.excel_test_runner:parse_sheet:122 | 跳过禁用用例: 禁用的测试用例
2025-08-10 13:30:46 | INFO | utils.excel_test_runner:parse_excel_file:56 | 模块 login_module 解析完成: 5 个用例
2025-08-10 13:30:46 | INFO | utils.excel_test_runner:parse_excel_file:45 | 解析Excel模块: user_module
2025-08-10 13:30:46 | DEBUG | utils.excel_test_runner:parse_sheet:89 | Sheet user_module 表头: ['case_name', 'type', 'method', 'url', 'headers', 'data', 'assertions', 'extract', 'tags', 'enabled']
2025-08-10 13:30:46 | INFO | utils.excel_test_runner:parse_excel_file:56 | 模块 user_module 解析完成: 4 个用例
2025-08-10 13:30:46 | INFO | utils.excel_test_runner:parse_excel_file:45 | 解析Excel模块: mixed_module
2025-08-10 13:30:46 | DEBUG | utils.excel_test_runner:parse_sheet:89 | Sheet mixed_module 表头: ['case_name', 'type', 'template', 'method', 'url', 'username', 'password', 'data', 'assertions', 'tags', 'enabled']
2025-08-10 13:30:46 | WARNING | utils.template_parser:replace_var:236 | 变量 'expected_status' 未找到，保持原样
2025-08-10 13:30:46 | WARNING | utils.template_parser:replace_var:236 | 变量 'expected_status' 未找到，保持原样
2025-08-10 13:30:46 | WARNING | utils.template_parser:replace_var:236 | 变量 'expected_code' 未找到，保持原样
2025-08-10 13:30:46 | WARNING | utils.template_parser:replace_var:236 | 变量 'expected_code' 未找到，保持原样
2025-08-10 13:30:46 | WARNING | utils.template_parser:replace_var:236 | 变量 'expected_message' 未找到，保持原样
2025-08-10 13:30:46 | WARNING | utils.template_parser:replace_var:236 | 变量 'expected_message' 未找到，保持原样
2025-08-10 13:30:46 | WARNING | utils.template_parser:replace_var:236 | 变量 'expected_code' 未找到，保持原样
2025-08-10 13:30:46 | WARNING | utils.template_parser:replace_var:236 | 变量 'expected_code' 未找到，保持原样
2025-08-10 13:30:46 | WARNING | utils.template_parser:replace_var:236 | 变量 'expected_code' 未找到，保持原样
2025-08-10 13:30:46 | WARNING | utils.template_parser:replace_var:236 | 变量 'expected_code' 未找到，保持原样
2025-08-10 13:30:46 | WARNING | utils.template_parser:replace_var:236 | 变量 'email' 未找到，保持原样
2025-08-10 13:30:46 | WARNING | utils.template_parser:replace_var:236 | 变量 'phone' 未找到，保持原样
2025-08-10 13:30:46 | WARNING | utils.template_parser:replace_var:236 | 变量 'expected_status' 未找到，保持原样
2025-08-10 13:30:46 | WARNING | utils.template_parser:replace_var:236 | 变量 'expected_code' 未找到，保持原样
2025-08-10 13:30:46 | WARNING | utils.template_parser:replace_var:236 | 变量 'expected_message' 未找到，保持原样
2025-08-10 13:30:46 | WARNING | utils.template_parser:replace_var:236 | 变量 'expected_code' 未找到，保持原样
2025-08-10 13:30:46 | WARNING | utils.template_parser:replace_var:236 | 变量 'expected_code' 未找到，保持原样
2025-08-10 13:30:46 | WARNING | utils.template_parser:replace_var:236 | 变量 'expected_code' 未找到，保持原样
2025-08-10 13:30:46 | WARNING | utils.template_parser:replace_var:236 | 变量 'expected_code' 未找到，保持原样
2025-08-10 13:30:46 | INFO | utils.excel_test_runner:parse_excel_file:56 | 模块 mixed_module 解析完成: 4 个用例
2025-08-10 13:30:46 | INFO | utils.excel_test_runner:parse_to_test_suite:461 | Excel解析完成: 7 个测试用例
2025-08-10 13:30:46 | INFO | main:run_from_test_suite:308 | 开始执行测试套件: Excel测试套件: test_demo
2025-08-10 13:30:46 | INFO | main:run_from_test_suite:309 | 套件描述: 从Excel文件 test_demo.xlsx 解析生成
2025-08-10 13:30:46 | INFO | main:run_from_test_suite:310 | 总用例数: 7
2025-08-10 13:30:46 | INFO | main:run_from_test_suite:315 | 标签过滤后用例数: 7
2025-08-10 13:30:46 | INFO | main:run_from_test_suite:332 | 执行用例 [1/7]: 管理员登录
2025-08-10 13:30:46 | INFO | main:run_from_test_suite:333 | 用例描述: 用户登录接口测试模板
2025-08-10 13:30:46 | INFO | main:run_from_test_suite:334 | 用例标签: ['smoke', 'positive', 'login_module']
2025-08-10 13:30:46 | INFO | main:run_from_test_suite:335 | 用例来源: excel
2025-08-10 13:30:46 | INFO | main:run_from_test_suite:339 | 模拟执行用例: 管理员登录
2025-08-10 13:30:46 | INFO | main:run_from_test_suite:342 |   请求: POST /api/login
2025-08-10 13:30:46 | INFO | main:run_from_test_suite:343 |   数据: {'username': 'admin', 'password': '123456'}
2025-08-10 13:30:46 | INFO | main:run_from_test_suite:346 |   断言数量: 3
2025-08-10 13:30:46 | INFO | main:run_from_test_suite:350 | ✅ 用例执行成功: 管理员登录
2025-08-10 13:30:46 | INFO | main:run_from_test_suite:332 | 执行用例 [2/7]: 普通用户登录
2025-08-10 13:30:46 | INFO | main:run_from_test_suite:333 | 用例描述: 用户登录接口测试模板
2025-08-10 13:30:46 | INFO | main:run_from_test_suite:334 | 用例标签: ['positive', 'login_module']
2025-08-10 13:30:46 | INFO | main:run_from_test_suite:335 | 用例来源: excel
2025-08-10 13:30:46 | INFO | main:run_from_test_suite:339 | 模拟执行用例: 普通用户登录
2025-08-10 13:30:46 | INFO | main:run_from_test_suite:342 |   请求: POST /api/login
2025-08-10 13:30:46 | INFO | main:run_from_test_suite:343 |   数据: {'username': 'user001', 'password': 'user123'}
2025-08-10 13:30:46 | INFO | main:run_from_test_suite:346 |   断言数量: 3
2025-08-10 13:30:46 | INFO | main:run_from_test_suite:350 | ✅ 用例执行成功: 普通用户登录
2025-08-10 13:30:46 | INFO | main:run_from_test_suite:332 | 执行用例 [3/7]: 邮箱登录
2025-08-10 13:30:46 | INFO | main:run_from_test_suite:333 | 用例描述: 用户登录接口测试模板
2025-08-10 13:30:46 | INFO | main:run_from_test_suite:334 | 用例标签: ['positive', 'login_module']
2025-08-10 13:30:46 | INFO | main:run_from_test_suite:335 | 用例来源: excel
2025-08-10 13:30:46 | INFO | main:run_from_test_suite:339 | 模拟执行用例: 邮箱登录
2025-08-10 13:30:46 | INFO | main:run_from_test_suite:342 |   请求: POST /api/login
2025-08-10 13:30:46 | INFO | main:run_from_test_suite:343 |   数据: {'username': 'admin@example.com', 'password': '123456'}
2025-08-10 13:30:46 | INFO | main:run_from_test_suite:346 |   断言数量: 3
2025-08-10 13:30:46 | INFO | main:run_from_test_suite:350 | ✅ 用例执行成功: 邮箱登录
2025-08-10 13:30:46 | INFO | main:run_from_test_suite:332 | 执行用例 [4/7]: 获取用户列表
2025-08-10 13:30:46 | INFO | main:run_from_test_suite:333 | 用例描述: 
2025-08-10 13:30:46 | INFO | main:run_from_test_suite:334 | 用例标签: ['smoke', 'positive', 'user_module']
2025-08-10 13:30:46 | INFO | main:run_from_test_suite:335 | 用例来源: excel
2025-08-10 13:30:46 | INFO | main:run_from_test_suite:339 | 模拟执行用例: 获取用户列表
2025-08-10 13:30:46 | INFO | main:run_from_test_suite:342 |   请求: GET /api/users
2025-08-10 13:30:46 | INFO | main:run_from_test_suite:343 |   数据: None
2025-08-10 13:30:46 | INFO | main:run_from_test_suite:346 |   断言数量: 2
2025-08-10 13:30:46 | INFO | main:run_from_test_suite:350 | ✅ 用例执行成功: 获取用户列表
2025-08-10 13:30:46 | INFO | main:run_from_test_suite:332 | 执行用例 [5/7]: 创建新用户
2025-08-10 13:30:46 | INFO | main:run_from_test_suite:333 | 用例描述: 
2025-08-10 13:30:46 | INFO | main:run_from_test_suite:334 | 用例标签: ['positive', 'user_module']
2025-08-10 13:30:46 | INFO | main:run_from_test_suite:335 | 用例来源: excel
2025-08-10 13:30:46 | INFO | main:run_from_test_suite:339 | 模拟执行用例: 创建新用户
2025-08-10 13:30:46 | INFO | main:run_from_test_suite:342 |   请求: POST /api/users
2025-08-10 13:30:46 | INFO | main:run_from_test_suite:343 |   数据: {'username': 'newuser001', 'email': 'newuser001@example.com', 'password': 'NewUser123'}
2025-08-10 13:30:46 | INFO | main:run_from_test_suite:346 |   断言数量: 2
2025-08-10 13:30:46 | INFO | main:run_from_test_suite:350 | ✅ 用例执行成功: 创建新用户
2025-08-10 13:30:46 | INFO | main:run_from_test_suite:332 | 执行用例 [6/7]: 更新用户信息
2025-08-10 13:30:46 | INFO | main:run_from_test_suite:333 | 用例描述: 
2025-08-10 13:30:46 | INFO | main:run_from_test_suite:334 | 用例标签: ['positive', 'user_module']
2025-08-10 13:30:46 | INFO | main:run_from_test_suite:335 | 用例来源: excel
2025-08-10 13:30:46 | INFO | main:run_from_test_suite:339 | 模拟执行用例: 更新用户信息
2025-08-10 13:30:46 | INFO | main:run_from_test_suite:342 |   请求: PUT /api/users/${user_id}
2025-08-10 13:30:46 | INFO | main:run_from_test_suite:343 |   数据: {'username': 'updated_user', 'email': 'updated@example.com'}
2025-08-10 13:30:46 | INFO | main:run_from_test_suite:346 |   断言数量: 2
2025-08-10 13:30:46 | INFO | main:run_from_test_suite:350 | ✅ 用例执行成功: 更新用户信息
2025-08-10 13:30:46 | INFO | main:run_from_test_suite:332 | 执行用例 [7/7]: 删除用户
2025-08-10 13:30:46 | INFO | main:run_from_test_suite:333 | 用例描述: 
2025-08-10 13:30:46 | INFO | main:run_from_test_suite:334 | 用例标签: ['positive', 'user_module']
2025-08-10 13:30:46 | INFO | main:run_from_test_suite:335 | 用例来源: excel
2025-08-10 13:30:46 | INFO | main:run_from_test_suite:339 | 模拟执行用例: 删除用户
2025-08-10 13:30:46 | INFO | main:run_from_test_suite:342 |   请求: DELETE /api/users/${user_id}
2025-08-10 13:30:46 | INFO | main:run_from_test_suite:343 |   数据: None
2025-08-10 13:30:46 | INFO | main:run_from_test_suite:346 |   断言数量: 2
2025-08-10 13:30:46 | INFO | main:run_from_test_suite:350 | ✅ 用例执行成功: 删除用户
2025-08-10 13:30:46 | INFO | main:run_from_test_suite:357 | 测试套件执行完成: 成功 7/7
2025-08-10 13:30:57 | INFO | __main__:run_excel_tests:34 | 开始执行Excel测试: data\files\test_demo.xlsx
2025-08-10 13:30:57 | INFO | utils.config_parser:load_config:24 | 加载配置文件成功: E:\code_project\cc_p\auto_case\config\config.yaml
2025-08-10 13:30:57 | INFO | utils.config_parser:load_env_config:48 | 加载环境配置成功: dev
2025-08-10 13:30:57 | INFO | utils.excel_test_runner:parse_excel_file:45 | 解析Excel模块: login_module
2025-08-10 13:30:57 | DEBUG | utils.excel_test_runner:parse_sheet:89 | Sheet login_module 表头: ['case_name', 'type', 'template', 'username', 'password', 'expected_status', 'expected_code', 'expected_message', 'tags', 'enabled']
2025-08-10 13:30:57 | DEBUG | utils.template_parser:load_template:89 | 加载模板成功: data/templates/api_templates.yaml#login_template
2025-08-10 13:30:57 | DEBUG | utils.excel_test_runner:parse_sheet:122 | 跳过禁用用例: 禁用的测试用例
2025-08-10 13:30:57 | INFO | utils.excel_test_runner:parse_excel_file:56 | 模块 login_module 解析完成: 5 个用例
2025-08-10 13:30:57 | INFO | utils.excel_test_runner:parse_excel_file:45 | 解析Excel模块: user_module
2025-08-10 13:30:57 | DEBUG | utils.excel_test_runner:parse_sheet:89 | Sheet user_module 表头: ['case_name', 'type', 'method', 'url', 'headers', 'data', 'assertions', 'extract', 'tags', 'enabled']
2025-08-10 13:30:57 | INFO | utils.excel_test_runner:parse_excel_file:56 | 模块 user_module 解析完成: 4 个用例
2025-08-10 13:30:57 | INFO | utils.excel_test_runner:parse_excel_file:45 | 解析Excel模块: mixed_module
2025-08-10 13:30:57 | DEBUG | utils.excel_test_runner:parse_sheet:89 | Sheet mixed_module 表头: ['case_name', 'type', 'template', 'method', 'url', 'username', 'password', 'data', 'assertions', 'tags', 'enabled']
2025-08-10 13:30:57 | WARNING | utils.template_parser:replace_var:236 | 变量 'expected_status' 未找到，保持原样
2025-08-10 13:30:57 | WARNING | utils.template_parser:replace_var:236 | 变量 'expected_status' 未找到，保持原样
2025-08-10 13:30:57 | WARNING | utils.template_parser:replace_var:236 | 变量 'expected_code' 未找到，保持原样
2025-08-10 13:30:57 | WARNING | utils.template_parser:replace_var:236 | 变量 'expected_code' 未找到，保持原样
2025-08-10 13:30:57 | WARNING | utils.template_parser:replace_var:236 | 变量 'expected_message' 未找到，保持原样
2025-08-10 13:30:57 | WARNING | utils.template_parser:replace_var:236 | 变量 'expected_message' 未找到，保持原样
2025-08-10 13:30:57 | WARNING | utils.template_parser:replace_var:236 | 变量 'expected_code' 未找到，保持原样
2025-08-10 13:30:57 | WARNING | utils.template_parser:replace_var:236 | 变量 'expected_code' 未找到，保持原样
2025-08-10 13:30:57 | WARNING | utils.template_parser:replace_var:236 | 变量 'expected_code' 未找到，保持原样
2025-08-10 13:30:57 | WARNING | utils.template_parser:replace_var:236 | 变量 'expected_code' 未找到，保持原样
2025-08-10 13:30:57 | DEBUG | utils.template_parser:load_template:89 | 加载模板成功: data/templates/api_templates.yaml#register_template
2025-08-10 13:30:57 | WARNING | utils.template_parser:replace_var:236 | 变量 'email' 未找到，保持原样
2025-08-10 13:30:57 | WARNING | utils.template_parser:replace_var:236 | 变量 'phone' 未找到，保持原样
2025-08-10 13:30:57 | WARNING | utils.template_parser:replace_var:236 | 变量 'expected_status' 未找到，保持原样
2025-08-10 13:30:57 | WARNING | utils.template_parser:replace_var:236 | 变量 'expected_code' 未找到，保持原样
2025-08-10 13:30:57 | WARNING | utils.template_parser:replace_var:236 | 变量 'expected_message' 未找到，保持原样
2025-08-10 13:30:57 | WARNING | utils.template_parser:replace_var:236 | 变量 'expected_code' 未找到，保持原样
2025-08-10 13:30:57 | WARNING | utils.template_parser:replace_var:236 | 变量 'expected_code' 未找到，保持原样
2025-08-10 13:30:57 | WARNING | utils.template_parser:replace_var:236 | 变量 'expected_code' 未找到，保持原样
2025-08-10 13:30:57 | WARNING | utils.template_parser:replace_var:236 | 变量 'expected_code' 未找到，保持原样
2025-08-10 13:30:57 | INFO | utils.excel_test_runner:parse_excel_file:56 | 模块 mixed_module 解析完成: 4 个用例
2025-08-10 13:30:57 | INFO | utils.excel_test_runner:parse_to_test_suite:461 | Excel解析完成: 1 个测试用例
2025-08-10 13:30:57 | INFO | __main__:run_from_test_suite:308 | 开始执行测试套件: Excel测试套件: test_demo
2025-08-10 13:30:57 | INFO | __main__:run_from_test_suite:309 | 套件描述: 从Excel文件 test_demo.xlsx 解析生成
2025-08-10 13:30:57 | INFO | __main__:run_from_test_suite:310 | 总用例数: 1
2025-08-10 13:30:57 | INFO | __main__:run_from_test_suite:315 | 标签过滤后用例数: 1
2025-08-10 13:30:57 | INFO | __main__:run_from_test_suite:332 | 执行用例 [1/1]: 管理员登录
2025-08-10 13:30:57 | INFO | __main__:run_from_test_suite:333 | 用例描述: 用户登录接口测试模板
2025-08-10 13:30:57 | INFO | __main__:run_from_test_suite:334 | 用例标签: ['smoke', 'positive', 'login_module']
2025-08-10 13:30:57 | INFO | __main__:run_from_test_suite:335 | 用例来源: excel
2025-08-10 13:30:57 | INFO | __main__:run_from_test_suite:339 | 模拟执行用例: 管理员登录
2025-08-10 13:30:57 | INFO | __main__:run_from_test_suite:342 |   请求: POST /api/login
2025-08-10 13:30:57 | INFO | __main__:run_from_test_suite:343 |   数据: {'username': 'admin', 'password': '123456'}
2025-08-10 13:30:57 | INFO | __main__:run_from_test_suite:346 |   断言数量: 3
2025-08-10 13:30:57 | INFO | __main__:run_from_test_suite:350 | ✅ 用例执行成功: 管理员登录
2025-08-10 13:30:57 | INFO | __main__:run_from_test_suite:357 | 测试套件执行完成: 成功 1/1
2025-08-10 13:30:57 | INFO | __main__:run_excel_tests:54 | 🎉 Excel测试执行成功: 1/1
2025-08-10 13:50:30 | INFO | utils.excel_test_runner:parse_excel_file:45 | 解析Excel模块: api_tests
2025-08-10 13:50:30 | DEBUG | utils.excel_test_runner:parse_sheet:89 | Sheet api_tests 表头: ['case_name', 'test_type', 'method', 'url', 'headers', 'data', 'assertions', 'extract', 'tags', 'enabled']
2025-08-10 13:50:30 | INFO | utils.excel_test_runner:parse_excel_file:56 | 模块 api_tests 解析完成: 3 个用例
2025-08-10 13:50:30 | INFO | utils.excel_test_runner:parse_excel_file:45 | 解析Excel模块: web_tests
2025-08-10 13:50:30 | DEBUG | utils.excel_test_runner:parse_sheet:89 | Sheet web_tests 表头: ['case_name', 'test_type', 'url', 'action', 'locator', 'value', 'assertions', 'tags', 'enabled']
2025-08-10 13:50:30 | WARNING | utils.excel_test_runner:parse_sheet:147 | 无法识别用例类型: 访问示例页面
2025-08-10 13:50:30 | WARNING | utils.excel_test_runner:parse_sheet:147 | 无法识别用例类型: 页面标题检查
2025-08-10 13:50:30 | WARNING | utils.excel_test_runner:parse_sheet:147 | 无法识别用例类型: 表单测试页面
2025-08-10 13:50:30 | WARNING | utils.excel_test_runner:parse_sheet:147 | 无法识别用例类型: 填写用户名
2025-08-10 13:50:30 | WARNING | utils.excel_test_runner:parse_excel_file:58 | 模块 web_tests 没有有效用例
2025-08-10 13:50:30 | INFO | utils.excel_test_runner:parse_to_test_suite:461 | Excel解析完成: 3 个测试用例
2025-08-10 13:50:30 | INFO | utils.config_parser:load_config:24 | 加载配置文件成功: E:\code_project\cc_p\auto_case\config\config.yaml
2025-08-10 13:50:30 | INFO | utils.config_parser:load_env_config:48 | 加载环境配置成功: dev
2025-08-10 13:50:30 | INFO | main:_execute_api_test_case:399 | 执行API测试: API路由测试
2025-08-10 13:50:30 | INFO | main:_execute_api_test_case:407 |   请求方法: GET
2025-08-10 13:50:30 | INFO | main:_execute_api_test_case:408 |   请求URL: https://jsonplaceholder.typicode.com/users/1
2025-08-10 13:50:30 | INFO | main:_execute_api_test_case:433 |   API测试执行完成
2025-08-10 13:50:30 | INFO | main:_execute_web_test_case:450 | 执行Web测试: Web路由测试
2025-08-10 13:50:30 | INFO | main:_execute_web_test_case:458 |   测试步骤数量: 1
2025-08-10 13:50:30 | INFO | main:_execute_web_test_case:461 |   步骤1: navigate
2025-08-10 13:50:30 | INFO | main:_execute_web_test_case:466 |     url: https://example.com
2025-08-10 13:50:30 | INFO | main:_execute_web_test_case:483 |   Web测试执行完成
2025-08-10 13:51:56 | INFO | utils.excel_test_runner:parse_excel_file:45 | 解析Excel模块: api_tests
2025-08-10 13:51:56 | DEBUG | utils.excel_test_runner:parse_sheet:89 | Sheet api_tests 表头: ['case_name', 'test_type', 'method', 'url', 'headers', 'data', 'assertions', 'extract', 'tags', 'enabled']
2025-08-10 13:51:56 | INFO | utils.excel_test_runner:parse_excel_file:56 | 模块 api_tests 解析完成: 3 个用例
2025-08-10 13:51:56 | INFO | utils.excel_test_runner:parse_excel_file:45 | 解析Excel模块: web_tests
2025-08-10 13:51:56 | DEBUG | utils.excel_test_runner:parse_sheet:89 | Sheet web_tests 表头: ['case_name', 'test_type', 'url', 'action', 'locator', 'value', 'assertions', 'tags', 'enabled']
2025-08-10 13:51:56 | INFO | utils.excel_test_runner:parse_excel_file:56 | 模块 web_tests 解析完成: 4 个用例
2025-08-10 13:51:56 | INFO | utils.excel_test_runner:parse_to_test_suite:463 | Excel解析完成: 7 个测试用例
2025-08-10 13:51:56 | INFO | utils.config_parser:load_config:24 | 加载配置文件成功: E:\code_project\cc_p\auto_case\config\config.yaml
2025-08-10 13:51:56 | INFO | utils.config_parser:load_env_config:48 | 加载环境配置成功: dev
2025-08-10 13:51:56 | INFO | main:_execute_api_test_case:399 | 执行API测试: API路由测试
2025-08-10 13:51:56 | INFO | main:_execute_api_test_case:407 |   请求方法: GET
2025-08-10 13:51:56 | INFO | main:_execute_api_test_case:408 |   请求URL: https://jsonplaceholder.typicode.com/users/1
2025-08-10 13:51:56 | INFO | main:_execute_api_test_case:433 |   API测试执行完成
2025-08-10 13:51:56 | INFO | main:_execute_web_test_case:450 | 执行Web测试: Web路由测试
2025-08-10 13:51:56 | INFO | main:_execute_web_test_case:458 |   测试步骤数量: 1
2025-08-10 13:51:56 | INFO | main:_execute_web_test_case:461 |   步骤1: navigate
2025-08-10 13:51:56 | INFO | main:_execute_web_test_case:466 |     url: https://example.com
2025-08-10 13:51:56 | INFO | main:_execute_web_test_case:483 |   Web测试执行完成
2025-08-10 13:52:37 | INFO | __main__:run_excel_tests:34 | 开始执行Excel测试: data\examples\excel\mixed_test_cases.xlsx
2025-08-10 13:52:37 | INFO | utils.config_parser:load_config:24 | 加载配置文件成功: E:\code_project\cc_p\auto_case\config\config.yaml
2025-08-10 13:52:37 | INFO | utils.config_parser:load_env_config:48 | 加载环境配置成功: dev
2025-08-10 13:52:38 | INFO | utils.excel_test_runner:parse_excel_file:45 | 解析Excel模块: api_tests
2025-08-10 13:52:38 | DEBUG | utils.excel_test_runner:parse_sheet:89 | Sheet api_tests 表头: ['case_name', 'test_type', 'method', 'url', 'headers', 'data', 'assertions', 'extract', 'tags', 'enabled']
2025-08-10 13:52:38 | INFO | utils.excel_test_runner:parse_excel_file:56 | 模块 api_tests 解析完成: 3 个用例
2025-08-10 13:52:38 | INFO | utils.excel_test_runner:parse_excel_file:45 | 解析Excel模块: web_tests
2025-08-10 13:52:38 | DEBUG | utils.excel_test_runner:parse_sheet:89 | Sheet web_tests 表头: ['case_name', 'test_type', 'url', 'action', 'locator', 'value', 'assertions', 'tags', 'enabled']
2025-08-10 13:52:38 | INFO | utils.excel_test_runner:parse_excel_file:56 | 模块 web_tests 解析完成: 4 个用例
2025-08-10 13:52:38 | INFO | utils.excel_test_runner:parse_to_test_suite:463 | Excel解析完成: 7 个测试用例
2025-08-10 13:52:38 | INFO | __main__:run_from_test_suite:308 | 开始执行测试套件: Excel测试套件: mixed_test_cases
2025-08-10 13:52:38 | INFO | __main__:run_from_test_suite:309 | 套件描述: 从Excel文件 mixed_test_cases.xlsx 解析生成
2025-08-10 13:52:38 | INFO | __main__:run_from_test_suite:310 | 总用例数: 7
2025-08-10 13:52:38 | INFO | __main__:run_from_test_suite:332 | 执行用例 [1/7]: 获取用户信息
2025-08-10 13:52:38 | INFO | __main__:run_from_test_suite:333 | 用例描述: 
2025-08-10 13:52:38 | INFO | __main__:run_from_test_suite:334 | 用例标签: ['api', 'user', 'positive', 'api_tests']
2025-08-10 13:52:38 | INFO | __main__:run_from_test_suite:335 | 用例来源: excel
2025-08-10 13:52:38 | INFO | __main__:_execute_api_test_case:399 | 执行API测试: 获取用户信息
2025-08-10 13:52:38 | INFO | __main__:_execute_api_test_case:407 |   请求方法: GET
2025-08-10 13:52:38 | INFO | __main__:_execute_api_test_case:408 |   请求URL: https://jsonplaceholder.typicode.com/users/1
2025-08-10 13:52:38 | INFO | __main__:_execute_api_test_case:411 |   请求头: {'Accept': 'application/json'}
2025-08-10 13:52:38 | INFO | __main__:_execute_api_test_case:421 |   断言数量: 2
2025-08-10 13:52:38 | INFO | __main__:_execute_api_test_case:423 |     断言1: status_code -> 200
2025-08-10 13:52:38 | INFO | __main__:_execute_api_test_case:423 |     断言2: json_path -> 1
2025-08-10 13:52:38 | INFO | __main__:_execute_api_test_case:427 |   数据提取: 1 项
2025-08-10 13:52:38 | INFO | __main__:_execute_api_test_case:429 |     提取: user_name <- $.name
2025-08-10 13:52:38 | INFO | __main__:_execute_api_test_case:433 |   API测试执行完成
2025-08-10 13:52:38 | INFO | __main__:run_from_test_suite:349 | ✅ 用例执行成功: 获取用户信息
2025-08-10 13:52:38 | INFO | __main__:run_from_test_suite:332 | 执行用例 [2/7]: 创建新文章
2025-08-10 13:52:38 | INFO | __main__:run_from_test_suite:333 | 用例描述: 
2025-08-10 13:52:38 | INFO | __main__:run_from_test_suite:334 | 用例标签: ['api', 'post', 'positive', 'api_tests']
2025-08-10 13:52:38 | INFO | __main__:run_from_test_suite:335 | 用例来源: excel
2025-08-10 13:52:38 | INFO | __main__:_execute_api_test_case:399 | 执行API测试: 创建新文章
2025-08-10 13:52:38 | INFO | __main__:_execute_api_test_case:407 |   请求方法: POST
2025-08-10 13:52:38 | INFO | __main__:_execute_api_test_case:408 |   请求URL: https://jsonplaceholder.typicode.com/posts
2025-08-10 13:52:38 | INFO | __main__:_execute_api_test_case:411 |   请求头: {'Content-Type': 'application/json'}
2025-08-10 13:52:38 | INFO | __main__:_execute_api_test_case:414 |   请求数据: {'title': '测试文章', 'body': '测试内容', 'userId': 1}
2025-08-10 13:52:38 | INFO | __main__:_execute_api_test_case:421 |   断言数量: 2
2025-08-10 13:52:38 | INFO | __main__:_execute_api_test_case:423 |     断言1: status_code -> 201
2025-08-10 13:52:38 | INFO | __main__:_execute_api_test_case:423 |     断言2: json_path -> 测试文章
2025-08-10 13:52:38 | INFO | __main__:_execute_api_test_case:427 |   数据提取: 1 项
2025-08-10 13:52:38 | INFO | __main__:_execute_api_test_case:429 |     提取: new_post_id <- $.id
2025-08-10 13:52:38 | INFO | __main__:_execute_api_test_case:433 |   API测试执行完成
2025-08-10 13:52:38 | INFO | __main__:run_from_test_suite:349 | ✅ 用例执行成功: 创建新文章
2025-08-10 13:52:38 | INFO | __main__:run_from_test_suite:332 | 执行用例 [3/7]: 健康检查接口
2025-08-10 13:52:38 | INFO | __main__:run_from_test_suite:333 | 用例描述: 
2025-08-10 13:52:38 | INFO | __main__:run_from_test_suite:334 | 用例标签: ['api', 'health', 'smoke', 'api_tests']
2025-08-10 13:52:38 | INFO | __main__:run_from_test_suite:335 | 用例来源: excel
2025-08-10 13:52:38 | INFO | __main__:_execute_api_test_case:399 | 执行API测试: 健康检查接口
2025-08-10 13:52:38 | INFO | __main__:_execute_api_test_case:407 |   请求方法: GET
2025-08-10 13:52:38 | INFO | __main__:_execute_api_test_case:408 |   请求URL: https://httpbin.org/status/200
2025-08-10 13:52:38 | INFO | __main__:_execute_api_test_case:421 |   断言数量: 1
2025-08-10 13:52:38 | INFO | __main__:_execute_api_test_case:423 |     断言1: status_code -> 200
2025-08-10 13:52:38 | INFO | __main__:_execute_api_test_case:433 |   API测试执行完成
2025-08-10 13:52:38 | INFO | __main__:run_from_test_suite:349 | ✅ 用例执行成功: 健康检查接口
2025-08-10 13:52:38 | INFO | __main__:run_from_test_suite:332 | 执行用例 [4/7]: 访问示例页面
2025-08-10 13:52:38 | INFO | __main__:run_from_test_suite:333 | 用例描述: 
2025-08-10 13:52:38 | INFO | __main__:run_from_test_suite:334 | 用例标签: ['web', 'navigation', 'smoke', 'web_tests']
2025-08-10 13:52:38 | INFO | __main__:run_from_test_suite:335 | 用例来源: excel
2025-08-10 13:52:38 | INFO | __main__:_execute_web_test_case:450 | 执行Web测试: 访问示例页面
2025-08-10 13:52:38 | WARNING | __main__:_execute_web_test_case:453 | Web测试用例缺少步骤信息
2025-08-10 13:52:38 | ERROR | __main__:run_from_test_suite:351 | ❌ 用例执行失败: 访问示例页面
2025-08-10 13:52:38 | INFO | __main__:run_from_test_suite:332 | 执行用例 [5/7]: 页面标题检查
2025-08-10 13:52:38 | INFO | __main__:run_from_test_suite:333 | 用例描述: 
2025-08-10 13:52:38 | INFO | __main__:run_from_test_suite:334 | 用例标签: ['web', 'validation', 'positive', 'web_tests']
2025-08-10 13:52:38 | INFO | __main__:run_from_test_suite:335 | 用例来源: excel
2025-08-10 13:52:38 | INFO | __main__:_execute_web_test_case:450 | 执行Web测试: 页面标题检查
2025-08-10 13:52:38 | WARNING | __main__:_execute_web_test_case:453 | Web测试用例缺少步骤信息
2025-08-10 13:52:38 | ERROR | __main__:run_from_test_suite:351 | ❌ 用例执行失败: 页面标题检查
2025-08-10 13:52:38 | INFO | __main__:run_from_test_suite:332 | 执行用例 [6/7]: 表单测试页面
2025-08-10 13:52:38 | INFO | __main__:run_from_test_suite:333 | 用例描述: 
2025-08-10 13:52:38 | INFO | __main__:run_from_test_suite:334 | 用例标签: ['web', 'form', 'smoke', 'web_tests']
2025-08-10 13:52:38 | INFO | __main__:run_from_test_suite:335 | 用例来源: excel
2025-08-10 13:52:38 | INFO | __main__:_execute_web_test_case:450 | 执行Web测试: 表单测试页面
2025-08-10 13:52:38 | WARNING | __main__:_execute_web_test_case:453 | Web测试用例缺少步骤信息
2025-08-10 13:52:38 | ERROR | __main__:run_from_test_suite:351 | ❌ 用例执行失败: 表单测试页面
2025-08-10 13:52:38 | INFO | __main__:run_from_test_suite:332 | 执行用例 [7/7]: 填写用户名
2025-08-10 13:52:38 | INFO | __main__:run_from_test_suite:333 | 用例描述: 
2025-08-10 13:52:38 | INFO | __main__:run_from_test_suite:334 | 用例标签: ['web', 'form', 'input', 'web_tests']
2025-08-10 13:52:38 | INFO | __main__:run_from_test_suite:335 | 用例来源: excel
2025-08-10 13:52:38 | INFO | __main__:_execute_web_test_case:450 | 执行Web测试: 填写用户名
2025-08-10 13:52:38 | WARNING | __main__:_execute_web_test_case:453 | Web测试用例缺少步骤信息
2025-08-10 13:52:38 | ERROR | __main__:run_from_test_suite:351 | ❌ 用例执行失败: 填写用户名
2025-08-10 13:52:38 | INFO | __main__:run_from_test_suite:358 | 测试套件执行完成: 成功 3/7
2025-08-10 13:52:38 | ERROR | __main__:run_excel_tests:56 | ❌ Excel测试执行失败: 3/7
2025-08-10 13:53:08 | INFO | __main__:run_excel_tests:34 | 开始执行Excel测试: data\examples\excel\mixed_test_cases.xlsx
2025-08-10 13:53:08 | INFO | utils.config_parser:load_config:24 | 加载配置文件成功: E:\code_project\cc_p\auto_case\config\config.yaml
2025-08-10 13:53:08 | INFO | utils.config_parser:load_env_config:48 | 加载环境配置成功: dev
2025-08-10 13:53:08 | INFO | utils.excel_test_runner:parse_excel_file:45 | 解析Excel模块: api_tests
2025-08-10 13:53:08 | DEBUG | utils.excel_test_runner:parse_sheet:89 | Sheet api_tests 表头: ['case_name', 'test_type', 'method', 'url', 'headers', 'data', 'assertions', 'extract', 'tags', 'enabled']
2025-08-10 13:53:08 | INFO | utils.excel_test_runner:parse_excel_file:56 | 模块 api_tests 解析完成: 3 个用例
2025-08-10 13:53:08 | INFO | utils.excel_test_runner:parse_excel_file:45 | 解析Excel模块: web_tests
2025-08-10 13:53:08 | DEBUG | utils.excel_test_runner:parse_sheet:89 | Sheet web_tests 表头: ['case_name', 'test_type', 'url', 'action', 'locator', 'value', 'assertions', 'tags', 'enabled']
2025-08-10 13:53:08 | INFO | utils.excel_test_runner:parse_excel_file:56 | 模块 web_tests 解析完成: 4 个用例
2025-08-10 13:53:08 | INFO | utils.excel_test_runner:parse_to_test_suite:463 | Excel解析完成: 4 个测试用例
2025-08-10 13:53:08 | INFO | __main__:run_from_test_suite:308 | 开始执行测试套件: Excel测试套件: mixed_test_cases
2025-08-10 13:53:08 | INFO | __main__:run_from_test_suite:309 | 套件描述: 从Excel文件 mixed_test_cases.xlsx 解析生成
2025-08-10 13:53:08 | INFO | __main__:run_from_test_suite:310 | 总用例数: 4
2025-08-10 13:53:08 | INFO | __main__:run_from_test_suite:332 | 执行用例 [1/4]: 访问示例页面
2025-08-10 13:53:08 | INFO | __main__:run_from_test_suite:333 | 用例描述: 
2025-08-10 13:53:08 | INFO | __main__:run_from_test_suite:334 | 用例标签: ['web', 'navigation', 'smoke', 'web_tests']
2025-08-10 13:53:08 | INFO | __main__:run_from_test_suite:335 | 用例来源: excel
2025-08-10 13:53:08 | INFO | __main__:_execute_web_test_case:450 | 执行Web测试: 访问示例页面
2025-08-10 13:53:08 | WARNING | __main__:_execute_web_test_case:453 | Web测试用例缺少步骤信息
2025-08-10 13:53:08 | ERROR | __main__:run_from_test_suite:351 | ❌ 用例执行失败: 访问示例页面
2025-08-10 13:53:08 | INFO | __main__:run_from_test_suite:332 | 执行用例 [2/4]: 页面标题检查
2025-08-10 13:53:08 | INFO | __main__:run_from_test_suite:333 | 用例描述: 
2025-08-10 13:53:08 | INFO | __main__:run_from_test_suite:334 | 用例标签: ['web', 'validation', 'positive', 'web_tests']
2025-08-10 13:53:08 | INFO | __main__:run_from_test_suite:335 | 用例来源: excel
2025-08-10 13:53:08 | INFO | __main__:_execute_web_test_case:450 | 执行Web测试: 页面标题检查
2025-08-10 13:53:08 | WARNING | __main__:_execute_web_test_case:453 | Web测试用例缺少步骤信息
2025-08-10 13:53:08 | ERROR | __main__:run_from_test_suite:351 | ❌ 用例执行失败: 页面标题检查
2025-08-10 13:53:08 | INFO | __main__:run_from_test_suite:332 | 执行用例 [3/4]: 表单测试页面
2025-08-10 13:53:08 | INFO | __main__:run_from_test_suite:333 | 用例描述: 
2025-08-10 13:53:08 | INFO | __main__:run_from_test_suite:334 | 用例标签: ['web', 'form', 'smoke', 'web_tests']
2025-08-10 13:53:08 | INFO | __main__:run_from_test_suite:335 | 用例来源: excel
2025-08-10 13:53:08 | INFO | __main__:_execute_web_test_case:450 | 执行Web测试: 表单测试页面
2025-08-10 13:53:08 | WARNING | __main__:_execute_web_test_case:453 | Web测试用例缺少步骤信息
2025-08-10 13:53:08 | ERROR | __main__:run_from_test_suite:351 | ❌ 用例执行失败: 表单测试页面
2025-08-10 13:53:08 | INFO | __main__:run_from_test_suite:332 | 执行用例 [4/4]: 填写用户名
2025-08-10 13:53:08 | INFO | __main__:run_from_test_suite:333 | 用例描述: 
2025-08-10 13:53:08 | INFO | __main__:run_from_test_suite:334 | 用例标签: ['web', 'form', 'input', 'web_tests']
2025-08-10 13:53:08 | INFO | __main__:run_from_test_suite:335 | 用例来源: excel
2025-08-10 13:53:08 | INFO | __main__:_execute_web_test_case:450 | 执行Web测试: 填写用户名
2025-08-10 13:53:08 | WARNING | __main__:_execute_web_test_case:453 | Web测试用例缺少步骤信息
2025-08-10 13:53:08 | ERROR | __main__:run_from_test_suite:351 | ❌ 用例执行失败: 填写用户名
2025-08-10 13:53:08 | INFO | __main__:run_from_test_suite:358 | 测试套件执行完成: 成功 0/4
2025-08-10 13:53:08 | ERROR | __main__:run_excel_tests:56 | ❌ Excel测试执行失败: 0/4
2025-08-10 13:53:30 | INFO | utils.excel_test_runner:parse_excel_file:45 | 解析Excel模块: api_tests
2025-08-10 13:53:30 | DEBUG | utils.excel_test_runner:parse_sheet:89 | Sheet api_tests 表头: ['case_name', 'test_type', 'method', 'url', 'headers', 'data', 'assertions', 'extract', 'tags', 'enabled']
2025-08-10 13:53:30 | INFO | utils.excel_test_runner:parse_excel_file:56 | 模块 api_tests 解析完成: 3 个用例
2025-08-10 13:53:30 | INFO | utils.excel_test_runner:parse_excel_file:45 | 解析Excel模块: web_tests
2025-08-10 13:53:30 | DEBUG | utils.excel_test_runner:parse_sheet:89 | Sheet web_tests 表头: ['case_name', 'test_type', 'url', 'action', 'locator', 'value', 'assertions', 'tags', 'enabled']
2025-08-10 13:53:30 | INFO | utils.excel_test_runner:parse_excel_file:56 | 模块 web_tests 解析完成: 4 个用例
2025-08-10 13:53:30 | INFO | utils.excel_test_runner:parse_to_test_suite:463 | Excel解析完成: 4 个测试用例
2025-08-10 13:53:30 | INFO | utils.excel_test_runner:parse_excel_file:45 | 解析Excel模块: api_tests
2025-08-10 13:53:30 | DEBUG | utils.excel_test_runner:parse_sheet:89 | Sheet api_tests 表头: ['case_name', 'test_type', 'method', 'url', 'headers', 'data', 'assertions', 'extract', 'tags', 'enabled']
2025-08-10 13:53:30 | INFO | utils.excel_test_runner:parse_excel_file:56 | 模块 api_tests 解析完成: 3 个用例
2025-08-10 13:53:30 | INFO | utils.excel_test_runner:parse_excel_file:45 | 解析Excel模块: web_tests
2025-08-10 13:53:30 | DEBUG | utils.excel_test_runner:parse_sheet:89 | Sheet web_tests 表头: ['case_name', 'test_type', 'url', 'action', 'locator', 'value', 'assertions', 'tags', 'enabled']
2025-08-10 13:53:30 | INFO | utils.excel_test_runner:parse_excel_file:56 | 模块 web_tests 解析完成: 4 个用例
2025-08-10 13:53:59 | INFO | utils.excel_test_runner:parse_excel_file:45 | 解析Excel模块: api_tests
2025-08-10 13:53:59 | DEBUG | utils.excel_test_runner:parse_sheet:89 | Sheet api_tests 表头: ['case_name', 'test_type', 'method', 'url', 'headers', 'data', 'assertions', 'extract', 'tags', 'enabled']
2025-08-10 13:53:59 | INFO | utils.excel_test_runner:parse_excel_file:56 | 模块 api_tests 解析完成: 3 个用例
2025-08-10 13:53:59 | INFO | utils.excel_test_runner:parse_excel_file:45 | 解析Excel模块: web_tests
2025-08-10 13:53:59 | DEBUG | utils.excel_test_runner:parse_sheet:89 | Sheet web_tests 表头: ['case_name', 'test_type', 'url', 'action', 'locator', 'value', 'assertions', 'tags', 'enabled']
2025-08-10 13:53:59 | INFO | utils.excel_test_runner:parse_excel_file:56 | 模块 web_tests 解析完成: 4 个用例
2025-08-10 13:53:59 | INFO | utils.excel_test_runner:parse_to_test_suite:463 | Excel解析完成: 4 个测试用例
2025-08-10 13:53:59 | INFO | utils.excel_test_runner:parse_excel_file:45 | 解析Excel模块: api_tests
2025-08-10 13:53:59 | DEBUG | utils.excel_test_runner:parse_sheet:89 | Sheet api_tests 表头: ['case_name', 'test_type', 'method', 'url', 'headers', 'data', 'assertions', 'extract', 'tags', 'enabled']
2025-08-10 13:53:59 | INFO | utils.excel_test_runner:parse_excel_file:56 | 模块 api_tests 解析完成: 3 个用例
2025-08-10 13:53:59 | INFO | utils.excel_test_runner:parse_excel_file:45 | 解析Excel模块: web_tests
2025-08-10 13:53:59 | DEBUG | utils.excel_test_runner:parse_sheet:89 | Sheet web_tests 表头: ['case_name', 'test_type', 'url', 'action', 'locator', 'value', 'assertions', 'tags', 'enabled']
2025-08-10 13:53:59 | INFO | utils.excel_test_runner:parse_excel_file:56 | 模块 web_tests 解析完成: 4 个用例
2025-08-10 13:54:21 | INFO | __main__:run_excel_tests:34 | 开始执行Excel测试: data\examples\excel\mixed_test_cases.xlsx
2025-08-10 13:54:21 | INFO | utils.config_parser:load_config:24 | 加载配置文件成功: E:\code_project\cc_p\auto_case\config\config.yaml
2025-08-10 13:54:21 | INFO | utils.config_parser:load_env_config:48 | 加载环境配置成功: dev
2025-08-10 13:54:22 | INFO | utils.excel_test_runner:parse_excel_file:45 | 解析Excel模块: api_tests
2025-08-10 13:54:22 | DEBUG | utils.excel_test_runner:parse_sheet:89 | Sheet api_tests 表头: ['case_name', 'test_type', 'method', 'url', 'headers', 'data', 'assertions', 'extract', 'tags', 'enabled']
2025-08-10 13:54:22 | INFO | utils.excel_test_runner:parse_excel_file:56 | 模块 api_tests 解析完成: 3 个用例
2025-08-10 13:54:22 | INFO | utils.excel_test_runner:parse_excel_file:45 | 解析Excel模块: web_tests
2025-08-10 13:54:22 | DEBUG | utils.excel_test_runner:parse_sheet:89 | Sheet web_tests 表头: ['case_name', 'test_type', 'url', 'action', 'locator', 'value', 'assertions', 'tags', 'enabled']
2025-08-10 13:54:22 | INFO | utils.excel_test_runner:parse_excel_file:56 | 模块 web_tests 解析完成: 4 个用例
2025-08-10 13:54:22 | INFO | utils.excel_test_runner:parse_to_test_suite:463 | Excel解析完成: 7 个测试用例
2025-08-10 13:54:22 | INFO | __main__:run_from_test_suite:308 | 开始执行测试套件: Excel测试套件: mixed_test_cases
2025-08-10 13:54:22 | INFO | __main__:run_from_test_suite:309 | 套件描述: 从Excel文件 mixed_test_cases.xlsx 解析生成
2025-08-10 13:54:22 | INFO | __main__:run_from_test_suite:310 | 总用例数: 7
2025-08-10 13:54:22 | INFO | __main__:run_from_test_suite:332 | 执行用例 [1/7]: 获取用户信息
2025-08-10 13:54:22 | INFO | __main__:run_from_test_suite:333 | 用例描述: 
2025-08-10 13:54:22 | INFO | __main__:run_from_test_suite:334 | 用例标签: ['api', 'user', 'positive', 'api_tests']
2025-08-10 13:54:22 | INFO | __main__:run_from_test_suite:335 | 用例来源: excel
2025-08-10 13:54:22 | INFO | __main__:_execute_api_test_case:399 | 执行API测试: 获取用户信息
2025-08-10 13:54:22 | INFO | __main__:_execute_api_test_case:407 |   请求方法: GET
2025-08-10 13:54:22 | INFO | __main__:_execute_api_test_case:408 |   请求URL: https://jsonplaceholder.typicode.com/users/1
2025-08-10 13:54:22 | INFO | __main__:_execute_api_test_case:411 |   请求头: {'Accept': 'application/json'}
2025-08-10 13:54:22 | INFO | __main__:_execute_api_test_case:421 |   断言数量: 2
2025-08-10 13:54:22 | INFO | __main__:_execute_api_test_case:423 |     断言1: status_code -> 200
2025-08-10 13:54:22 | INFO | __main__:_execute_api_test_case:423 |     断言2: json_path -> 1
2025-08-10 13:54:22 | INFO | __main__:_execute_api_test_case:427 |   数据提取: 1 项
2025-08-10 13:54:22 | INFO | __main__:_execute_api_test_case:429 |     提取: user_name <- $.name
2025-08-10 13:54:22 | INFO | __main__:_execute_api_test_case:433 |   API测试执行完成
2025-08-10 13:54:22 | INFO | __main__:run_from_test_suite:349 | ✅ 用例执行成功: 获取用户信息
2025-08-10 13:54:22 | INFO | __main__:run_from_test_suite:332 | 执行用例 [2/7]: 创建新文章
2025-08-10 13:54:22 | INFO | __main__:run_from_test_suite:333 | 用例描述: 
2025-08-10 13:54:22 | INFO | __main__:run_from_test_suite:334 | 用例标签: ['api', 'post', 'positive', 'api_tests']
2025-08-10 13:54:22 | INFO | __main__:run_from_test_suite:335 | 用例来源: excel
2025-08-10 13:54:22 | INFO | __main__:_execute_api_test_case:399 | 执行API测试: 创建新文章
2025-08-10 13:54:22 | INFO | __main__:_execute_api_test_case:407 |   请求方法: POST
2025-08-10 13:54:22 | INFO | __main__:_execute_api_test_case:408 |   请求URL: https://jsonplaceholder.typicode.com/posts
2025-08-10 13:54:22 | INFO | __main__:_execute_api_test_case:411 |   请求头: {'Content-Type': 'application/json'}
2025-08-10 13:54:22 | INFO | __main__:_execute_api_test_case:414 |   请求数据: {'title': '测试文章', 'body': '测试内容', 'userId': 1}
2025-08-10 13:54:22 | INFO | __main__:_execute_api_test_case:421 |   断言数量: 2
2025-08-10 13:54:22 | INFO | __main__:_execute_api_test_case:423 |     断言1: status_code -> 201
2025-08-10 13:54:22 | INFO | __main__:_execute_api_test_case:423 |     断言2: json_path -> 测试文章
2025-08-10 13:54:22 | INFO | __main__:_execute_api_test_case:427 |   数据提取: 1 项
2025-08-10 13:54:22 | INFO | __main__:_execute_api_test_case:429 |     提取: new_post_id <- $.id
2025-08-10 13:54:22 | INFO | __main__:_execute_api_test_case:433 |   API测试执行完成
2025-08-10 13:54:22 | INFO | __main__:run_from_test_suite:349 | ✅ 用例执行成功: 创建新文章
2025-08-10 13:54:22 | INFO | __main__:run_from_test_suite:332 | 执行用例 [3/7]: 健康检查接口
2025-08-10 13:54:22 | INFO | __main__:run_from_test_suite:333 | 用例描述: 
2025-08-10 13:54:22 | INFO | __main__:run_from_test_suite:334 | 用例标签: ['api', 'health', 'smoke', 'api_tests']
2025-08-10 13:54:22 | INFO | __main__:run_from_test_suite:335 | 用例来源: excel
2025-08-10 13:54:22 | INFO | __main__:_execute_api_test_case:399 | 执行API测试: 健康检查接口
2025-08-10 13:54:22 | INFO | __main__:_execute_api_test_case:407 |   请求方法: GET
2025-08-10 13:54:22 | INFO | __main__:_execute_api_test_case:408 |   请求URL: https://httpbin.org/status/200
2025-08-10 13:54:22 | INFO | __main__:_execute_api_test_case:421 |   断言数量: 1
2025-08-10 13:54:22 | INFO | __main__:_execute_api_test_case:423 |     断言1: status_code -> 200
2025-08-10 13:54:22 | INFO | __main__:_execute_api_test_case:433 |   API测试执行完成
2025-08-10 13:54:22 | INFO | __main__:run_from_test_suite:349 | ✅ 用例执行成功: 健康检查接口
2025-08-10 13:54:22 | INFO | __main__:run_from_test_suite:332 | 执行用例 [4/7]: 访问示例页面
2025-08-10 13:54:22 | INFO | __main__:run_from_test_suite:333 | 用例描述: 
2025-08-10 13:54:22 | INFO | __main__:run_from_test_suite:334 | 用例标签: ['web', 'navigation', 'smoke', 'web_tests']
2025-08-10 13:54:22 | INFO | __main__:run_from_test_suite:335 | 用例来源: excel
2025-08-10 13:54:22 | INFO | __main__:_execute_web_test_case:450 | 执行Web测试: 访问示例页面
2025-08-10 13:54:22 | INFO | __main__:_execute_web_test_case:458 |   测试步骤数量: 1
2025-08-10 13:54:22 | INFO | __main__:_execute_web_test_case:461 |   步骤1: navigate
2025-08-10 13:54:22 | INFO | __main__:_execute_web_test_case:466 |     url: https://example.com
2025-08-10 13:54:22 | INFO | __main__:_execute_web_test_case:473 |   断言数量: 2
2025-08-10 13:54:22 | INFO | __main__:_execute_web_test_case:475 |     断言1: url_contains
2025-08-10 13:54:22 | INFO | __main__:_execute_web_test_case:479 |       期望值: example.com
2025-08-10 13:54:22 | INFO | __main__:_execute_web_test_case:475 |     断言2: element_visible
2025-08-10 13:54:22 | INFO | __main__:_execute_web_test_case:477 |       定位器: h1
2025-08-10 13:54:22 | INFO | __main__:_execute_web_test_case:483 |   Web测试执行完成
2025-08-10 13:54:22 | INFO | __main__:run_from_test_suite:349 | ✅ 用例执行成功: 访问示例页面
2025-08-10 13:54:22 | INFO | __main__:run_from_test_suite:332 | 执行用例 [5/7]: 页面标题检查
2025-08-10 13:54:22 | INFO | __main__:run_from_test_suite:333 | 用例描述: 
2025-08-10 13:54:22 | INFO | __main__:run_from_test_suite:334 | 用例标签: ['web', 'validation', 'positive', 'web_tests']
2025-08-10 13:54:22 | INFO | __main__:run_from_test_suite:335 | 用例来源: excel
2025-08-10 13:54:22 | INFO | __main__:_execute_web_test_case:450 | 执行Web测试: 页面标题检查
2025-08-10 13:54:22 | INFO | __main__:_execute_web_test_case:458 |   测试步骤数量: 1
2025-08-10 13:54:22 | INFO | __main__:_execute_web_test_case:461 |   步骤1: navigate
2025-08-10 13:54:22 | INFO | __main__:_execute_web_test_case:466 |     url: https://example.com
2025-08-10 13:54:22 | INFO | __main__:_execute_web_test_case:473 |   断言数量: 1
2025-08-10 13:54:22 | INFO | __main__:_execute_web_test_case:475 |     断言1: element_text
2025-08-10 13:54:22 | INFO | __main__:_execute_web_test_case:477 |       定位器: h1
2025-08-10 13:54:22 | INFO | __main__:_execute_web_test_case:479 |       期望值: Example Domain
2025-08-10 13:54:22 | INFO | __main__:_execute_web_test_case:483 |   Web测试执行完成
2025-08-10 13:54:22 | INFO | __main__:run_from_test_suite:349 | ✅ 用例执行成功: 页面标题检查
2025-08-10 13:54:22 | INFO | __main__:run_from_test_suite:332 | 执行用例 [6/7]: 表单测试页面
2025-08-10 13:54:22 | INFO | __main__:run_from_test_suite:333 | 用例描述: 
2025-08-10 13:54:22 | INFO | __main__:run_from_test_suite:334 | 用例标签: ['web', 'form', 'smoke', 'web_tests']
2025-08-10 13:54:22 | INFO | __main__:run_from_test_suite:335 | 用例来源: excel
2025-08-10 13:54:22 | INFO | __main__:_execute_web_test_case:450 | 执行Web测试: 表单测试页面
2025-08-10 13:54:22 | INFO | __main__:_execute_web_test_case:458 |   测试步骤数量: 1
2025-08-10 13:54:22 | INFO | __main__:_execute_web_test_case:461 |   步骤1: navigate
2025-08-10 13:54:22 | INFO | __main__:_execute_web_test_case:466 |     url: https://httpbin.org/forms/post
2025-08-10 13:54:22 | INFO | __main__:_execute_web_test_case:473 |   断言数量: 1
2025-08-10 13:54:22 | INFO | __main__:_execute_web_test_case:475 |     断言1: element_visible
2025-08-10 13:54:22 | INFO | __main__:_execute_web_test_case:477 |       定位器: form
2025-08-10 13:54:22 | INFO | __main__:_execute_web_test_case:483 |   Web测试执行完成
2025-08-10 13:54:22 | INFO | __main__:run_from_test_suite:349 | ✅ 用例执行成功: 表单测试页面
2025-08-10 13:54:22 | INFO | __main__:run_from_test_suite:332 | 执行用例 [7/7]: 填写用户名
2025-08-10 13:54:22 | INFO | __main__:run_from_test_suite:333 | 用例描述: 
2025-08-10 13:54:22 | INFO | __main__:run_from_test_suite:334 | 用例标签: ['web', 'form', 'input', 'web_tests']
2025-08-10 13:54:22 | INFO | __main__:run_from_test_suite:335 | 用例来源: excel
2025-08-10 13:54:22 | INFO | __main__:_execute_web_test_case:450 | 执行Web测试: 填写用户名
2025-08-10 13:54:22 | INFO | __main__:_execute_web_test_case:458 |   测试步骤数量: 1
2025-08-10 13:54:22 | INFO | __main__:_execute_web_test_case:461 |   步骤1: input
2025-08-10 13:54:22 | INFO | __main__:_execute_web_test_case:466 |     locator: input[name='custname']
2025-08-10 13:54:22 | INFO | __main__:_execute_web_test_case:466 |     value: 测试用户
2025-08-10 13:54:22 | INFO | __main__:_execute_web_test_case:473 |   断言数量: 1
2025-08-10 13:54:22 | INFO | __main__:_execute_web_test_case:475 |     断言1: element_value
2025-08-10 13:54:22 | INFO | __main__:_execute_web_test_case:477 |       定位器: input[name='custname']
2025-08-10 13:54:22 | INFO | __main__:_execute_web_test_case:479 |       期望值: 测试用户
2025-08-10 13:54:22 | INFO | __main__:_execute_web_test_case:483 |   Web测试执行完成
2025-08-10 13:54:22 | INFO | __main__:run_from_test_suite:349 | ✅ 用例执行成功: 填写用户名
2025-08-10 13:54:22 | INFO | __main__:run_from_test_suite:358 | 测试套件执行完成: 成功 7/7
2025-08-10 13:54:22 | INFO | __main__:run_excel_tests:54 | 🎉 Excel测试执行成功: 7/7
2025-08-10 13:54:28 | INFO | utils.excel_test_runner:parse_excel_file:45 | 解析Excel模块: api_tests
2025-08-10 13:54:28 | DEBUG | utils.excel_test_runner:parse_sheet:89 | Sheet api_tests 表头: ['case_name', 'test_type', 'method', 'url', 'headers', 'data', 'assertions', 'extract', 'tags', 'enabled']
2025-08-10 13:54:28 | INFO | utils.excel_test_runner:parse_excel_file:56 | 模块 api_tests 解析完成: 3 个用例
2025-08-10 13:54:28 | INFO | utils.excel_test_runner:parse_excel_file:45 | 解析Excel模块: web_tests
2025-08-10 13:54:28 | DEBUG | utils.excel_test_runner:parse_sheet:89 | Sheet web_tests 表头: ['case_name', 'test_type', 'url', 'action', 'locator', 'value', 'assertions', 'tags', 'enabled']
2025-08-10 13:54:28 | INFO | utils.excel_test_runner:parse_excel_file:56 | 模块 web_tests 解析完成: 4 个用例
2025-08-10 13:54:28 | INFO | utils.excel_test_runner:parse_to_test_suite:463 | Excel解析完成: 7 个测试用例
2025-08-10 13:54:28 | INFO | utils.config_parser:load_config:24 | 加载配置文件成功: E:\code_project\cc_p\auto_case\config\config.yaml
2025-08-10 13:54:28 | INFO | utils.config_parser:load_env_config:48 | 加载环境配置成功: dev
2025-08-10 13:54:28 | INFO | main:_execute_api_test_case:399 | 执行API测试: API路由测试
2025-08-10 13:54:28 | INFO | main:_execute_api_test_case:407 |   请求方法: GET
2025-08-10 13:54:28 | INFO | main:_execute_api_test_case:408 |   请求URL: https://jsonplaceholder.typicode.com/users/1
2025-08-10 13:54:28 | INFO | main:_execute_api_test_case:433 |   API测试执行完成
2025-08-10 13:54:28 | INFO | main:_execute_web_test_case:450 | 执行Web测试: Web路由测试
2025-08-10 13:54:28 | INFO | main:_execute_web_test_case:458 |   测试步骤数量: 1
2025-08-10 13:54:28 | INFO | main:_execute_web_test_case:461 |   步骤1: navigate
2025-08-10 13:54:28 | INFO | main:_execute_web_test_case:466 |     url: https://example.com
2025-08-10 13:54:28 | INFO | main:_execute_web_test_case:483 |   Web测试执行完成
2025-08-10 14:15:14 | INFO | utils.config_parser:load_config:24 | 加载配置文件成功: E:\code_project\cc_p\auto_case\config\config.yaml
2025-08-10 14:15:14 | INFO | utils.config_parser:load_env_config:48 | 加载环境配置成功: dev
2025-08-10 14:15:14 | INFO | utils.file_helper:clean_directory:641 | 清理目录成功: screenshots
2025-08-10 14:15:14 | INFO | test_case.conftest:pytest_configure:27 | 已清空截图目录: screenshots
2025-08-10 14:15:14 | INFO | test_case.conftest:pytest_sessionstart:72 | ============================================================
2025-08-10 14:15:14 | INFO | test_case.conftest:pytest_sessionstart:73 | 测试会话开始
2025-08-10 14:15:14 | INFO | test_case.conftest:pytest_sessionstart:74 | ============================================================
2025-08-10 14:15:15 | DEBUG | core.base.keywords_base:__init__:11 | 初始化关键字类: APIKeywords
2025-08-10 14:15:15 | INFO | utils.config_parser:load_env_config:48 | 加载环境配置成功: dev
2025-08-10 14:15:15 | INFO | core.api.client:__init__:68 | API客户端初始化完成: https://dev-api.example.com
2025-08-10 14:15:15 | INFO | test_case.conftest:pytest_sessionfinish:79 | ============================================================
2025-08-10 14:15:15 | INFO | test_case.conftest:pytest_sessionfinish:80 | 测试会话结束，退出状态: 0
2025-08-10 14:15:15 | INFO | test_case.conftest:pytest_sessionfinish:81 | ============================================================
2025-08-10 14:15:15 | INFO | test_case.conftest:pytest_sessionfinish:137 | 测试结果统计: 总计=0, 通过=0, 失败=0, 错误=0, 跳过=0, 通过率=0%
2025-08-10 14:15:15 | DEBUG | utils.notify_helper:send_test_result_notification:30 | 通知功能未启用
2025-08-10 14:15:20 | INFO | utils.config_parser:load_config:24 | 加载配置文件成功: E:\code_project\cc_p\auto_case\config\config.yaml
2025-08-10 14:15:20 | INFO | utils.config_parser:load_env_config:48 | 加载环境配置成功: dev
2025-08-10 14:15:58 | INFO | utils.config_parser:load_config:24 | 加载配置文件成功: E:\code_project\cc_p\auto_case\config\config.yaml
2025-08-10 14:15:58 | INFO | utils.config_parser:load_env_config:48 | 加载环境配置成功: dev
2025-08-10 14:15:58 | INFO | utils.file_helper:clean_directory:641 | 清理目录成功: screenshots\web
2025-08-10 14:15:58 | INFO | test_case.web.conftest:pytest_configure:54 | 已清空Web测试截图目录: screenshots/web
2025-08-10 14:15:58 | INFO | utils.file_helper:clean_directory:641 | 清理目录成功: screenshots
2025-08-10 14:15:58 | INFO | test_case.conftest:pytest_configure:27 | 已清空截图目录: screenshots
2025-08-10 14:15:58 | INFO | test_case.conftest:pytest_sessionstart:72 | ============================================================
2025-08-10 14:15:58 | INFO | test_case.conftest:pytest_sessionstart:73 | 测试会话开始
2025-08-10 14:15:58 | INFO | test_case.conftest:pytest_sessionstart:74 | ============================================================
2025-08-10 14:15:58 | DEBUG | core.base.keywords_base:__init__:11 | 初始化关键字类: WebKeywords
2025-08-10 14:15:58 | INFO | test_case.conftest:pytest_sessionfinish:79 | ============================================================
2025-08-10 14:15:58 | INFO | test_case.conftest:pytest_sessionfinish:80 | 测试会话结束，退出状态: 0
2025-08-10 14:15:58 | INFO | test_case.conftest:pytest_sessionfinish:81 | ============================================================
2025-08-10 14:15:58 | INFO | test_case.conftest:pytest_sessionfinish:137 | 测试结果统计: 总计=0, 通过=0, 失败=0, 错误=0, 跳过=0, 通过率=0%
2025-08-10 14:15:58 | DEBUG | utils.notify_helper:send_test_result_notification:30 | 通知功能未启用
2025-08-10 14:16:05 | INFO | utils.config_parser:load_config:24 | 加载配置文件成功: E:\code_project\cc_p\auto_case\config\config.yaml
2025-08-10 14:16:05 | INFO | utils.config_parser:load_env_config:48 | 加载环境配置成功: dev
2025-08-10 14:16:05 | INFO | utils.file_helper:clean_directory:641 | 清理目录成功: screenshots
2025-08-10 14:16:05 | INFO | test_case.conftest:pytest_configure:27 | 已清空截图目录: screenshots
2025-08-10 14:16:05 | INFO | test_case.conftest:pytest_sessionstart:72 | ============================================================
2025-08-10 14:16:05 | INFO | test_case.conftest:pytest_sessionstart:73 | 测试会话开始
2025-08-10 14:16:05 | INFO | test_case.conftest:pytest_sessionstart:74 | ============================================================
2025-08-10 14:16:05 | INFO | utils.file_helper:clean_directory:641 | 清理目录成功: screenshots\web
2025-08-10 14:16:05 | INFO | test_case.web.conftest:pytest_configure:54 | 已清空Web测试截图目录: screenshots/web
2025-08-10 14:16:05 | DEBUG | core.base.keywords_base:__init__:11 | 初始化关键字类: APIKeywords
2025-08-10 14:16:05 | INFO | utils.config_parser:load_env_config:48 | 加载环境配置成功: dev
2025-08-10 14:16:05 | INFO | core.api.client:__init__:68 | API客户端初始化完成: https://dev-api.example.com
2025-08-10 14:16:05 | DEBUG | core.base.keywords_base:__init__:11 | 初始化关键字类: WebKeywords
2025-08-10 14:16:05 | INFO | test_case.conftest:pytest_sessionfinish:79 | ============================================================
2025-08-10 14:16:05 | INFO | test_case.conftest:pytest_sessionfinish:80 | 测试会话结束，退出状态: 0
2025-08-10 14:16:05 | INFO | test_case.conftest:pytest_sessionfinish:81 | ============================================================
2025-08-10 14:16:05 | INFO | test_case.conftest:pytest_sessionfinish:137 | 测试结果统计: 总计=0, 通过=0, 失败=0, 错误=0, 跳过=0, 通过率=0%
2025-08-10 14:16:05 | DEBUG | utils.notify_helper:send_test_result_notification:30 | 通知功能未启用
2025-08-10 14:18:18 | INFO | utils.config_parser:load_config:24 | 加载配置文件成功: E:\code_project\cc_p\auto_case\config\config.yaml
2025-08-10 14:18:18 | INFO | utils.config_parser:load_env_config:48 | 加载环境配置成功: dev
2025-08-10 14:18:18 | INFO | utils.file_helper:clean_directory:641 | 清理目录成功: screenshots
2025-08-10 14:18:18 | INFO | test_case.conftest:pytest_configure:41 | 已清空截图目录: screenshots
2025-08-10 14:18:18 | INFO | test_case.conftest:pytest_sessionstart:86 | ============================================================
2025-08-10 14:18:18 | INFO | test_case.conftest:pytest_sessionstart:87 | 测试会话开始
2025-08-10 14:18:18 | INFO | test_case.conftest:pytest_sessionstart:88 | ============================================================
2025-08-10 14:18:18 | DEBUG | core.base.keywords_base:__init__:11 | 初始化关键字类: APIKeywords
2025-08-10 14:18:18 | INFO | utils.config_parser:load_env_config:48 | 加载环境配置成功: dev
2025-08-10 14:18:18 | INFO | core.api.client:__init__:68 | API客户端初始化完成: https://dev-api.example.com
2025-08-10 14:18:18 | INFO | test_case.conftest:pytest_sessionfinish:93 | ============================================================
2025-08-10 14:18:18 | INFO | test_case.conftest:pytest_sessionfinish:94 | 测试会话结束，退出状态: 0
2025-08-10 14:18:18 | INFO | test_case.conftest:pytest_sessionfinish:95 | ============================================================
2025-08-10 14:18:18 | INFO | test_case.conftest:pytest_sessionfinish:151 | 测试结果统计: 总计=0, 通过=0, 失败=0, 错误=0, 跳过=0, 通过率=0%
2025-08-10 14:18:18 | DEBUG | utils.notify_helper:send_test_result_notification:30 | 通知功能未启用
2025-08-10 14:18:28 | INFO | utils.config_parser:load_config:24 | 加载配置文件成功: E:\code_project\cc_p\auto_case\config\config.yaml
2025-08-10 14:18:28 | INFO | utils.config_parser:load_env_config:48 | 加载环境配置成功: dev
2025-08-10 14:18:28 | INFO | utils.file_helper:clean_directory:641 | 清理目录成功: screenshots\web
2025-08-10 14:18:28 | INFO | test_case.web.conftest:pytest_configure:66 | 已清空Web测试截图目录: screenshots/web
2025-08-10 14:18:28 | INFO | utils.file_helper:clean_directory:641 | 清理目录成功: screenshots
2025-08-10 14:18:28 | INFO | test_case.conftest:pytest_configure:41 | 已清空截图目录: screenshots
2025-08-10 14:18:28 | INFO | test_case.conftest:pytest_sessionstart:86 | ============================================================
2025-08-10 14:18:28 | INFO | test_case.conftest:pytest_sessionstart:87 | 测试会话开始
2025-08-10 14:18:28 | INFO | test_case.conftest:pytest_sessionstart:88 | ============================================================
2025-08-10 14:18:28 | DEBUG | core.base.keywords_base:__init__:11 | 初始化关键字类: WebKeywords
2025-08-10 14:18:28 | INFO | test_case.conftest:pytest_sessionfinish:93 | ============================================================
2025-08-10 14:18:28 | INFO | test_case.conftest:pytest_sessionfinish:94 | 测试会话结束，退出状态: 0
2025-08-10 14:18:28 | INFO | test_case.conftest:pytest_sessionfinish:95 | ============================================================
2025-08-10 14:18:28 | INFO | test_case.conftest:pytest_sessionfinish:151 | 测试结果统计: 总计=0, 通过=0, 失败=0, 错误=0, 跳过=0, 通过率=0%
2025-08-10 14:18:28 | DEBUG | utils.notify_helper:send_test_result_notification:30 | 通知功能未启用
